#
# There is insufficient memory for the Java Runtime Environment to continue.
# Native memory allocation (malloc) failed to allocate 1247376 bytes for Chunk::new
# Possible reasons:
#   The system is out of physical RAM or swap space
#   The process is running with CompressedOops enabled, and the Java Heap may be blocking the growth of the native heap
# Possible solutions:
#   Reduce memory load on the system
#   Increase physical memory or swap space
#   Check if swap backing store is full
#   Decrease Java heap size (-Xmx/-Xms)
#   Decrease number of Java threads
#   Decrease Java thread stack sizes (-Xss)
#   Set larger code cache with -XX:ReservedCodeCacheSize=
#   JVM is running with Unscaled Compressed Oops mode in which the Java heap is
#     placed in the first 4GB address space. The Java Heap base address is the
#     maximum limit for the native heap growth. Please use -XX:HeapBaseMinAddress
#     to set the Java Heap base and to place the Java Heap above 4GB virtual address.
# This output file may be truncated or incomplete.
#
#  Out of Memory Error (allocation.cpp:389), pid=1276, tid=0x00000000000018d4
#
# JRE version: OpenJDK Runtime Environment (8.0_242-b01) (build 1.8.0_242-release-1644-b01)
# Java VM: OpenJDK 64-Bit Server VM (25.242-b01 mixed mode windows-amd64 compressed oops)
# Failed to write core dump. Minidumps are not enabled by default on client versions of Windows
#

---------------  T H R E A D  ---------------

Current thread (0x00000000173bd000):  JavaThread "C2 CompilerThread1" daemon [_thread_in_native, id=6356, stack(0x0000000018b10000,0x0000000018c10000)]

Stack: [0x0000000018b10000,0x0000000018c10000]
[error occurred during error reporting (printing stack bounds), id 0xc0000005]

Native frames: (J=compiled Java code, j=interpreted, Vv=VM code, C=native code)


Current CompileTask:
C2:  77811 14633       4       com.android.tools.r8.ir.optimize.l::a (704 bytes)


---------------  P R O C E S S  ---------------

Java Threads: ( => current thread )
  0x000000002060f800 JavaThread "WorkerExecutor Queue" [_thread_blocked, id=15976, stack(0x000000002bd20000,0x000000002be20000)]
  0x0000000020606800 JavaThread "Cache worker for execution history cache (D:\Projects\AndroidProjects\Fyp\.gradle\6.5\executionHistory)" [_thread_blocked, id=7820, stack(0x00000000295a0000,0x00000000296a0000)]
  0x000000002060d000 JavaThread "Execution worker for ':' Thread 3" [_thread_blocked, id=4508, stack(0x0000000029d60000,0x0000000029e60000)]
  0x0000000020608000 JavaThread "Execution worker for ':' Thread 2" [_thread_blocked, id=12468, stack(0x0000000029c60000,0x0000000029d60000)]
  0x000000002060a000 JavaThread "Execution worker for ':'" [_thread_blocked, id=14308, stack(0x0000000029b60000,0x0000000029c60000)]
  0x0000000020607000 JavaThread "Cache worker for file content cache (D:\Projects\AndroidProjects\Fyp\.gradle\6.5\fileContent)" [_thread_blocked, id=11568, stack(0x00000000288a0000,0x00000000289a0000)]
  0x000000001defd800 JavaThread "Memory manager" [_thread_blocked, id=10288, stack(0x0000000028370000,0x0000000028470000)]
  0x000000001defd000 JavaThread "Cache worker for Build Output Cleanup Cache (D:\Projects\AndroidProjects\Fyp\.gradle\buildOutputCleanup)" [_thread_blocked, id=9812, stack(0x0000000028270000,0x0000000028370000)]
  0x000000001defb800 JavaThread "jar transforms Thread 94" [_thread_blocked, id=15164, stack(0x0000000027f70000,0x0000000028070000)]
  0x000000001defa800 JavaThread "jar transforms Thread 93" [_thread_blocked, id=11604, stack(0x0000000027e70000,0x0000000027f70000)]
  0x000000001defc000 JavaThread "jar transforms Thread 92" [_thread_blocked, id=4880, stack(0x0000000027d70000,0x0000000027e70000)]
  0x000000001defa000 JavaThread "jar transforms Thread 91" [_thread_blocked, id=3904, stack(0x0000000027c70000,0x0000000027d70000)]
  0x000000001def9000 JavaThread "jar transforms Thread 90" [_thread_blocked, id=11052, stack(0x0000000027b70000,0x0000000027c70000)]
  0x000000001defe800 JavaThread "jar transforms Thread 89" [_thread_blocked, id=13120, stack(0x0000000027a70000,0x0000000027b70000)]
  0x000000001deff000 JavaThread "jar transforms Thread 88" [_thread_blocked, id=12864, stack(0x0000000027970000,0x0000000027a70000)]
  0x000000001def1800 JavaThread "jar transforms Thread 87" [_thread_blocked, id=8128, stack(0x0000000027870000,0x0000000027970000)]
  0x000000001def8800 JavaThread "jar transforms Thread 86" [_thread_blocked, id=10820, stack(0x0000000027770000,0x0000000027870000)]
  0x000000001def7800 JavaThread "jar transforms Thread 85" [_thread_blocked, id=14040, stack(0x0000000027670000,0x0000000027770000)]
  0x000000001def4800 JavaThread "jar transforms Thread 84" [_thread_blocked, id=14260, stack(0x0000000027570000,0x0000000027670000)]
  0x000000001def0000 JavaThread "jar transforms Thread 83" [_thread_blocked, id=13404, stack(0x0000000027470000,0x0000000027570000)]
  0x000000001def3000 JavaThread "jar transforms Thread 82" [_thread_blocked, id=15244, stack(0x0000000027370000,0x0000000027470000)]
  0x000000001def2800 JavaThread "jar transforms Thread 81" [_thread_blocked, id=2132, stack(0x0000000027270000,0x0000000027370000)]
  0x000000001def4000 JavaThread "jar transforms Thread 80" [_thread_blocked, id=13480, stack(0x0000000027170000,0x0000000027270000)]
  0x000000001def5800 JavaThread "jar transforms Thread 79" [_thread_blocked, id=12928, stack(0x0000000027070000,0x0000000027170000)]
  0x000000001def7000 JavaThread "jar transforms Thread 78" [_thread_blocked, id=9676, stack(0x0000000026f70000,0x0000000027070000)]
  0x000000001def6000 JavaThread "jar transforms Thread 77" [_thread_blocked, id=8092, stack(0x0000000026e70000,0x0000000026f70000)]
  0x000000001def1000 JavaThread "jar transforms Thread 76" [_thread_blocked, id=15392, stack(0x0000000026d70000,0x0000000026e70000)]
  0x000000001ff42000 JavaThread "jar transforms Thread 75" [_thread_blocked, id=10556, stack(0x0000000026c70000,0x0000000026d70000)]
  0x000000001ff46800 JavaThread "jar transforms Thread 74" [_thread_blocked, id=14224, stack(0x0000000026b70000,0x0000000026c70000)]
  0x000000001ff47800 JavaThread "jar transforms Thread 73" [_thread_blocked, id=1404, stack(0x0000000026a70000,0x0000000026b70000)]
  0x000000001ff46000 JavaThread "jar transforms Thread 72" [_thread_blocked, id=10400, stack(0x0000000026970000,0x0000000026a70000)]
  0x000000001ff44800 JavaThread "jar transforms Thread 71" [_thread_blocked, id=5232, stack(0x0000000026870000,0x0000000026970000)]
  0x000000001ff43000 JavaThread "jar transforms Thread 70" [_thread_blocked, id=14696, stack(0x0000000026770000,0x0000000026870000)]
  0x000000001ff45000 JavaThread "jar transforms Thread 69" [_thread_blocked, id=11872, stack(0x0000000026670000,0x0000000026770000)]
  0x000000001ff43800 JavaThread "jar transforms Thread 68" [_thread_blocked, id=10764, stack(0x0000000026570000,0x0000000026670000)]
  0x000000001ff3a800 JavaThread "jar transforms Thread 67" [_thread_blocked, id=4792, stack(0x0000000026470000,0x0000000026570000)]
  0x000000001ff40800 JavaThread "jar transforms Thread 66" [_thread_blocked, id=12592, stack(0x0000000026370000,0x0000000026470000)]
  0x000000001ff40000 JavaThread "jar transforms Thread 65" [_thread_blocked, id=10380, stack(0x0000000026270000,0x0000000026370000)]
  0x000000001ff41800 JavaThread "jar transforms Thread 64" [_thread_blocked, id=2240, stack(0x0000000026170000,0x0000000026270000)]
  0x000000001ff39000 JavaThread "jar transforms Thread 63" [_thread_blocked, id=8252, stack(0x0000000026070000,0x0000000026170000)]
  0x000000001ff38800 JavaThread "jar transforms Thread 62" [_thread_blocked, id=2212, stack(0x0000000025f70000,0x0000000026070000)]
  0x000000001ff3a000 JavaThread "jar transforms Thread 61" [_thread_blocked, id=12348, stack(0x0000000025e70000,0x0000000025f70000)]
  0x000000001ff3f000 JavaThread "jar transforms Thread 60" [_thread_blocked, id=11164, stack(0x0000000025d70000,0x0000000025e70000)]
  0x000000001ff3e800 JavaThread "jar transforms Thread 59" [_thread_blocked, id=16884, stack(0x0000000025c70000,0x0000000025d70000)]
  0x000000001ff3c000 JavaThread "jar transforms Thread 58" [_thread_blocked, id=15328, stack(0x0000000025b70000,0x0000000025c70000)]
  0x000000001ff3b800 JavaThread "jar transforms Thread 57" [_thread_blocked, id=15124, stack(0x0000000025a70000,0x0000000025b70000)]
  0x000000001ff3d800 JavaThread "jar transforms Thread 56" [_thread_blocked, id=1228, stack(0x0000000025970000,0x0000000025a70000)]
  0x000000001ff3d000 JavaThread "jar transforms Thread 55" [_thread_blocked, id=8056, stack(0x0000000025870000,0x0000000025970000)]
  0x000000001dd13800 JavaThread "jar transforms Thread 54" [_thread_blocked, id=6848, stack(0x0000000025770000,0x0000000025870000)]
  0x000000001dd11000 JavaThread "jar transforms Thread 53" [_thread_blocked, id=12680, stack(0x0000000025670000,0x0000000025770000)]
  0x000000001dd12000 JavaThread "jar transforms Thread 52" [_thread_blocked, id=14712, stack(0x0000000025570000,0x0000000025670000)]
  0x000000001dd16800 JavaThread "jar transforms Thread 51" [_thread_blocked, id=13344, stack(0x0000000025470000,0x0000000025570000)]
  0x000000001dd15000 JavaThread "jar transforms Thread 50" [_thread_blocked, id=15284, stack(0x0000000025370000,0x0000000025470000)]
  0x000000001dd12800 JavaThread "jar transforms Thread 49" [_thread_blocked, id=3768, stack(0x0000000025270000,0x0000000025370000)]
  0x000000001dd14000 JavaThread "jar transforms Thread 48" [_thread_blocked, id=13140, stack(0x0000000025170000,0x0000000025270000)]
  0x000000001dd15800 JavaThread "jar transforms Thread 47" [_thread_blocked, id=1216, stack(0x0000000025070000,0x0000000025170000)]
  0x000000001dd17000 JavaThread "jar transforms Thread 46" [_thread_blocked, id=15928, stack(0x0000000024f70000,0x0000000025070000)]
  0x000000001dd09800 JavaThread "jar transforms Thread 45" [_thread_blocked, id=14396, stack(0x0000000024e70000,0x0000000024f70000)]
  0x000000001dd0d800 JavaThread "jar transforms Thread 44" [_thread_blocked, id=10632, stack(0x0000000024d70000,0x0000000024e70000)]
  0x000000001dd0f800 JavaThread "jar transforms Thread 43" [_thread_blocked, id=6700, stack(0x0000000024c70000,0x0000000024d70000)]
  0x000000001dd10800 JavaThread "jar transforms Thread 42" [_thread_blocked, id=6320, stack(0x00000000220b0000,0x00000000221b0000)]
  0x000000001dd0c800 JavaThread "jar transforms Thread 41" [_thread_blocked, id=1108, stack(0x0000000021fb0000,0x00000000220b0000)]
  0x000000001dd0b000 JavaThread "jar transforms Thread 40" [_thread_blocked, id=7320, stack(0x0000000021eb0000,0x0000000021fb0000)]
  0x000000001dd08000 JavaThread "jar transforms Thread 39" [_thread_blocked, id=12664, stack(0x0000000024b70000,0x0000000024c70000)]
  0x000000001dd0a800 JavaThread "jar transforms Thread 38" [_thread_blocked, id=7076, stack(0x0000000024a70000,0x0000000024b70000)]
  0x000000001dd0e000 JavaThread "jar transforms Thread 37" [_thread_blocked, id=4724, stack(0x0000000024970000,0x0000000024a70000)]
  0x000000001dd0f000 JavaThread "jar transforms Thread 36" [_thread_blocked, id=15792, stack(0x0000000024870000,0x0000000024970000)]
  0x000000001dd0c000 JavaThread "jar transforms Thread 35" [_thread_blocked, id=13060, stack(0x0000000024770000,0x0000000024870000)]
  0x000000001dd09000 JavaThread "jar transforms Thread 34" [_thread_blocked, id=8452, stack(0x0000000024670000,0x0000000024770000)]
  0x000000001b719000 JavaThread "jar transforms Thread 33" [_thread_blocked, id=6212, stack(0x0000000024570000,0x0000000024670000)]
  0x000000001b71d800 JavaThread "jar transforms Thread 32" [_thread_blocked, id=9360, stack(0x0000000024470000,0x0000000024570000)]
  0x000000001b71a000 JavaThread "jar transforms Thread 31" [_thread_blocked, id=10000, stack(0x0000000024370000,0x0000000024470000)]
  0x000000001b717000 JavaThread "jar transforms Thread 30" [_thread_blocked, id=15536, stack(0x0000000024270000,0x0000000024370000)]
  0x000000001b71d000 JavaThread "jar transforms Thread 29" [_thread_blocked, id=14820, stack(0x0000000024170000,0x0000000024270000)]
  0x000000001b71c000 JavaThread "jar transforms Thread 28" [_thread_blocked, id=6068, stack(0x0000000024070000,0x0000000024170000)]
  0x000000001b71b800 JavaThread "jar transforms Thread 27" [_thread_blocked, id=13296, stack(0x0000000023f70000,0x0000000024070000)]
  0x000000001b716000 JavaThread "jar transforms Thread 26" [_thread_blocked, id=16888, stack(0x0000000023e70000,0x0000000023f70000)]
  0x000000001b718800 JavaThread "jar transforms Thread 25" [_thread_blocked, id=11124, stack(0x0000000023d70000,0x0000000023e70000)]
  0x000000001b717800 JavaThread "jar transforms Thread 24" [_thread_blocked, id=5460, stack(0x0000000023c70000,0x0000000023d70000)]
  0x000000001b71a800 JavaThread "jar transforms Thread 23" [_thread_blocked, id=10352, stack(0x0000000023b70000,0x0000000023c70000)]
  0x000000001b70e800 JavaThread "jar transforms Thread 22" [_thread_blocked, id=12644, stack(0x0000000023a70000,0x0000000023b70000)]
  0x000000001b711800 JavaThread "jar transforms Thread 21" [_thread_blocked, id=6492, stack(0x0000000023970000,0x0000000023a70000)]
  0x000000001b715000 JavaThread "jar transforms Thread 20" [_thread_blocked, id=6200, stack(0x0000000023870000,0x0000000023970000)]
  0x000000001b714800 JavaThread "jar transforms Thread 19" [_thread_blocked, id=17000, stack(0x0000000023770000,0x0000000023870000)]
  0x000000001b710800 JavaThread "jar transforms Thread 18" [_thread_blocked, id=7424, stack(0x0000000023670000,0x0000000023770000)]
  0x000000001b710000 JavaThread "jar transforms Thread 17" [_thread_blocked, id=14072, stack(0x0000000023570000,0x0000000023670000)]
  0x000000001b713800 JavaThread "jar transforms Thread 16" [_thread_blocked, id=11316, stack(0x0000000023470000,0x0000000023570000)]
  0x000000001b713000 JavaThread "jar transforms Thread 15" [_thread_blocked, id=8836, stack(0x0000000023370000,0x0000000023470000)]
  0x000000001b70f000 JavaThread "jar transforms Thread 14" [_thread_blocked, id=16292, stack(0x0000000023270000,0x0000000023370000)]
  0x000000001b712000 JavaThread "jar transforms Thread 13" [_thread_blocked, id=13884, stack(0x0000000023170000,0x0000000023270000)]
  0x0000000020284000 JavaThread "jar transforms Thread 12" [_thread_blocked, id=6696, stack(0x0000000023070000,0x0000000023170000)]
  0x0000000020287000 JavaThread "jar transforms Thread 11" [_thread_blocked, id=8416, stack(0x0000000022f70000,0x0000000023070000)]
  0x0000000020286000 JavaThread "jar transforms Thread 10" [_thread_blocked, id=1808, stack(0x0000000022e70000,0x0000000022f70000)]
  0x0000000020283000 JavaThread "jar transforms Thread 9" [_thread_blocked, id=14692, stack(0x0000000022d70000,0x0000000022e70000)]
  0x0000000020285800 JavaThread "jar transforms Thread 8" [_thread_blocked, id=1320, stack(0x0000000022c70000,0x0000000022d70000)]
  0x0000000020284800 JavaThread "jar transforms Thread 7" [_thread_blocked, id=10260, stack(0x0000000022b70000,0x0000000022c70000)]
  0x0000000020282800 JavaThread "jar transforms Thread 6" [_thread_blocked, id=11300, stack(0x0000000022a70000,0x0000000022b70000)]
  0x0000000020281800 JavaThread "jar transforms Thread 5" [_thread_blocked, id=12032, stack(0x0000000022970000,0x0000000022a70000)]
  0x000000002027a000 JavaThread "jar transforms Thread 4" [_thread_blocked, id=9252, stack(0x0000000022870000,0x0000000022970000)]
  0x0000000020281000 JavaThread "jar transforms Thread 3" [_thread_blocked, id=15960, stack(0x0000000022770000,0x0000000022870000)]
  0x000000002027f800 JavaThread "jar transforms Thread 2" [_thread_blocked, id=11664, stack(0x0000000022670000,0x0000000022770000)]
  0x000000002027e800 JavaThread "Build operations Thread 4" [_thread_in_Java, id=13188, stack(0x0000000022570000,0x0000000022670000)]
  0x000000002027c800 JavaThread "Build operations Thread 3" [_thread_in_Java, id=15132, stack(0x0000000022470000,0x0000000022570000)]
  0x0000000020279800 JavaThread "Build operations Thread 2" [_thread_in_Java, id=7540, stack(0x0000000022370000,0x0000000022470000)]
  0x000000002027b800 JavaThread "Build operations" [_thread_in_native, id=14540, stack(0x0000000022270000,0x0000000022370000)]
  0x00000000173c7800 JavaThread "Cache worker for file content cache (C:\Users\smart 1234\.gradle\caches\6.5\fileContent)" [_thread_blocked, id=11588, stack(0x00000000217b0000,0x00000000218b0000)]
  0x00000000173c6800 JavaThread "jar transforms" [_thread_blocked, id=4424, stack(0x00000000216b0000,0x00000000217b0000)]
  0x00000000173c6000 JavaThread "Cache worker for execution history cache (C:\Users\smart 1234\.gradle\caches\6.5\executionHistory)" [_thread_blocked, id=15104, stack(0x0000000020fb0000,0x00000000210b0000)]
  0x00000000173c9800 JavaThread "Cache worker for cache directory md-rule (C:\Users\smart 1234\.gradle\caches\6.5\md-rule)" [_thread_blocked, id=14080, stack(0x0000000020eb0000,0x0000000020fb0000)]
  0x00000000173c5000 JavaThread "Cache worker for cache directory md-supplier (C:\Users\smart 1234\.gradle\caches\6.5\md-supplier)" [_thread_blocked, id=17224, stack(0x000000001fb40000,0x000000001fc40000)]
  0x00000000173c4800 JavaThread "Cache worker for checksums cache (D:\Projects\AndroidProjects\Fyp\.gradle\checksums)" [_thread_blocked, id=11424, stack(0x000000001fa40000,0x000000001fb40000)]
  0x00000000173ca800 JavaThread "Cache worker for file hash cache (D:\Projects\AndroidProjects\Fyp\.gradle\6.5\fileHashes)" [_thread_blocked, id=15652, stack(0x000000001d530000,0x000000001d630000)]
  0x00000000173c9000 JavaThread "Cache worker for file hash cache (C:\Users\smart 1234\.gradle\caches\6.5\fileHashes)" [_thread_blocked, id=6540, stack(0x000000001d430000,0x000000001d530000)]
  0x00000000173c8000 JavaThread "File lock request listener" [_thread_in_native, id=12780, stack(0x000000001d330000,0x000000001d430000)]
  0x000000001a4b1000 JavaThread "Cache worker for journal cache (C:\Users\smart 1234\.gradle\caches\journal-1)" [_thread_blocked, id=4048, stack(0x000000001d130000,0x000000001d230000)]
  0x00000000199c4800 JavaThread "Thread-9" [_thread_blocked, id=11756, stack(0x000000001ce30000,0x000000001cf30000)]
  0x0000000019e9f800 JavaThread "Asynchronous log dispatcher for DefaultDaemonConnection: socket connection from /127.0.0.1:53250 to /127.0.0.1:53251" [_thread_blocked, id=9768, stack(0x000000001cc30000,0x000000001cd30000)]
  0x0000000019397000 JavaThread "Daemon worker" [_thread_blocked, id=15660, stack(0x000000001cb30000,0x000000001cc30000)]
  0x000000001a948000 JavaThread "Cancel handler" [_thread_blocked, id=11136, stack(0x000000001ca30000,0x000000001cb30000)]
  0x00000000190a4000 JavaThread "Handler for socket connection from /127.0.0.1:53250 to /127.0.0.1:53251" [_thread_in_native, id=16456, stack(0x000000001c930000,0x000000001ca30000)]
  0x00000000190a1800 JavaThread "Daemon" [_thread_blocked, id=12072, stack(0x000000001c830000,0x000000001c930000)]
  0x000000001aaee000 JavaThread "Daemon periodic checks" [_thread_blocked, id=17004, stack(0x000000001c530000,0x000000001c630000)]
  0x000000001ac0b000 JavaThread "Incoming local TCP Connector on port 53250" [_thread_in_native, id=16796, stack(0x000000001c2f0000,0x000000001c3f0000)]
  0x0000000019379800 JavaThread "Daemon health stats" [_thread_blocked, id=14904, stack(0x000000001bcb0000,0x000000001bdb0000)]
  0x0000000018d38800 JavaThread "Service Thread" daemon [_thread_blocked, id=14620, stack(0x0000000019110000,0x0000000019210000)]
  0x00000000173c3800 JavaThread "C1 CompilerThread2" daemon [_thread_in_native, id=11796, stack(0x0000000018c10000,0x0000000018d10000)]
=>0x00000000173bd000 JavaThread "C2 CompilerThread1" daemon [_thread_in_native, id=6356, stack(0x0000000018b10000,0x0000000018c10000)]
  0x00000000173b8000 JavaThread "C2 CompilerThread0" daemon [_thread_in_native, id=16608, stack(0x0000000018a10000,0x0000000018b10000)]
  0x00000000173b4000 JavaThread "Attach Listener" daemon [_thread_blocked, id=16960, stack(0x0000000018910000,0x0000000018a10000)]
  0x00000000173b1000 JavaThread "Signal Dispatcher" daemon [_thread_blocked, id=11728, stack(0x0000000018810000,0x0000000018910000)]
  0x000000000275a000 JavaThread "Finalizer" daemon [_thread_blocked, id=13168, stack(0x0000000018610000,0x0000000018710000)]
  0x0000000002751000 JavaThread "Reference Handler" daemon [_thread_blocked, id=10900, stack(0x0000000018510000,0x0000000018610000)]
  0x000000000087d800 JavaThread "main" [_thread_blocked, id=14216, stack(0x0000000002510000,0x0000000002610000)]

Other Threads:
  0x0000000017376800 VMThread [stack: 0x0000000018410000,0x0000000018510000] [id=11812]
  0x000000001740d800 WatcherThread [stack: 0x0000000019210000,0x0000000019310000] [id=9988]

VM state:not at safepoint (normal execution)

VM Mutex/Monitor currently owned by a thread: None

heap address: 0x0000000080000000, size: 2048 MB, Compressed Oops mode: 32-bit
Narrow klass base: 0x0000000000000000, Narrow klass shift: 3
Compressed class space size: 1073741824 Address: 0x0000000100000000

Heap:
 PSYoungGen      total 339968K, used 261540K [0x00000000d5580000, 0x00000000ed400000, 0x0000000100000000)
  eden space 296960K, 88% used [0x00000000d5580000,0x00000000e54e92d0,0x00000000e7780000)
  from space 43008K, 0% used [0x00000000e7780000,0x00000000e7780000,0x00000000ea180000)
  to   space 31232K, 0% used [0x00000000ea180000,0x00000000ea180000,0x00000000ec000000)
 ParOldGen       total 120832K, used 93631K [0x0000000080000000, 0x0000000087600000, 0x00000000d5580000)
  object space 120832K, 77% used [0x0000000080000000,0x0000000085b6fe78,0x0000000087600000)
 Metaspace       used 83838K, capacity 88156K, committed 88872K, reserved 1126400K
  class space    used 11314K, capacity 12156K, committed 12336K, reserved 1048576K

Card table byte_map: [0x0000000011b20000,0x0000000011f30000] byte_map_base: 0x0000000011720000

Marking Bits: (ParMarkBitMap*) 0x000000007531f030
 Begin Bits: [0x00000000125e0000, 0x00000000145e0000)
 End Bits:   [0x00000000145e0000, 0x00000000165e0000)

Polling page: 0x0000000002610000

CodeCache: size=245760Kb used=45152Kb max_used=45474Kb free=200607Kb
 bounds [0x0000000002760000, 0x0000000005440000, 0x0000000011760000]
 total_blobs=13374 nmethods=12511 adapters=773
 compilation: enabled

Compilation events (10 events):
Event: 77.697 Thread 0x00000000173c3800 14917       1       org.gradle.cache.internal.filelock.LockOptionsBuilder::getMode (5 bytes)
Event: 77.698 Thread 0x00000000173c3800 nmethod 14917 0x0000000004540d90 code [0x0000000004540ee0, 0x0000000004540ff0]
Event: 77.698 Thread 0x00000000173c3800 14918       2       org.gradle.internal.serialize.InputStreamBackedDecoder::readInt (8 bytes)
Event: 77.699 Thread 0x00000000173c3800 nmethod 14918 0x00000000045d46d0 code [0x00000000045d4840, 0x00000000045d49a8]
Event: 77.701 Thread 0x00000000173c3800 14919  s!   2       java.io.FileDescriptor::closeAll (215 bytes)
Event: 77.702 Thread 0x00000000173c3800 nmethod 14919 0x0000000004544250 code [0x0000000004544460, 0x0000000004544d18]
Event: 77.750 Thread 0x00000000173c3800 14920       2       com.android.tools.r8.graph.Z$$Lambda$698/572361388::apply (12 bytes)
Event: 77.750 Thread 0x00000000173c3800 nmethod 14920 0x00000000046a0710 code [0x00000000046a0860, 0x00000000046a0a50]
Event: 77.750 Thread 0x00000000173c3800 14921       2       java.util.stream.StreamSpliterators$WrappingSpliterator$$Lambda$708/796702525::accept (11 bytes)
Event: 77.751 Thread 0x00000000173c3800 nmethod 14921 0x00000000030afad0 code [0x00000000030afc40, 0x00000000030afdc8]

GC Heap History (10 events):
Event: 65.201 GC heap before
{Heap before GC invocations=25 (full 6):
 PSYoungGen      total 339968K, used 296960K [0x00000000d5580000, 0x00000000ed400000, 0x0000000100000000)
  eden space 296960K, 100% used [0x00000000d5580000,0x00000000e7780000,0x00000000e7780000)
  from space 43008K, 0% used [0x00000000e7780000,0x00000000e7780000,0x00000000ea180000)
  to   space 31232K, 0% used [0x00000000ea180000,0x00000000ea180000,0x00000000ec000000)
 ParOldGen       total 120832K, used 112202K [0x0000000080000000, 0x0000000087600000, 0x00000000d5580000)
  object space 120832K, 92% used [0x0000000080000000,0x0000000086d92bf8,0x0000000087600000)
 Metaspace       used 83618K, capacity 87976K, committed 88616K, reserved 1126400K
  class space    used 11312K, capacity 12152K, committed 12336K, reserved 1048576K
Event: 65.558 GC heap after
Heap after GC invocations=25 (full 6):
 PSYoungGen      total 339968K, used 0K [0x00000000d5580000, 0x00000000ed400000, 0x0000000100000000)
  eden space 296960K, 0% used [0x00000000d5580000,0x00000000d5580000,0x00000000e7780000)
  from space 43008K, 0% used [0x00000000e7780000,0x00000000e7780000,0x00000000ea180000)
  to   space 31232K, 0% used [0x00000000ea180000,0x00000000ea180000,0x00000000ec000000)
 ParOldGen       total 120832K, used 107329K [0x0000000080000000, 0x0000000087600000, 0x00000000d5580000)
  object space 120832K, 88% used [0x0000000080000000,0x00000000868d0428,0x0000000087600000)
 Metaspace       used 83618K, capacity 87976K, committed 88616K, reserved 1126400K
  class space    used 11312K, capacity 12152K, committed 12336K, reserved 1048576K
}
Event: 67.262 GC heap before
{Heap before GC invocations=26 (full 7):
 PSYoungGen      total 339968K, used 296960K [0x00000000d5580000, 0x00000000ed400000, 0x0000000100000000)
  eden space 296960K, 100% used [0x00000000d5580000,0x00000000e7780000,0x00000000e7780000)
  from space 43008K, 0% used [0x00000000e7780000,0x00000000e7780000,0x00000000ea180000)
  to   space 31232K, 0% used [0x00000000ea180000,0x00000000ea180000,0x00000000ec000000)
 ParOldGen       total 120832K, used 107329K [0x0000000080000000, 0x0000000087600000, 0x00000000d5580000)
  object space 120832K, 88% used [0x0000000080000000,0x00000000868d0428,0x0000000087600000)
 Metaspace       used 83752K, capacity 88058K, committed 88872K, reserved 1126400K
  class space    used 11313K, capacity 12153K, committed 12336K, reserved 1048576K
Event: 67.750 GC heap after
Heap after GC invocations=26 (full 7):
 PSYoungGen      total 339968K, used 0K [0x00000000d5580000, 0x00000000ed400000, 0x0000000100000000)
  eden space 296960K, 0% used [0x00000000d5580000,0x00000000d5580000,0x00000000e7780000)
  from space 43008K, 0% used [0x00000000e7780000,0x00000000e7780000,0x00000000ea180000)
  to   space 31232K, 0% used [0x00000000ea180000,0x00000000ea180000,0x00000000ec000000)
 ParOldGen       total 120832K, used 105984K [0x0000000080000000, 0x0000000087600000, 0x00000000d5580000)
  object space 120832K, 87% used [0x0000000080000000,0x00000000867801b0,0x0000000087600000)
 Metaspace       used 83752K, capacity 88058K, committed 88872K, reserved 1126400K
  class space    used 11313K, capacity 12153K, committed 12336K, reserved 1048576K
}
Event: 68.864 GC heap before
{Heap before GC invocations=27 (full 8):
 PSYoungGen      total 339968K, used 296960K [0x00000000d5580000, 0x00000000ed400000, 0x0000000100000000)
  eden space 296960K, 100% used [0x00000000d5580000,0x00000000e7780000,0x00000000e7780000)
  from space 43008K, 0% used [0x00000000e7780000,0x00000000e7780000,0x00000000ea180000)
  to   space 31232K, 0% used [0x00000000ea180000,0x00000000ea180000,0x00000000ec000000)
 ParOldGen       total 120832K, used 105984K [0x0000000080000000, 0x0000000087600000, 0x00000000d5580000)
  object space 120832K, 87% used [0x0000000080000000,0x00000000867801b0,0x0000000087600000)
 Metaspace       used 83755K, capacity 88058K, committed 88872K, reserved 1126400K
  class space    used 11313K, capacity 12153K, committed 12336K, reserved 1048576K
Event: 69.451 GC heap after
Heap after GC invocations=27 (full 8):
 PSYoungGen      total 339968K, used 0K [0x00000000d5580000, 0x00000000ed400000, 0x0000000100000000)
  eden space 296960K, 0% used [0x00000000d5580000,0x00000000d5580000,0x00000000e7780000)
  from space 43008K, 0% used [0x00000000e7780000,0x00000000e7780000,0x00000000ea180000)
  to   space 31232K, 0% used [0x00000000ea180000,0x00000000ea180000,0x00000000ec000000)
 ParOldGen       total 120832K, used 102220K [0x0000000080000000, 0x0000000087600000, 0x00000000d5580000)
  object space 120832K, 84% used [0x0000000080000000,0x00000000863d3118,0x0000000087600000)
 Metaspace       used 83755K, capacity 88058K, committed 88872K, reserved 1126400K
  class space    used 11313K, capacity 12153K, committed 12336K, reserved 1048576K
}
Event: 70.941 GC heap before
{Heap before GC invocations=28 (full 9):
 PSYoungGen      total 339968K, used 296960K [0x00000000d5580000, 0x00000000ed400000, 0x0000000100000000)
  eden space 296960K, 100% used [0x00000000d5580000,0x00000000e7780000,0x00000000e7780000)
  from space 43008K, 0% used [0x00000000e7780000,0x00000000e7780000,0x00000000ea180000)
  to   space 31232K, 0% used [0x00000000ea180000,0x00000000ea180000,0x00000000ec000000)
 ParOldGen       total 120832K, used 102220K [0x0000000080000000, 0x0000000087600000, 0x00000000d5580000)
  object space 120832K, 84% used [0x0000000080000000,0x00000000863d3118,0x0000000087600000)
 Metaspace       used 83759K, capacity 88058K, committed 88872K, reserved 1126400K
  class space    used 11313K, capacity 12153K, committed 12336K, reserved 1048576K
Event: 71.364 GC heap after
Heap after GC invocations=28 (full 9):
 PSYoungGen      total 339968K, used 0K [0x00000000d5580000, 0x00000000ed400000, 0x0000000100000000)
  eden space 296960K, 0% used [0x00000000d5580000,0x00000000d5580000,0x00000000e7780000)
  from space 43008K, 0% used [0x00000000e7780000,0x00000000e7780000,0x00000000ea180000)
  to   space 31232K, 0% used [0x00000000ea180000,0x00000000ea180000,0x00000000ec000000)
 ParOldGen       total 120832K, used 104451K [0x0000000080000000, 0x0000000087600000, 0x00000000d5580000)
  object space 120832K, 86% used [0x0000000080000000,0x0000000086600f18,0x0000000087600000)
 Metaspace       used 83759K, capacity 88058K, committed 88872K, reserved 1126400K
  class space    used 11313K, capacity 12153K, committed 12336K, reserved 1048576K
}
Event: 74.093 GC heap before
{Heap before GC invocations=29 (full 10):
 PSYoungGen      total 339968K, used 296960K [0x00000000d5580000, 0x00000000ed400000, 0x0000000100000000)
  eden space 296960K, 100% used [0x00000000d5580000,0x00000000e7780000,0x00000000e7780000)
  from space 43008K, 0% used [0x00000000e7780000,0x00000000e7780000,0x00000000ea180000)
  to   space 31232K, 0% used [0x00000000ea180000,0x00000000ea180000,0x00000000ec000000)
 ParOldGen       total 120832K, used 104451K [0x0000000080000000, 0x0000000087600000, 0x00000000d5580000)
  object space 120832K, 86% used [0x0000000080000000,0x0000000086600f18,0x0000000087600000)
 Metaspace       used 83782K, capacity 88134K, committed 88872K, reserved 1126400K
  class space    used 11313K, capacity 12153K, committed 12336K, reserved 1048576K
Event: 74.401 GC heap after
Heap after GC invocations=29 (full 10):
 PSYoungGen      total 339968K, used 0K [0x00000000d5580000, 0x00000000ed400000, 0x0000000100000000)
  eden space 296960K, 0% used [0x00000000d5580000,0x00000000d5580000,0x00000000e7780000)
  from space 43008K, 0% used [0x00000000e7780000,0x00000000e7780000,0x00000000ea180000)
  to   space 31232K, 0% used [0x00000000ea180000,0x00000000ea180000,0x00000000ec000000)
 ParOldGen       total 120832K, used 93631K [0x0000000080000000, 0x0000000087600000, 0x00000000d5580000)
  object space 120832K, 77% used [0x0000000080000000,0x0000000085b6fe78,0x0000000087600000)
 Metaspace       used 83782K, capacity 88134K, committed 88872K, reserved 1126400K
  class space    used 11313K, capacity 12153K, committed 12336K, reserved 1048576K
}

Deoptimization events (10 events):
Event: 63.718 Thread 0x000000002027e800 Uncommon trap: reason=unstable_if action=reinterpret pc=0x000000000478a7fc method=com.android.tools.r8.s.b.W0.equals(Ljava/lang/Object;)Z @ 60
Event: 63.868 Thread 0x000000002027e800 Uncommon trap: reason=bimorphic action=maybe_recompile pc=0x0000000004f5d638 method=com.android.tools.r8.s.c.g0.e.a(Ljava/lang/Iterable;)Ljava/util/Set; @ 16
Event: 64.201 Thread 0x000000002027b800 Uncommon trap: reason=bimorphic action=maybe_recompile pc=0x0000000004f5d638 method=com.android.tools.r8.s.c.g0.e.a(Ljava/lang/Iterable;)Ljava/util/Set; @ 16
Event: 67.213 Thread 0x000000002027c800 Uncommon trap: reason=unstable_if action=reinterpret pc=0x00000000040eb204 method=java.util.concurrent.ArrayBlockingQueue.enqueue(Ljava/lang/Object;)V @ 25
Event: 67.789 Thread 0x000000002027c800 Uncommon trap: reason=unstable_if action=reinterpret pc=0x00000000040ebdc8 method=java.util.concurrent.ArrayBlockingQueue.dequeue()Ljava/lang/Object; @ 32
Event: 72.206 Thread 0x000000002027b800 Uncommon trap: reason=class_check action=maybe_recompile pc=0x00000000050b4a68 method=com.android.tools.r8.ir.optimize.r.a(Lcom/android/tools/r8/s/b/X;Lcom/android/tools/r8/utils/n1;)V @ 302
Event: 72.348 Thread 0x000000002027b800 Uncommon trap: reason=unstable_if action=reinterpret pc=0x000000000531bc38 method=com.android.tools.r8.ir.optimize.K.a(Lcom/android/tools/r8/s/b/k0;)Z @ 164
Event: 74.792 Thread 0x0000000020279800 Uncommon trap: reason=class_check action=maybe_recompile pc=0x00000000050533e0 method=com.android.tools.r8.s.a.h.e.b(Lcom/android/tools/r8/s/b/k0;)V @ 244
Event: 74.796 Thread 0x0000000020279800 Uncommon trap: reason=class_check action=maybe_recompile pc=0x00000000050533e0 method=com.android.tools.r8.s.a.h.e.b(Lcom/android/tools/r8/s/b/k0;)V @ 244
Event: 75.230 Thread 0x0000000020279800 Uncommon trap: reason=unstable_if action=reinterpret pc=0x0000000004b2bb14 method=com.android.tools.r8.graph.i0.a([C)I @ 44

Classes redefined (0 events):
No events

Internal exceptions (10 events):
Event: 66.370 Thread 0x000000002027b800 Exception <a 'sun/nio/fs/WindowsException'> (0x00000000dc48b1d8) thrown at [C:\src\AOSP-openjdk-git\hotspot\src\share\vm\prims\jni.cpp, line 710]
Event: 66.766 Thread 0x000000002027c800 Exception <a 'sun/nio/fs/WindowsException'> (0x00000000e1224610) thrown at [C:\src\AOSP-openjdk-git\hotspot\src\share\vm\prims\jni.cpp, line 710]
Event: 73.122 Thread 0x000000002027e800 Exception <a 'sun/nio/fs/WindowsException'> (0x00000000e05c12a8) thrown at [C:\src\AOSP-openjdk-git\hotspot\src\share\vm\prims\jni.cpp, line 710]
Event: 74.088 Thread 0x000000002027e800 Exception <a 'sun/nio/fs/WindowsException'> (0x00000000e76f6478) thrown at [C:\src\AOSP-openjdk-git\hotspot\src\share\vm\prims\jni.cpp, line 710]
Event: 74.860 Thread 0x000000002027e800 Exception <a 'sun/nio/fs/WindowsException'> (0x00000000d8d4f120) thrown at [C:\src\AOSP-openjdk-git\hotspot\src\share\vm\prims\jni.cpp, line 710]
Event: 75.139 Thread 0x000000002027b800 Exception <a 'sun/nio/fs/WindowsException'> (0x00000000daeb6cb0) thrown at [C:\src\AOSP-openjdk-git\hotspot\src\share\vm\prims\jni.cpp, line 710]
Event: 75.840 Thread 0x0000000020279800 Exception <a 'sun/nio/fs/WindowsException'> (0x00000000def76a28) thrown at [C:\src\AOSP-openjdk-git\hotspot\src\share\vm\prims\jni.cpp, line 710]
Event: 77.448 Thread 0x000000002027e800 Exception <a 'sun/nio/fs/WindowsException'> (0x00000000e0fe6648) thrown at [C:\src\AOSP-openjdk-git\hotspot\src\share\vm\prims\jni.cpp, line 710]
Event: 77.523 Thread 0x000000002027c800 Exception <a 'sun/nio/fs/WindowsException'> (0x00000000e1f7ae98) thrown at [C:\src\AOSP-openjdk-git\hotspot\src\share\vm\prims\jni.cpp, line 710]
Event: 77.748 Thread 0x0000000020279800 Exception <a 'sun/nio/fs/WindowsException'> (0x00000000e3868dd0) thrown at [C:\src\AOSP-openjdk-git\hotspot\src\share\vm\prims\jni.cpp, line 710]

Events (10 events):
Event: 77.620 loading class com/android/tools/r8/s/b/k0
Event: 77.620 loading class com/android/tools/r8/s/b/k0 done
Event: 77.620 loading class com/android/tools/r8/s/b/k0
Event: 77.620 loading class com/android/tools/r8/s/b/k0 done
Event: 77.634 Thread 0x000000002027c800 DEOPT PACKING pc=0x000000000482b17d sp=0x0000000022569b50
Event: 77.634 Thread 0x000000002027c800 DEOPT UNPACKING pc=0x00000000027a75d0 sp=0x0000000022569b88 mode 0
Event: 77.720 Thread 0x000000002027c800 DEOPT PACKING pc=0x000000000536d770 sp=0x0000000022569ff0
Event: 77.720 Thread 0x000000002027c800 DEOPT UNPACKING pc=0x00000000027a75d0 sp=0x0000000022569e38 mode 0
Event: 77.781 Thread 0x000000002027e800 DEOPT PACKING pc=0x000000000536d7b1 sp=0x000000002266a010
Event: 77.781 Thread 0x000000002027e800 DEOPT UNPACKING pc=0x00000000027a75d0 sp=0x0000000022669e58 mode 0


Dynamic libraries:
0x00007ff7e9dc0000 - 0x00007ff7e9df1000 	D:\Android Studio\jre\bin\java.exe
0x00007ff9e5f50000 - 0x00007ff9e6145000 	C:\WINDOWS\SYSTEM32\ntdll.dll
0x00007ff9e58c0000 - 0x00007ff9e597d000 	C:\WINDOWS\System32\KERNEL32.DLL
0x00007ff9e3720000 - 0x00007ff9e39e8000 	C:\WINDOWS\System32\KERNELBASE.dll
0x00007ff9e5760000 - 0x00007ff9e580c000 	C:\WINDOWS\System32\ADVAPI32.dll
0x00007ff9e4c10000 - 0x00007ff9e4cae000 	C:\WINDOWS\System32\msvcrt.dll
0x00007ff9e5d90000 - 0x00007ff9e5e2b000 	C:\WINDOWS\System32\sechost.dll
0x00007ff9e5be0000 - 0x00007ff9e5d0b000 	C:\WINDOWS\System32\RPCRT4.dll
0x00007ff9e59e0000 - 0x00007ff9e5b80000 	C:\WINDOWS\System32\USER32.dll
0x00007ff9e3c80000 - 0x00007ff9e3ca2000 	C:\WINDOWS\System32\win32u.dll
0x00007ff9e4e50000 - 0x00007ff9e4e7a000 	C:\WINDOWS\System32\GDI32.dll
0x00007ff9e3b70000 - 0x00007ff9e3c7b000 	C:\WINDOWS\System32\gdi32full.dll
0x00007ff9e3ad0000 - 0x00007ff9e3b6d000 	C:\WINDOWS\System32\msvcp_win.dll
0x00007ff9e3cb0000 - 0x00007ff9e3db0000 	C:\WINDOWS\System32\ucrtbase.dll
0x00007ff9dbad0000 - 0x00007ff9dbd6a000 	C:\WINDOWS\WinSxS\amd64_microsoft.windows.common-controls_6595b64144ccf1df_6.0.19041.844_none_ca00b6081b84eb1d\COMCTL32.dll
0x00007ff9e5730000 - 0x00007ff9e5760000 	C:\WINDOWS\System32\IMM32.DLL
0x0000000074120000 - 0x00000000741f2000 	D:\Android Studio\jre\jre\bin\msvcr100.dll
0x0000000074b50000 - 0x000000007539b000 	D:\Android Studio\jre\jre\bin\server\jvm.dll
0x00007ff9e5300000 - 0x00007ff9e5308000 	C:\WINDOWS\System32\PSAPI.DLL
0x00007ff9d5a80000 - 0x00007ff9d5aa7000 	C:\WINDOWS\SYSTEM32\WINMM.dll
0x00007ff9dcd50000 - 0x00007ff9dcd5a000 	C:\WINDOWS\SYSTEM32\VERSION.dll
0x00007ff9d3280000 - 0x00007ff9d3289000 	C:\WINDOWS\SYSTEM32\WSOCK32.dll
0x00007ff9e5370000 - 0x00007ff9e53db000 	C:\WINDOWS\System32\WS2_32.dll
0x00007ff9e1050000 - 0x00007ff9e105f000 	D:\Android Studio\jre\jre\bin\verify.dll
0x00007ff9dc010000 - 0x00007ff9dc039000 	D:\Android Studio\jre\jre\bin\java.dll
0x00007ff9da320000 - 0x00007ff9da336000 	D:\Android Studio\jre\jre\bin\zip.dll
0x00007ff9e4050000 - 0x00007ff9e4792000 	C:\WINDOWS\System32\SHELL32.dll
0x00007ff9e1860000 - 0x00007ff9e1ff1000 	C:\WINDOWS\SYSTEM32\windows.storage.dll
0x00007ff9e4e80000 - 0x00007ff9e51d5000 	C:\WINDOWS\System32\combase.dll
0x00007ff9e30c0000 - 0x00007ff9e30ec000 	C:\WINDOWS\SYSTEM32\Wldp.dll
0x00007ff9e4cb0000 - 0x00007ff9e4d5e000 	C:\WINDOWS\System32\SHCORE.dll
0x00007ff9e5b80000 - 0x00007ff9e5bd5000 	C:\WINDOWS\System32\shlwapi.dll
0x00007ff9e3660000 - 0x00007ff9e367f000 	C:\WINDOWS\SYSTEM32\profapi.dll
0x00007ff9da300000 - 0x00007ff9da31a000 	D:\Android Studio\jre\jre\bin\net.dll
0x00007ff9e2e30000 - 0x00007ff9e2e9a000 	C:\WINDOWS\system32\mswsock.dll
0x00007ff9d3bd0000 - 0x00007ff9d3be3000 	D:\Android Studio\jre\jre\bin\nio.dll
0x00007ff9b5920000 - 0x00007ff9b5947000 	C:\Users\smart 1234\.gradle\native\f6784746aeab05261644944871eae4fe03e0ef1612fff0a4a95f87b438bc6780\windows-amd64\native-platform.dll
0x00007ff9df480000 - 0x00007ff9df48d000 	D:\Android Studio\jre\jre\bin\management.dll
0x00007ff9e3000000 - 0x00007ff9e3018000 	C:\WINDOWS\SYSTEM32\CRYPTSP.dll
0x00007ff9e27d0000 - 0x00007ff9e2804000 	C:\WINDOWS\system32\rsaenh.dll
0x00007ff9e3db0000 - 0x00007ff9e3dd7000 	C:\WINDOWS\System32\bcrypt.dll
0x00007ff9e3620000 - 0x00007ff9e364e000 	C:\WINDOWS\SYSTEM32\USERENV.dll
0x00007ff9e39f0000 - 0x00007ff9e3a70000 	C:\WINDOWS\System32\bcryptprimitives.dll
0x00007ff9e3020000 - 0x00007ff9e302c000 	C:\WINDOWS\SYSTEM32\CRYPTBASE.dll
0x00007ff9e2b20000 - 0x00007ff9e2b5b000 	C:\WINDOWS\SYSTEM32\IPHLPAPI.DLL
0x00007ff9e5720000 - 0x00007ff9e5728000 	C:\WINDOWS\System32\NSI.dll
0x00007ff9dc880000 - 0x00007ff9dc897000 	C:\WINDOWS\SYSTEM32\dhcpcsvc6.DLL
0x00007ff9dcca0000 - 0x00007ff9dccbd000 	C:\WINDOWS\SYSTEM32\dhcpcsvc.DLL
0x00007ff9e2b60000 - 0x00007ff9e2c2c000 	C:\WINDOWS\SYSTEM32\DNSAPI.dll
0x00007ff9dce00000 - 0x00007ff9dce0b000 	C:\WINDOWS\SYSTEM32\WINNSI.DLL
0x00007ff9c67a0000 - 0x00007ff9c67c4000 	D:\Android Studio\jre\jre\bin\sunec.dll
0x00007ff9d4910000 - 0x00007ff9d491a000 	C:\Windows\System32\rasadhlp.dll
0x00007ff9d5de0000 - 0x00007ff9d5e5f000 	C:\WINDOWS\System32\fwpuclnt.dll
0x00007ff9dde30000 - 0x00007ff9dde3b000 	D:\Android Studio\jre\jre\bin\sunmscapi.dll
0x00007ff9e3e30000 - 0x00007ff9e3f8f000 	C:\WINDOWS\System32\CRYPT32.dll

VM Arguments:
jvm_args: -Xmx2048m -Dfile.encoding=UTF-8 -Duser.country=US -Duser.language=en -Duser.variant 
java_command: org.gradle.launcher.daemon.bootstrap.GradleDaemon 6.5
java_class_path (initial): C:\Users\smart 1234\.gradle\wrapper\dists\gradle-6.5-bin\6nifqtx7604sqp1q6g8wikw7p\gradle-6.5\lib\gradle-launcher-6.5.jar
Launcher Type: SUN_STANDARD

Environment Variables:
PATH=C:\Program Files\Common Files\Oracle\Java\javapath;C:\orant\bin;C:\WINDOWS\system32;C:\WINDOWS;C:\WINDOWS\System32\Wbem;C:\WINDOWS\System32\WindowsPowerShell\v1.0\;C:\Program Files (x86)\Microsoft SQL Server\100\Tools\Binn\;C:\Program Files\Microsoft SQL Server\100\Tools\Binn\;C:\Program Files\Microsoft SQL Server\100\DTS\Binn\;C:\Program Files (x86)\GtkSharp\2.12\bin;C:\Program Files (x86)\GtkSharp\bin;C:\orant\jdk\bin;D:\Git\cmd;C:\WINDOWS\System32\OpenSSH\;D:\Xampp\php;D:\Composer;C:\Program Files\Java\jdk-15\bin;C:\Users\smart 1234\AppData\Local\Microsoft\WindowsApps;;C:\Program Files\Azure Data Studio\bin;C:\Program Files\Azure Data Studio\bin;C:\Program Files\Azure Data Studio\bin;C:\Users\smart 1234\AppData\Roaming\Composer\vendor\bin;C:\Program Files\Azure Data Studio\bin;D:\Microsoft VS Code\bin
USERNAME=smart 1234
OS=Windows_NT
PROCESSOR_IDENTIFIER=Intel64 Family 6 Model 78 Stepping 3, GenuineIntel



---------------  S Y S T E M  ---------------

OS: Windows 10.0 , 64 bit Build 19041 (10.0.19041.928)

CPU:total 4 (initial active 4) (2 cores per cpu, 2 threads per core) family 6 model 78 stepping 3, cmov, cx8, fxsr, mmx, sse, sse2, sse3, ssse3, sse4.1, sse4.2, popcnt, avx, avx2, aes, clmul, erms, 3dnowpref, lzcnt, ht, tsc, tscinvbit, bmi1, bmi2, adx

Memory: 4k page, physical 8244072k(1433956k free), swap 26539108k(4276k free)

vm_info: OpenJDK 64-Bit Server VM (25.242-b01) for windows-amd64 JRE (1.8.0_242-release-1644-b01), built by "builder" with MS VC++ 10.0 (VS2010)

time: Fri Apr 23 10:29:40 2021
timezone: Pakistan Standard Time
elapsed time: 77 seconds (0d 0h 1m 17s)

