#
# There is insufficient memory for the Java Runtime Environment to continue.
# Native memory allocation (malloc) failed to allocate 32744 bytes for ChunkPool::allocate
# Possible reasons:
#   The system is out of physical RAM or swap space
#   The process is running with CompressedOops enabled, and the Java Heap may be blocking the growth of the native heap
# Possible solutions:
#   Reduce memory load on the system
#   Increase physical memory or swap space
#   Check if swap backing store is full
#   Decrease Java heap size (-Xmx/-Xms)
#   Decrease number of Java threads
#   Decrease Java thread stack sizes (-Xss)
#   Set larger code cache with -XX:ReservedCodeCacheSize=
#   JVM is running with Unscaled Compressed Oops mode in which the Java heap is
#     placed in the first 4GB address space. The Java Heap base address is the
#     maximum limit for the native heap growth. Please use -XX:HeapBaseMinAddress
#     to set the Java Heap base and to place the Java Heap above 4GB virtual address.
# This output file may be truncated or incomplete.
#
#  Out of Memory Error (allocation.cpp:272), pid=12696, tid=0x00000000000016e0
#
# JRE version: OpenJDK Runtime Environment (8.0_242-b01) (build 1.8.0_242-release-1644-b01)
# Java VM: OpenJDK 64-Bit Server VM (25.242-b01 mixed mode windows-amd64 compressed oops)
# Failed to write core dump. Minidumps are not enabled by default on client versions of Windows
#

---------------  T H R E A D  ---------------

Current thread (0x0000000017417800):  JavaThread "C2 CompilerThread0" daemon [_thread_in_native, id=5856, stack(0x0000000018a90000,0x0000000018b90000)]

Stack: [0x0000000018a90000,0x0000000018b90000]
[error occurred during error reporting (printing stack bounds), id 0xc0000005]

Native frames: (J=compiled Java code, j=interpreted, Vv=VM code, C=native code)


Current CompileTask:
C2:  90967 15162       4       com.android.tools.r8.z.a.a.f::a (3630 bytes)


---------------  P R O C E S S  ---------------

Java Threads: ( => current thread )
  0x00000000207aa000 JavaThread "Cache worker for Java compile cache (D:\Projects\AndroidProjects\Fyp\.gradle\6.5\javaCompile)" [_thread_blocked, id=6632, stack(0x000000001bde0000,0x000000001bee0000)]
  0x00000000207a8800 JavaThread "Cache worker for Java compile cache (C:\Users\smart 1234\.gradle\caches\6.5\javaCompile)" [_thread_blocked, id=2956, stack(0x0000000000a60000,0x0000000000b60000)]
  0x00000000207a9800 JavaThread "stdout" [_thread_in_native, id=2492, stack(0x000000002cad0000,0x000000002cbd0000)]
  0x00000000207a0800 JavaThread "stderr" [_thread_in_native, id=9504, stack(0x000000002c9d0000,0x000000002cad0000)]
  0x00000000207a7000 JavaThread "stdout" [_thread_in_native, id=7988, stack(0x000000002c8d0000,0x000000002c9d0000)]
  0x000000002079f800 JavaThread "stderr" [_thread_in_native, id=628, stack(0x000000002c7d0000,0x000000002c8d0000)]
  0x00000000207a6800 JavaThread "stdout" [_thread_in_native, id=10452, stack(0x000000002c6d0000,0x000000002c7d0000)]
  0x00000000207a5800 JavaThread "stderr" [_thread_in_native, id=15768, stack(0x000000002c5d0000,0x000000002c6d0000)]
  0x00000000207a5000 JavaThread "stdout" [_thread_in_native, id=6120, stack(0x000000002c4d0000,0x000000002c5d0000)]
  0x000000002079e000 JavaThread "stderr" [_thread_in_native, id=16400, stack(0x000000002c3d0000,0x000000002c4d0000)]
  0x00000000207a4000 JavaThread "pool-2-thread-1" [_thread_blocked, id=15196, stack(0x000000002c0d0000,0x000000002c1d0000)]
  0x000000002079c800 JavaThread "MarlinRenderer Disposer" daemon [_thread_blocked, id=9856, stack(0x000000002bda0000,0x000000002bea0000)]
  0x00000000207a3800 JavaThread "Java2D Disposer" daemon [_thread_blocked, id=14408, stack(0x000000002bb80000,0x000000002bc80000)]
  0x000000002079d800 JavaThread "WorkerExecutor Queue Thread 4" [_thread_in_Java, id=10080, stack(0x000000002ba80000,0x000000002bb80000)]
  0x00000000207a2800 JavaThread "WorkerExecutor Queue Thread 3" [_thread_blocked, id=14728, stack(0x000000002b980000,0x000000002ba80000)]
  0x000000001d6f7800 JavaThread "WorkerExecutor Queue Thread 2" [_thread_in_vm, id=15680, stack(0x000000002b680000,0x000000002b780000)]
  0x000000001d6f6000 JavaThread "WorkerExecutor Queue" [_thread_in_vm, id=12892, stack(0x000000002b380000,0x000000002b480000)]
  0x000000001d6ee800 JavaThread "Cache worker for execution history cache (D:\Projects\AndroidProjects\Fyp\.gradle\6.5\executionHistory)" [_thread_blocked, id=13528, stack(0x000000002ad80000,0x000000002ae80000)]
  0x000000001d6f5800 JavaThread "Execution worker for ':' Thread 3" [_thread_blocked, id=10944, stack(0x000000002ac80000,0x000000002ad80000)]
  0x000000001d6f4800 JavaThread "Execution worker for ':' Thread 2" [_thread_blocked, id=10140, stack(0x000000002ab80000,0x000000002ac80000)]
  0x000000001d6f4000 JavaThread "Execution worker for ':'" [_thread_blocked, id=10008, stack(0x000000002aa80000,0x000000002ab80000)]
  0x000000001d6ec800 JavaThread "Cache worker for file content cache (D:\Projects\AndroidProjects\Fyp\.gradle\6.5\fileContent)" [_thread_blocked, id=9292, stack(0x000000002a2a0000,0x000000002a3a0000)]
  0x000000001d6f3000 JavaThread "Memory manager" [_thread_blocked, id=9480, stack(0x0000000029950000,0x0000000029a50000)]
  0x000000001d6eb800 JavaThread "Cache worker for Build Output Cleanup Cache (D:\Projects\AndroidProjects\Fyp\.gradle\buildOutputCleanup)" [_thread_blocked, id=11296, stack(0x0000000029250000,0x0000000029350000)]
  0x000000001d6f1000 JavaThread "jar transforms Thread 94" [_thread_blocked, id=1628, stack(0x0000000028f50000,0x0000000029050000)]
  0x000000001c001800 JavaThread "Build operations Thread 4" [_thread_blocked, id=12552, stack(0x0000000023250000,0x0000000023350000)]
  0x000000001c007000 JavaThread "Build operations Thread 3" [_thread_blocked, id=16280, stack(0x0000000023150000,0x0000000023250000)]
  0x000000001c006000 JavaThread "Build operations Thread 2" [_thread_blocked, id=15428, stack(0x0000000023050000,0x0000000023150000)]
  0x000000001bfff800 JavaThread "Build operations" [_thread_blocked, id=1400, stack(0x0000000022f50000,0x0000000023050000)]
  0x000000001c004000 JavaThread "Cache worker for file content cache (C:\Users\smart 1234\.gradle\caches\6.5\fileContent)" [_thread_blocked, id=6864, stack(0x0000000022850000,0x0000000022950000)]
  0x0000000017431000 JavaThread "Cache worker for execution history cache (C:\Users\smart 1234\.gradle\caches\6.5\executionHistory)" [_thread_blocked, id=3364, stack(0x000000001fd50000,0x000000001fe50000)]
  0x000000001742d800 JavaThread "Cache worker for cache directory md-rule (C:\Users\smart 1234\.gradle\caches\6.5\md-rule)" [_thread_blocked, id=5704, stack(0x000000001fc50000,0x000000001fd50000)]
  0x000000001742c000 JavaThread "Cache worker for cache directory md-supplier (C:\Users\smart 1234\.gradle\caches\6.5\md-supplier)" [_thread_blocked, id=10060, stack(0x000000001fb50000,0x000000001fc50000)]
  0x000000001742f800 JavaThread "Cache worker for checksums cache (D:\Projects\AndroidProjects\Fyp\.gradle\checksums)" [_thread_blocked, id=17368, stack(0x000000001fa50000,0x000000001fb50000)]
  0x000000001742c800 JavaThread "Cache worker for file hash cache (D:\Projects\AndroidProjects\Fyp\.gradle\6.5\fileHashes)" [_thread_blocked, id=6336, stack(0x000000001f750000,0x000000001f850000)]
  0x000000001742f000 JavaThread "Cache worker for file hash cache (C:\Users\smart 1234\.gradle\caches\6.5\fileHashes)" [_thread_blocked, id=7100, stack(0x000000001d4b0000,0x000000001d5b0000)]
  0x0000000017430800 JavaThread "File lock request listener" [_thread_in_native, id=14520, stack(0x000000001d3b0000,0x000000001d4b0000)]
  0x0000000019db4000 JavaThread "Cache worker for journal cache (C:\Users\smart 1234\.gradle\caches\journal-1)" [_thread_blocked, id=17088, stack(0x000000001d1b0000,0x000000001d2b0000)]
  0x00000000190b6000 JavaThread "Thread-9" [_thread_blocked, id=16604, stack(0x000000001bee0000,0x000000001bfe0000)]
  0x00000000190b1000 JavaThread "Asynchronous log dispatcher for DefaultDaemonConnection: socket connection from /127.0.0.1:53484 to /127.0.0.1:53485" [_thread_blocked, id=1460, stack(0x000000001bce0000,0x000000001bde0000)]
  0x00000000190af000 JavaThread "Daemon worker" [_thread_blocked, id=11848, stack(0x000000001bbe0000,0x000000001bce0000)]
  0x000000001a072800 JavaThread "Cancel handler" [_thread_blocked, id=16664, stack(0x000000001bae0000,0x000000001bbe0000)]
  0x0000000019f2c000 JavaThread "Handler for socket connection from /127.0.0.1:53484 to /127.0.0.1:53485" [_thread_in_native, id=11704, stack(0x000000001b9e0000,0x000000001bae0000)]
  0x0000000019f2b800 JavaThread "Daemon" [_thread_blocked, id=11408, stack(0x000000001b8e0000,0x000000001b9e0000)]
  0x0000000019ea1000 JavaThread "Daemon periodic checks" [_thread_blocked, id=952, stack(0x000000001b5e0000,0x000000001b6e0000)]
  0x0000000019e9f800 JavaThread "Incoming local TCP Connector on port 53484" [_thread_in_native, id=2792, stack(0x000000001b3a0000,0x000000001b4a0000)]
  0x000000001a46c800 JavaThread "Daemon health stats" [_thread_blocked, id=15368, stack(0x000000001ad60000,0x000000001ae60000)]
  0x000000001746c800 JavaThread "Service Thread" daemon [_thread_blocked, id=11680, stack(0x0000000019190000,0x0000000019290000)]
  0x000000001742e000 JavaThread "C1 CompilerThread2" daemon [_thread_in_native, id=5136, stack(0x0000000018c90000,0x0000000018d90000)]
  0x000000001741d000 JavaThread "C2 CompilerThread1" daemon [_thread_in_native, id=16152, stack(0x0000000018b90000,0x0000000018c90000)]
=>0x0000000017417800 JavaThread "C2 CompilerThread0" daemon [_thread_in_native, id=5856, stack(0x0000000018a90000,0x0000000018b90000)]
  0x0000000017413800 JavaThread "Attach Listener" daemon [_thread_blocked, id=11004, stack(0x0000000018990000,0x0000000018a90000)]
  0x0000000017412800 JavaThread "Signal Dispatcher" daemon [_thread_blocked, id=16444, stack(0x0000000018890000,0x0000000018990000)]
  0x00000000027eb800 JavaThread "Finalizer" daemon [_thread_blocked, id=14096, stack(0x0000000018690000,0x0000000018790000)]
  0x00000000027e3000 JavaThread "Reference Handler" daemon [_thread_blocked, id=17048, stack(0x0000000018590000,0x0000000018690000)]
  0x00000000026ed800 JavaThread "main" [_thread_blocked, id=11188, stack(0x0000000002550000,0x0000000002650000)]

Other Threads:
  0x00000000173d6800 VMThread [stack: 0x0000000018490000,0x0000000018590000] [id=6568]
  0x000000001746d800 WatcherThread [stack: 0x0000000019290000,0x0000000019390000] [id=14304]

VM state:not at safepoint (normal execution)

VM Mutex/Monitor currently owned by a thread: None

heap address: 0x0000000080000000, size: 2048 MB, Compressed Oops mode: 32-bit
Narrow klass base: 0x0000000000000000, Narrow klass shift: 3
Compressed class space size: 1073741824 Address: 0x0000000100000000

Heap:
 PSYoungGen      total 403456K, used 35289K [0x00000000d5580000, 0x00000000f2b00000, 0x0000000100000000)
  eden space 359936K, 9% used [0x00000000d5580000,0x00000000d77f6770,0x00000000eb500000)
  from space 43520K, 0% used [0x00000000ee080000,0x00000000ee080000,0x00000000f0b00000)
  to   space 44544K, 0% used [0x00000000eb500000,0x00000000eb500000,0x00000000ee080000)
 ParOldGen       total 114688K, used 89026K [0x0000000080000000, 0x0000000087000000, 0x00000000d5580000)
  object space 114688K, 77% used [0x0000000080000000,0x00000000856f08f8,0x0000000087000000)
 Metaspace       used 94111K, capacity 98394K, committed 99368K, reserved 1134592K
  class space    used 12443K, capacity 13336K, committed 13616K, reserved 1048576K

Card table byte_map: [0x0000000011bb0000,0x0000000011fc0000] byte_map_base: 0x00000000117b0000

Marking Bits: (ParMarkBitMap*) 0x000000007531f030
 Begin Bits: [0x0000000012670000, 0x0000000014670000)
 End Bits:   [0x0000000014670000, 0x0000000016670000)

Polling page: 0x00000000024b0000

CodeCache: size=245760Kb used=43518Kb max_used=43730Kb free=202241Kb
 bounds [0x00000000027f0000, 0x0000000005310000, 0x00000000117f0000]
 total_blobs=14292 nmethods=13272 adapters=930
 compilation: enabled

Compilation events (10 events):
Event: 90.924 Thread 0x000000001742e000 nmethod 16098 0x000000000466d290 code [0x000000000466d460, 0x000000000466d8e8]
Event: 90.924 Thread 0x000000001742e000 16096       2       com.android.tools.r8.t.a.a.a.h.Z0::a (182 bytes)
Event: 90.925 Thread 0x000000001742e000 nmethod 16096 0x0000000004d594d0 code [0x0000000004d596a0, 0x0000000004d59ae8]
Event: 90.926 Thread 0x000000001742e000 16094       2       com.android.tools.r8.ir.optimize.info.f::a (8 bytes)
Event: 90.926 Thread 0x000000001742e000 nmethod 16094 0x000000000466ce90 code [0x000000000466d000, 0x000000000466d1e8]
Event: 90.926 Thread 0x000000001742e000 16095       2       com.android.tools.r8.ir.optimize.info.t::<init> (80 bytes)
Event: 90.926 Thread 0x000000001742e000 nmethod 16095 0x0000000004d59090 code [0x0000000004d591e0, 0x0000000004d59430]
Event: 90.926 Thread 0x000000001742e000 16099       2       java.util.concurrent.atomic.AtomicBoolean::compareAndSet (35 bytes)
Event: 90.927 Thread 0x000000001742e000 nmethod 16099 0x0000000004d58c90 code [0x0000000004d58de0, 0x0000000004d58f70]
Event: 90.927 Thread 0x000000001742e000 16100       2       com.android.tools.r8.ir.regalloc.a::a (1761 bytes)

GC Heap History (10 events):
Event: 64.359 GC heap before
{Heap before GC invocations=18 (full 3):
 PSYoungGen      total 282624K, used 282609K [0x00000000d5580000, 0x00000000ea000000, 0x0000000100000000)
  eden space 259072K, 100% used [0x00000000d5580000,0x00000000e5280000,0x00000000e5280000)
  from space 23552K, 99% used [0x00000000e7500000,0x00000000e8bfc7f8,0x00000000e8c00000)
  to   space 35328K, 0% used [0x00000000e5280000,0x00000000e5280000,0x00000000e7500000)
 ParOldGen       total 114688K, used 58150K [0x0000000080000000, 0x0000000087000000, 0x00000000d5580000)
  object space 114688K, 50% used [0x0000000080000000,0x00000000838c9ab8,0x0000000087000000)
 Metaspace       used 77286K, capacity 80764K, committed 81064K, reserved 1120256K
  class space    used 10372K, capacity 11080K, committed 11184K, reserved 1048576K
Event: 64.473 GC heap after
Heap after GC invocations=18 (full 3):
 PSYoungGen      total 294400K, used 14376K [0x00000000d5580000, 0x00000000ece80000, 0x0000000100000000)
  eden space 259072K, 0% used [0x00000000d5580000,0x00000000d5580000,0x00000000e5280000)
  from space 35328K, 40% used [0x00000000e5280000,0x00000000e608a3d0,0x00000000e7500000)
  to   space 33792K, 0% used [0x00000000ead80000,0x00000000ead80000,0x00000000ece80000)
 ParOldGen       total 114688K, used 77132K [0x0000000080000000, 0x0000000087000000, 0x00000000d5580000)
  object space 114688K, 67% used [0x0000000080000000,0x0000000084b530c8,0x0000000087000000)
 Metaspace       used 77286K, capacity 80764K, committed 81064K, reserved 1120256K
  class space    used 10372K, capacity 11080K, committed 11184K, reserved 1048576K
}
Event: 76.503 GC heap before
{Heap before GC invocations=19 (full 3):
 PSYoungGen      total 294400K, used 273448K [0x00000000d5580000, 0x00000000ece80000, 0x0000000100000000)
  eden space 259072K, 100% used [0x00000000d5580000,0x00000000e5280000,0x00000000e5280000)
  from space 35328K, 40% used [0x00000000e5280000,0x00000000e608a3d0,0x00000000e7500000)
  to   space 33792K, 0% used [0x00000000ead80000,0x00000000ead80000,0x00000000ece80000)
 ParOldGen       total 114688K, used 77132K [0x0000000080000000, 0x0000000087000000, 0x00000000d5580000)
  object space 114688K, 67% used [0x0000000080000000,0x0000000084b530c8,0x0000000087000000)
 Metaspace       used 78789K, capacity 82534K, committed 82728K, reserved 1120256K
  class space    used 10532K, capacity 11311K, committed 11312K, reserved 1048576K
Event: 76.651 GC heap after
Heap after GC invocations=19 (full 3):
 PSYoungGen      total 347136K, used 21324K [0x00000000d5580000, 0x00000000ecc80000, 0x0000000100000000)
  eden space 315392K, 0% used [0x00000000d5580000,0x00000000d5580000,0x00000000e8980000)
  from space 31744K, 67% used [0x00000000ead80000,0x00000000ec253130,0x00000000ecc80000)
  to   space 34304K, 0% used [0x00000000e8980000,0x00000000e8980000,0x00000000eab00000)
 ParOldGen       total 114688K, used 77140K [0x0000000080000000, 0x0000000087000000, 0x00000000d5580000)
  object space 114688K, 67% used [0x0000000080000000,0x0000000084b550c8,0x0000000087000000)
 Metaspace       used 78789K, capacity 82534K, committed 82728K, reserved 1120256K
  class space    used 10532K, capacity 11311K, committed 11312K, reserved 1048576K
}
Event: 88.316 GC heap before
{Heap before GC invocations=20 (full 3):
 PSYoungGen      total 347136K, used 336716K [0x00000000d5580000, 0x00000000ecc80000, 0x0000000100000000)
  eden space 315392K, 100% used [0x00000000d5580000,0x00000000e8980000,0x00000000e8980000)
  from space 31744K, 67% used [0x00000000ead80000,0x00000000ec253130,0x00000000ecc80000)
  to   space 34304K, 0% used [0x00000000e8980000,0x00000000e8980000,0x00000000eab00000)
 ParOldGen       total 114688K, used 77140K [0x0000000080000000, 0x0000000087000000, 0x00000000d5580000)
  object space 114688K, 67% used [0x0000000080000000,0x0000000084b550c8,0x0000000087000000)
 Metaspace       used 89836K, capacity 94072K, committed 94120K, reserved 1130496K
  class space    used 11866K, capacity 12705K, committed 12720K, reserved 1048576K
Event: 88.507 GC heap after
Heap after GC invocations=20 (full 3):
 PSYoungGen      total 349696K, used 34281K [0x00000000d5580000, 0x00000000f0b00000, 0x0000000100000000)
  eden space 315392K, 0% used [0x00000000d5580000,0x00000000d5580000,0x00000000e8980000)
  from space 34304K, 99% used [0x00000000e8980000,0x00000000eaafa480,0x00000000eab00000)
  to   space 43520K, 0% used [0x00000000ee080000,0x00000000ee080000,0x00000000f0b00000)
 ParOldGen       total 114688K, used 87735K [0x0000000080000000, 0x0000000087000000, 0x00000000d5580000)
  object space 114688K, 76% used [0x0000000080000000,0x00000000855add28,0x0000000087000000)
 Metaspace       used 89836K, capacity 94072K, committed 94120K, reserved 1130496K
  class space    used 11866K, capacity 12705K, committed 12720K, reserved 1048576K
}
Event: 89.506 GC heap before
{Heap before GC invocations=21 (full 3):
 PSYoungGen      total 349696K, used 65631K [0x00000000d5580000, 0x00000000f0b00000, 0x0000000100000000)
  eden space 315392K, 9% used [0x00000000d5580000,0x00000000d741d9a0,0x00000000e8980000)
  from space 34304K, 99% used [0x00000000e8980000,0x00000000eaafa480,0x00000000eab00000)
  to   space 43520K, 0% used [0x00000000ee080000,0x00000000ee080000,0x00000000f0b00000)
 ParOldGen       total 114688K, used 87735K [0x0000000080000000, 0x0000000087000000, 0x00000000d5580000)
  object space 114688K, 76% used [0x0000000080000000,0x00000000855add28,0x0000000087000000)
 Metaspace       used 93721K, capacity 98468K, committed 98600K, reserved 1134592K
  class space    used 12531K, capacity 13511K, committed 13616K, reserved 1048576K
Event: 89.649 GC heap after
Heap after GC invocations=21 (full 3):
 PSYoungGen      total 403456K, used 26557K [0x00000000d5580000, 0x00000000f2b00000, 0x0000000100000000)
  eden space 359936K, 0% used [0x00000000d5580000,0x00000000d5580000,0x00000000eb500000)
  from space 43520K, 61% used [0x00000000ee080000,0x00000000efa6f5e8,0x00000000f0b00000)
  to   space 44544K, 0% used [0x00000000eb500000,0x00000000eb500000,0x00000000ee080000)
 ParOldGen       total 114688K, used 100941K [0x0000000080000000, 0x0000000087000000, 0x00000000d5580000)
  object space 114688K, 88% used [0x0000000080000000,0x0000000086293788,0x0000000087000000)
 Metaspace       used 93721K, capacity 98468K, committed 98600K, reserved 1134592K
  class space    used 12531K, capacity 13511K, committed 13616K, reserved 1048576K
}
Event: 89.649 GC heap before
{Heap before GC invocations=22 (full 4):
 PSYoungGen      total 403456K, used 26557K [0x00000000d5580000, 0x00000000f2b00000, 0x0000000100000000)
  eden space 359936K, 0% used [0x00000000d5580000,0x00000000d5580000,0x00000000eb500000)
  from space 43520K, 61% used [0x00000000ee080000,0x00000000efa6f5e8,0x00000000f0b00000)
  to   space 44544K, 0% used [0x00000000eb500000,0x00000000eb500000,0x00000000ee080000)
 ParOldGen       total 114688K, used 100941K [0x0000000080000000, 0x0000000087000000, 0x00000000d5580000)
  object space 114688K, 88% used [0x0000000080000000,0x0000000086293788,0x0000000087000000)
 Metaspace       used 93721K, capacity 98468K, committed 98600K, reserved 1134592K
  class space    used 12531K, capacity 13511K, committed 13616K, reserved 1048576K
Event: 90.177 GC heap after
Heap after GC invocations=22 (full 4):
 PSYoungGen      total 403456K, used 0K [0x00000000d5580000, 0x00000000f2b00000, 0x0000000100000000)
  eden space 359936K, 0% used [0x00000000d5580000,0x00000000d5580000,0x00000000eb500000)
  from space 43520K, 0% used [0x00000000ee080000,0x00000000ee080000,0x00000000f0b00000)
  to   space 44544K, 0% used [0x00000000eb500000,0x00000000eb500000,0x00000000ee080000)
 ParOldGen       total 114688K, used 89026K [0x0000000080000000, 0x0000000087000000, 0x00000000d5580000)
  object space 114688K, 77% used [0x0000000080000000,0x00000000856f08f8,0x0000000087000000)
 Metaspace       used 93318K, capacity 97484K, committed 98600K, reserved 1134592K
  class space    used 12387K, capacity 13257K, committed 13616K, reserved 1048576K
}

Deoptimization events (10 events):
Event: 90.541 Thread 0x000000001d6f7800 Uncommon trap: reason=unstable_if action=reinterpret pc=0x0000000003b9f82c method=java.util.HashMap.computeIfAbsent(Ljava/lang/Object;Ljava/util/function/Function;)Ljava/lang/Object; @ 145
Event: 90.541 Thread 0x000000001d6f7800 Uncommon trap: reason=bimorphic action=maybe_recompile pc=0x0000000004a275c4 method=java.util.Collections$UnmodifiableCollection.contains(Ljava/lang/Object;)Z @ 5
Event: 90.542 Thread 0x000000001d6f7800 Uncommon trap: reason=bimorphic action=maybe_recompile pc=0x0000000004a275c4 method=java.util.Collections$UnmodifiableCollection.contains(Ljava/lang/Object;)Z @ 5
Event: 90.542 Thread 0x000000001d6f7800 Uncommon trap: reason=bimorphic action=maybe_recompile pc=0x0000000004a275c4 method=java.util.Collections$UnmodifiableCollection.contains(Ljava/lang/Object;)Z @ 5
Event: 90.729 Thread 0x000000001d6f7800 Uncommon trap: reason=unstable_if action=reinterpret pc=0x00000000052bc1c4 method=com.android.tools.r8.ir.optimize.l.b(Lcom/android/tools/r8/s/b/k0;)Z @ 4
Event: 90.774 Thread 0x000000001d6f6000 Uncommon trap: reason=class_check action=maybe_recompile pc=0x0000000004af2608 method=java.util.stream.AbstractPipeline.wrapAndCopyInto(Ljava/util/stream/Sink;Ljava/util/Spliterator;)Ljava/util/stream/Sink; @ 6
Event: 90.774 Thread 0x000000001d6f6000 Uncommon trap: reason=class_check action=maybe_recompile pc=0x0000000004af2608 method=java.util.stream.AbstractPipeline.wrapAndCopyInto(Ljava/util/stream/Sink;Ljava/util/Spliterator;)Ljava/util/stream/Sink; @ 6
Event: 90.774 Thread 0x000000001d6f6000 Uncommon trap: reason=class_check action=maybe_recompile pc=0x0000000004af2608 method=java.util.stream.AbstractPipeline.wrapAndCopyInto(Ljava/util/stream/Sink;Ljava/util/Spliterator;)Ljava/util/stream/Sink; @ 6
Event: 90.775 Thread 0x000000001d6f6000 Uncommon trap: reason=class_check action=maybe_recompile pc=0x0000000004af2608 method=java.util.stream.AbstractPipeline.wrapAndCopyInto(Ljava/util/stream/Sink;Ljava/util/Spliterator;)Ljava/util/stream/Sink; @ 6
Event: 90.776 Thread 0x000000001d6f7800 Uncommon trap: reason=unstable_if action=reinterpret pc=0x00000000039e1788 method=com.android.tools.r8.q.a.a.b.u0.b(I[Ljava/lang/Object;)Lcom/android/tools/r8/q/a/a/b/u0; @ 113

Classes redefined (0 events):
No events

Internal exceptions (10 events):
Event: 79.665 Thread 0x00000000190af000 Exception <a 'sun/nio/fs/WindowsException'> (0x00000000daa87518) thrown at [C:\src\AOSP-openjdk-git\hotspot\src\share\vm\prims\jni.cpp, line 710]
Event: 79.666 Thread 0x00000000190af000 Exception <a 'sun/nio/fs/WindowsException'> (0x00000000daa88db0) thrown at [C:\src\AOSP-openjdk-git\hotspot\src\share\vm\prims\jni.cpp, line 710]
Event: 83.314 Thread 0x00000000190b6000 Exception <a 'java/lang/NoSuchMethodError': <clinit>> (0x00000000e0e83780) thrown at [C:\src\AOSP-openjdk-git\hotspot\src\share\vm\prims\jni.cpp, line 1615]
Event: 86.811 Thread 0x00000000190af000 Exception <a 'java/lang/NoSuchMethodError': <clinit>> (0x00000000e4eb8f78) thrown at [C:\src\AOSP-openjdk-git\hotspot\src\share\vm\prims\jni.cpp, line 1615]
Event: 86.852 Thread 0x000000002079d800 Exception <a 'java/lang/NoSuchMethodError': java.lang.Object.lambda$static$0(Ljava/lang/String;)Z> (0x00000000d78a5008) thrown at [C:\src\AOSP-openjdk-git\hotspot\src\share\vm\interpreter\linkResolver.cpp, line 620]
Event: 87.120 Thread 0x000000001d6f7800 Exception <a 'sun/nio/fs/WindowsException'> (0x00000000e607f950) thrown at [C:\src\AOSP-openjdk-git\hotspot\src\share\vm\prims\jni.cpp, line 710]
Event: 87.791 Thread 0x000000001d6f7800 Exception <a 'java/lang/IncompatibleClassChangeError': Found class java.lang.Object, but interface was expected> (0x00000000e7310578) thrown at [C:\src\AOSP-openjdk-git\hotspot\src\share\vm\interpreter\linkResolver.cpp, line 653]
Event: 88.968 Thread 0x000000001d6f7800 Exception <a 'java/lang/NoSuchMethodError': java.lang.Object.b(Lcom/android/tools/r8/graph/p1$b;)Lcom/android/tools/r8/graph/p1$b;> (0x00000000d656b578) thrown at [C:\src\AOSP-openjdk-git\hotspot\src\share\vm\interpreter\linkResolver.cpp, line 620]
Event: 89.021 Thread 0x000000001d6f7800 Exception <a 'java/lang/NoSuchMethodError': java.lang.Object.lambda$maxBy$1(Ljava/util/Comparator;Ljava/lang/Object;Ljava/lang/Object;)Ljava/lang/Object;> (0x00000000d66f4ec8) thrown at [C:\src\AOSP-openjdk-git\hotspot\src\share\vm\interpreter\linkResolve
Event: 89.021 Thread 0x000000002079d800 Exception <a 'java/lang/NoSuchMethodError': java.lang.Object.lambda$maxBy$1(Ljava/util/Comparator;Ljava/lang/Object;Ljava/lang/Object;)Ljava/lang/Object;> (0x00000000d65df230) thrown at [C:\src\AOSP-openjdk-git\hotspot\src\share\vm\interpreter\linkResolve

Events (10 events):
Event: 90.872 loading class com/android/tools/r8/ir/regalloc/g
Event: 90.872 loading class com/android/tools/r8/ir/regalloc/g done
Event: 90.873 loading class com/android/tools/r8/s/b/V
Event: 90.873 loading class com/android/tools/r8/s/b/V done
Event: 90.874 Executing VM operation: Deoptimize
Event: 90.878 Executing VM operation: Deoptimize done
Event: 90.879 loading class com/android/tools/r8/ir/regalloc/f
Event: 90.879 loading class com/android/tools/r8/ir/regalloc/f done
Event: 90.906 Executing VM operation: RevokeBias
Event: 90.907 Executing VM operation: RevokeBias done


Dynamic libraries:
0x00007ff7e9dc0000 - 0x00007ff7e9df1000 	D:\Android Studio\jre\bin\java.exe
0x00007ff9e5f50000 - 0x00007ff9e6145000 	C:\WINDOWS\SYSTEM32\ntdll.dll
0x00007ff9e58c0000 - 0x00007ff9e597d000 	C:\WINDOWS\System32\KERNEL32.DLL
0x00007ff9e3720000 - 0x00007ff9e39e8000 	C:\WINDOWS\System32\KERNELBASE.dll
0x00007ff9e5760000 - 0x00007ff9e580c000 	C:\WINDOWS\System32\ADVAPI32.dll
0x00007ff9e4c10000 - 0x00007ff9e4cae000 	C:\WINDOWS\System32\msvcrt.dll
0x00007ff9e5d90000 - 0x00007ff9e5e2b000 	C:\WINDOWS\System32\sechost.dll
0x00007ff9e5be0000 - 0x00007ff9e5d0b000 	C:\WINDOWS\System32\RPCRT4.dll
0x00007ff9e59e0000 - 0x00007ff9e5b80000 	C:\WINDOWS\System32\USER32.dll
0x00007ff9e3c80000 - 0x00007ff9e3ca2000 	C:\WINDOWS\System32\win32u.dll
0x00007ff9e4e50000 - 0x00007ff9e4e7a000 	C:\WINDOWS\System32\GDI32.dll
0x00007ff9e3b70000 - 0x00007ff9e3c7b000 	C:\WINDOWS\System32\gdi32full.dll
0x00007ff9e3ad0000 - 0x00007ff9e3b6d000 	C:\WINDOWS\System32\msvcp_win.dll
0x00007ff9e3cb0000 - 0x00007ff9e3db0000 	C:\WINDOWS\System32\ucrtbase.dll
0x00007ff9dbad0000 - 0x00007ff9dbd6a000 	C:\WINDOWS\WinSxS\amd64_microsoft.windows.common-controls_6595b64144ccf1df_6.0.19041.844_none_ca00b6081b84eb1d\COMCTL32.dll
0x00007ff9e5730000 - 0x00007ff9e5760000 	C:\WINDOWS\System32\IMM32.DLL
0x0000000074120000 - 0x00000000741f2000 	D:\Android Studio\jre\jre\bin\msvcr100.dll
0x0000000074b50000 - 0x000000007539b000 	D:\Android Studio\jre\jre\bin\server\jvm.dll
0x00007ff9e5300000 - 0x00007ff9e5308000 	C:\WINDOWS\System32\PSAPI.DLL
0x00007ff9dcd50000 - 0x00007ff9dcd5a000 	C:\WINDOWS\SYSTEM32\VERSION.dll
0x00007ff9d5a80000 - 0x00007ff9d5aa7000 	C:\WINDOWS\SYSTEM32\WINMM.dll
0x00007ff9d3280000 - 0x00007ff9d3289000 	C:\WINDOWS\SYSTEM32\WSOCK32.dll
0x00007ff9e5370000 - 0x00007ff9e53db000 	C:\WINDOWS\System32\WS2_32.dll
0x00007ff9e1050000 - 0x00007ff9e105f000 	D:\Android Studio\jre\jre\bin\verify.dll
0x00007ff9dc010000 - 0x00007ff9dc039000 	D:\Android Studio\jre\jre\bin\java.dll
0x00007ff9da320000 - 0x00007ff9da336000 	D:\Android Studio\jre\jre\bin\zip.dll
0x00007ff9e4050000 - 0x00007ff9e4792000 	C:\WINDOWS\System32\SHELL32.dll
0x00007ff9e1860000 - 0x00007ff9e1ff1000 	C:\WINDOWS\SYSTEM32\windows.storage.dll
0x00007ff9e4e80000 - 0x00007ff9e51d5000 	C:\WINDOWS\System32\combase.dll
0x00007ff9e30c0000 - 0x00007ff9e30ec000 	C:\WINDOWS\SYSTEM32\Wldp.dll
0x00007ff9e4cb0000 - 0x00007ff9e4d5e000 	C:\WINDOWS\System32\SHCORE.dll
0x00007ff9e5b80000 - 0x00007ff9e5bd5000 	C:\WINDOWS\System32\shlwapi.dll
0x00007ff9e3660000 - 0x00007ff9e367f000 	C:\WINDOWS\SYSTEM32\profapi.dll
0x00007ff9da300000 - 0x00007ff9da31a000 	D:\Android Studio\jre\jre\bin\net.dll
0x00007ff9e2e30000 - 0x00007ff9e2e9a000 	C:\WINDOWS\system32\mswsock.dll
0x00007ff9d3bd0000 - 0x00007ff9d3be3000 	D:\Android Studio\jre\jre\bin\nio.dll
0x00007ff9b5920000 - 0x00007ff9b5947000 	C:\Users\smart 1234\.gradle\native\f6784746aeab05261644944871eae4fe03e0ef1612fff0a4a95f87b438bc6780\windows-amd64\native-platform.dll
0x00007ff9df480000 - 0x00007ff9df48d000 	D:\Android Studio\jre\jre\bin\management.dll
0x00007ff9e3000000 - 0x00007ff9e3018000 	C:\WINDOWS\SYSTEM32\CRYPTSP.dll
0x00007ff9e27d0000 - 0x00007ff9e2804000 	C:\WINDOWS\system32\rsaenh.dll
0x00007ff9e3db0000 - 0x00007ff9e3dd7000 	C:\WINDOWS\System32\bcrypt.dll
0x00007ff9e3620000 - 0x00007ff9e364e000 	C:\WINDOWS\SYSTEM32\USERENV.dll
0x00007ff9e39f0000 - 0x00007ff9e3a70000 	C:\WINDOWS\System32\bcryptprimitives.dll
0x00007ff9e3020000 - 0x00007ff9e302c000 	C:\WINDOWS\SYSTEM32\CRYPTBASE.dll
0x00007ff9e2b20000 - 0x00007ff9e2b5b000 	C:\WINDOWS\SYSTEM32\IPHLPAPI.DLL
0x00007ff9e5720000 - 0x00007ff9e5728000 	C:\WINDOWS\System32\NSI.dll
0x00007ff9dc880000 - 0x00007ff9dc897000 	C:\WINDOWS\SYSTEM32\dhcpcsvc6.DLL
0x00007ff9dcca0000 - 0x00007ff9dccbd000 	C:\WINDOWS\SYSTEM32\dhcpcsvc.DLL
0x00007ff9e2b60000 - 0x00007ff9e2c2c000 	C:\WINDOWS\SYSTEM32\DNSAPI.dll
0x00007ff9dce00000 - 0x00007ff9dce0b000 	C:\WINDOWS\SYSTEM32\WINNSI.DLL
0x00007ff9c67a0000 - 0x00007ff9c67c4000 	D:\Android Studio\jre\jre\bin\sunec.dll
0x00007ff9d4910000 - 0x00007ff9d491a000 	C:\Windows\System32\rasadhlp.dll
0x00007ff9d5de0000 - 0x00007ff9d5e5f000 	C:\WINDOWS\System32\fwpuclnt.dll
0x00007ff9dde30000 - 0x00007ff9dde3b000 	D:\Android Studio\jre\jre\bin\sunmscapi.dll
0x00007ff9e3e30000 - 0x00007ff9e3f8f000 	C:\WINDOWS\System32\CRYPT32.dll
0x00007ff9abc70000 - 0x00007ff9abe0c000 	D:\Android Studio\jre\jre\bin\awt.dll
0x00007ff9e4d60000 - 0x00007ff9e4e2d000 	C:\WINDOWS\System32\OLEAUT32.dll
0x00007ff9e1550000 - 0x00007ff9e157f000 	C:\WINDOWS\SYSTEM32\dwmapi.dll
0x00007ff9df970000 - 0x00007ff9dff30000 	C:\WINDOWS\SYSTEM32\d2d1.dll
0x00007ff9e10d0000 - 0x00007ff9e1160000 	C:\WINDOWS\SYSTEM32\apphelp.dll
0x00007ff9e11a0000 - 0x00007ff9e123e000 	C:\WINDOWS\system32\uxtheme.dll

VM Arguments:
jvm_args: -Xmx2048m -Dfile.encoding=UTF-8 -Duser.country=US -Duser.language=en -Duser.variant 
java_command: org.gradle.launcher.daemon.bootstrap.GradleDaemon 6.5
java_class_path (initial): C:\Users\smart 1234\.gradle\wrapper\dists\gradle-6.5-bin\6nifqtx7604sqp1q6g8wikw7p\gradle-6.5\lib\gradle-launcher-6.5.jar
Launcher Type: SUN_STANDARD

Environment Variables:
PATH=C:\Program Files\Common Files\Oracle\Java\javapath;C:\orant\bin;C:\WINDOWS\system32;C:\WINDOWS;C:\WINDOWS\System32\Wbem;C:\WINDOWS\System32\WindowsPowerShell\v1.0\;C:\Program Files (x86)\Microsoft SQL Server\100\Tools\Binn\;C:\Program Files\Microsoft SQL Server\100\Tools\Binn\;C:\Program Files\Microsoft SQL Server\100\DTS\Binn\;C:\Program Files (x86)\GtkSharp\2.12\bin;C:\Program Files (x86)\GtkSharp\bin;C:\orant\jdk\bin;D:\Git\cmd;C:\WINDOWS\System32\OpenSSH\;D:\Xampp\php;D:\Composer;C:\Program Files\Java\jdk-15\bin;C:\Users\smart 1234\AppData\Local\Microsoft\WindowsApps;;C:\Program Files\Azure Data Studio\bin;C:\Program Files\Azure Data Studio\bin;C:\Program Files\Azure Data Studio\bin;C:\Users\smart 1234\AppData\Roaming\Composer\vendor\bin;C:\Program Files\Azure Data Studio\bin;D:\Microsoft VS Code\bin
USERNAME=smart 1234
OS=Windows_NT
PROCESSOR_IDENTIFIER=Intel64 Family 6 Model 78 Stepping 3, GenuineIntel



---------------  S Y S T E M  ---------------

OS: Windows 10.0 , 64 bit Build 19041 (10.0.19041.928)

CPU:total 4 (initial active 4) (2 cores per cpu, 2 threads per core) family 6 model 78 stepping 3, cmov, cx8, fxsr, mmx, sse, sse2, sse3, ssse3, sse4.1, sse4.2, popcnt, avx, avx2, aes, clmul, erms, 3dnowpref, lzcnt, ht, tsc, tscinvbit, bmi1, bmi2, adx

Memory: 4k page, physical 8244072k(1255180k free), swap 26539108k(3536k free)

vm_info: OpenJDK 64-Bit Server VM (25.242-b01) for windows-amd64 JRE (1.8.0_242-release-1644-b01), built by "builder" with MS VC++ 10.0 (VS2010)

time: Fri Apr 23 10:35:28 2021
timezone: Pakistan Standard Time
elapsed time: 90 seconds (0d 0h 1m 30s)

