#
# There is insufficient memory for the Java Runtime Environment to continue.
# Native memory allocation (malloc) failed to allocate 32744 bytes for ChunkPool::allocate
# Possible reasons:
#   The system is out of physical RAM or swap space
#   The process is running with CompressedOops enabled, and the Java Heap may be blocking the growth of the native heap
# Possible solutions:
#   Reduce memory load on the system
#   Increase physical memory or swap space
#   Check if swap backing store is full
#   Decrease Java heap size (-Xmx/-Xms)
#   Decrease number of Java threads
#   Decrease Java thread stack sizes (-Xss)
#   Set larger code cache with -XX:ReservedCodeCacheSize=
#   JVM is running with Unscaled Compressed Oops mode in which the Java heap is
#     placed in the first 4GB address space. The Java Heap base address is the
#     maximum limit for the native heap growth. Please use -XX:HeapBaseMinAddress
#     to set the Java Heap base and to place the Java Heap above 4GB virtual address.
# This output file may be truncated or incomplete.
#
#  Out of Memory Error (allocation.cpp:272), pid=6448, tid=0x0000000000002258
#
# JRE version: OpenJDK Runtime Environment (8.0_242-b01) (build 1.8.0_242-release-1644-b01)
# Java VM: OpenJDK 64-Bit Server VM (25.242-b01 mixed mode windows-amd64 compressed oops)
# Failed to write core dump. Minidumps are not enabled by default on client versions of Windows
#

---------------  T H R E A D  ---------------

Current thread (0x0000000016fc9000):  JavaThread "C1 CompilerThread2" daemon [_thread_in_native, id=8792, stack(0x0000000018800000,0x0000000018900000)]

Stack: [0x0000000018800000,0x0000000018900000]
[error occurred during error reporting (printing stack bounds), id 0xc0000005]

Native frames: (J=compiled Java code, j=interpreted, Vv=VM code, C=native code)


Current CompileTask:
C1: 233665 16987 %     3       com.android.tools.r8.ir.regalloc.a::a @ 1400 (3992 bytes)


---------------  P R O C E S S  ---------------

Java Threads: ( => current thread )
  0x000000001f062000 JavaThread "WorkerExecutor Queue Thread 4" [_thread_blocked, id=3388, stack(0x000000002b5f0000,0x000000002b6f0000)]
  0x000000001f063800 JavaThread "WorkerExecutor Queue Thread 3" [_thread_in_Java, id=7336, stack(0x000000002b4f0000,0x000000002b5f0000)]
  0x000000001c075800 JavaThread "WorkerExecutor Queue Thread 2" [_thread_in_Java, id=12612, stack(0x000000002b3f0000,0x000000002b4f0000)]
  0x000000001c072800 JavaThread "WorkerExecutor Queue" [_thread_in_Java, id=1660, stack(0x000000002b2f0000,0x000000002b3f0000)]
  0x000000001c074800 JavaThread "Cache worker for Java compile cache (D:\Projects\AndroidProjects\Fyp\.gradle\6.5\javaCompile)" [_thread_blocked, id=15672, stack(0x000000002a8f0000,0x000000002a9f0000)]
  0x000000001c078800 JavaThread "Cache worker for execution history cache (D:\Projects\AndroidProjects\Fyp\.gradle\6.5\executionHistory)" [_thread_blocked, id=12784, stack(0x0000000029120000,0x0000000029220000)]
  0x000000001c073000 JavaThread "Execution worker for ':' Thread 3" [_thread_blocked, id=15548, stack(0x0000000027dc0000,0x0000000027ec0000)]
  0x000000001c071800 JavaThread "Execution worker for ':' Thread 2" [_thread_blocked, id=15436, stack(0x0000000027ac0000,0x0000000027bc0000)]
  0x000000001c077800 JavaThread "Execution worker for ':'" [_thread_blocked, id=6984, stack(0x00000000279c0000,0x0000000027ac0000)]
  0x000000001c074000 JavaThread "Cache worker for file content cache (D:\Projects\AndroidProjects\Fyp\.gradle\6.5\fileContent)" [_thread_blocked, id=9228, stack(0x00000000278c0000,0x00000000279c0000)]
  0x000000001c06a000 JavaThread "Cache worker for Build Output Cleanup Cache (D:\Projects\AndroidProjects\Fyp\.gradle\buildOutputCleanup)" [_thread_blocked, id=16992, stack(0x00000000277c0000,0x00000000278c0000)]
  0x000000001c071000 JavaThread "jar transforms Thread 188" [_thread_blocked, id=1328, stack(0x00000000276c0000,0x00000000277c0000)]
  0x000000001c070000 JavaThread "jar transforms Thread 187" [_thread_blocked, id=8840, stack(0x00000000275c0000,0x00000000276c0000)]
  0x000000001c06e000 JavaThread "jar transforms Thread 186" [_thread_blocked, id=5564, stack(0x00000000274c0000,0x00000000275c0000)]
  0x000000001c06b000 JavaThread "jar transforms Thread 185" [_thread_blocked, id=6428, stack(0x00000000273c0000,0x00000000274c0000)]
  0x000000001c06e800 JavaThread "jar transforms Thread 184" [_thread_blocked, id=3144, stack(0x00000000272c0000,0x00000000273c0000)]
  0x000000001c06c800 JavaThread "jar transforms Thread 183" [_thread_blocked, id=12540, stack(0x00000000271c0000,0x00000000272c0000)]
  0x000000001c06b800 JavaThread "jar transforms Thread 182" [_thread_blocked, id=14504, stack(0x00000000270c0000,0x00000000271c0000)]
  0x000000001c06d000 JavaThread "jar transforms Thread 181" [_thread_blocked, id=17060, stack(0x0000000026fc0000,0x00000000270c0000)]
  0x000000001c06f800 JavaThread "jar transforms Thread 180" [_thread_blocked, id=1536, stack(0x0000000026ec0000,0x0000000026fc0000)]
  0x000000002010d800 JavaThread "jar transforms Thread 179" [_thread_blocked, id=12824, stack(0x0000000026dc0000,0x0000000026ec0000)]
  0x000000002010c800 JavaThread "jar transforms Thread 178" [_thread_blocked, id=9368, stack(0x0000000026cc0000,0x0000000026dc0000)]
  0x000000002010b000 JavaThread "jar transforms Thread 177" [_thread_blocked, id=14056, stack(0x0000000026bc0000,0x0000000026cc0000)]
  0x000000002010c000 JavaThread "jar transforms Thread 176" [_thread_blocked, id=16944, stack(0x0000000026ac0000,0x0000000026bc0000)]
  0x000000002010a800 JavaThread "jar transforms Thread 175" [_thread_blocked, id=17256, stack(0x00000000269c0000,0x0000000026ac0000)]
  0x0000000020109000 JavaThread "jar transforms Thread 174" [_thread_blocked, id=7888, stack(0x00000000268c0000,0x00000000269c0000)]
  0x0000000020109800 JavaThread "jar transforms Thread 173" [_thread_blocked, id=16236, stack(0x00000000267c0000,0x00000000268c0000)]
  0x0000000020101800 JavaThread "jar transforms Thread 172" [_thread_blocked, id=14588, stack(0x00000000266c0000,0x00000000267c0000)]
  0x0000000020108000 JavaThread "jar transforms Thread 171" [_thread_blocked, id=6720, stack(0x00000000265c0000,0x00000000266c0000)]
  0x0000000020107800 JavaThread "jar transforms Thread 170" [_thread_blocked, id=12096, stack(0x00000000264c0000,0x00000000265c0000)]
  0x0000000020100000 JavaThread "jar transforms Thread 169" [_thread_blocked, id=13852, stack(0x00000000263c0000,0x00000000264c0000)]
  0x0000000020103800 JavaThread "jar transforms Thread 168" [_thread_blocked, id=10116, stack(0x00000000262c0000,0x00000000263c0000)]
  0x0000000020106800 JavaThread "jar transforms Thread 167" [_thread_blocked, id=3000, stack(0x00000000261c0000,0x00000000262c0000)]
  0x00000000200ff000 JavaThread "jar transforms Thread 166" [_thread_blocked, id=9496, stack(0x00000000260c0000,0x00000000261c0000)]
  0x0000000020100800 JavaThread "jar transforms Thread 165" [_thread_blocked, id=6140, stack(0x0000000025fc0000,0x00000000260c0000)]
  0x0000000020106000 JavaThread "jar transforms Thread 164" [_thread_blocked, id=12484, stack(0x0000000025ec0000,0x0000000025fc0000)]
  0x00000000200fe800 JavaThread "jar transforms Thread 163" [_thread_blocked, id=14136, stack(0x0000000025dc0000,0x0000000025ec0000)]
  0x0000000020105000 JavaThread "jar transforms Thread 162" [_thread_blocked, id=14108, stack(0x0000000025cc0000,0x0000000025dc0000)]
  0x0000000020103000 JavaThread "jar transforms Thread 161" [_thread_blocked, id=16900, stack(0x0000000025bc0000,0x0000000025cc0000)]
  0x0000000020104800 JavaThread "jar transforms Thread 160" [_thread_blocked, id=8392, stack(0x0000000025ac0000,0x0000000025bc0000)]
  0x0000000020102000 JavaThread "jar transforms Thread 159" [_thread_blocked, id=4088, stack(0x00000000259c0000,0x0000000025ac0000)]
  0x00000000206bd800 JavaThread "jar transforms Thread 158" [_thread_blocked, id=14600, stack(0x00000000258c0000,0x00000000259c0000)]
  0x00000000206bc000 JavaThread "jar transforms Thread 157" [_thread_blocked, id=13592, stack(0x00000000257c0000,0x00000000258c0000)]
  0x00000000206be800 JavaThread "jar transforms Thread 156" [_thread_blocked, id=7248, stack(0x00000000256c0000,0x00000000257c0000)]
  0x00000000206bd000 JavaThread "jar transforms Thread 155" [_thread_blocked, id=16048, stack(0x00000000255c0000,0x00000000256c0000)]
  0x00000000206bb800 JavaThread "jar transforms Thread 154" [_thread_blocked, id=7140, stack(0x00000000254c0000,0x00000000255c0000)]
  0x00000000206ba000 JavaThread "jar transforms Thread 153" [_thread_blocked, id=968, stack(0x00000000253c0000,0x00000000254c0000)]
  0x00000000206ba800 JavaThread "jar transforms Thread 152" [_thread_blocked, id=15292, stack(0x00000000252c0000,0x00000000253c0000)]
  0x00000000206bf000 JavaThread "jar transforms Thread 151" [_thread_blocked, id=7864, stack(0x00000000251c0000,0x00000000252c0000)]
  0x00000000206b4800 JavaThread "jar transforms Thread 150" [_thread_blocked, id=12460, stack(0x00000000250c0000,0x00000000251c0000)]
  0x00000000206b5800 JavaThread "jar transforms Thread 149" [_thread_blocked, id=17336, stack(0x0000000024fc0000,0x00000000250c0000)]
  0x00000000206b9000 JavaThread "jar transforms Thread 148" [_thread_blocked, id=9648, stack(0x0000000024ec0000,0x0000000024fc0000)]
  0x00000000206b1800 JavaThread "jar transforms Thread 147" [_thread_blocked, id=13820, stack(0x0000000024dc0000,0x0000000024ec0000)]
  0x00000000206b8800 JavaThread "jar transforms Thread 146" [_thread_blocked, id=17332, stack(0x0000000024cc0000,0x0000000024dc0000)]
  0x00000000206b1000 JavaThread "jar transforms Thread 145" [_thread_blocked, id=1060, stack(0x0000000024bc0000,0x0000000024cc0000)]
  0x00000000206b4000 JavaThread "jar transforms Thread 144" [_thread_blocked, id=7500, stack(0x0000000024ac0000,0x0000000024bc0000)]
  0x00000000206b7800 JavaThread "jar transforms Thread 143" [_thread_blocked, id=16516, stack(0x00000000249c0000,0x0000000024ac0000)]
  0x00000000206b0000 JavaThread "jar transforms Thread 142" [_thread_blocked, id=14028, stack(0x00000000248c0000,0x00000000249c0000)]
  0x00000000206b3000 JavaThread "jar transforms Thread 141" [_thread_blocked, id=4080, stack(0x00000000247c0000,0x00000000248c0000)]
  0x00000000206b6000 JavaThread "jar transforms Thread 140" [_thread_blocked, id=9236, stack(0x00000000246c0000,0x00000000247c0000)]
  0x00000000206b7000 JavaThread "jar transforms Thread 139" [_thread_blocked, id=11324, stack(0x00000000245c0000,0x00000000246c0000)]
  0x00000000206b2800 JavaThread "jar transforms Thread 138" [_thread_blocked, id=6564, stack(0x00000000244c0000,0x00000000245c0000)]
  0x0000000019514000 JavaThread "jar transforms Thread 137" [_thread_blocked, id=15308, stack(0x00000000243c0000,0x00000000244c0000)]
  0x000000001951a000 JavaThread "jar transforms Thread 136" [_thread_blocked, id=9400, stack(0x00000000242c0000,0x00000000243c0000)]
  0x0000000019513800 JavaThread "jar transforms Thread 135" [_thread_blocked, id=11652, stack(0x00000000241c0000,0x00000000242c0000)]
  0x0000000019519800 JavaThread "jar transforms Thread 134" [_thread_blocked, id=10780, stack(0x00000000240c0000,0x00000000241c0000)]
  0x0000000019517000 JavaThread "jar transforms Thread 133" [_thread_blocked, id=6952, stack(0x0000000023fc0000,0x00000000240c0000)]
  0x000000001e65a800 JavaThread "jar transforms Thread 132" [_thread_blocked, id=3728, stack(0x0000000023ec0000,0x0000000023fc0000)]
  0x000000001e65e000 JavaThread "jar transforms Thread 131" [_thread_blocked, id=1016, stack(0x0000000023dc0000,0x0000000023ec0000)]
  0x000000001e65b000 JavaThread "jar transforms Thread 130" [_thread_blocked, id=12424, stack(0x0000000023cc0000,0x0000000023dc0000)]
  0x000000001e65c000 JavaThread "jar transforms Thread 129" [_thread_blocked, id=12380, stack(0x0000000023bc0000,0x0000000023cc0000)]
  0x000000001e659800 JavaThread "jar transforms Thread 128" [_thread_blocked, id=10840, stack(0x0000000023ac0000,0x0000000023bc0000)]
  0x000000001e65d800 JavaThread "jar transforms Thread 127" [_thread_blocked, id=2340, stack(0x00000000239c0000,0x0000000023ac0000)]
  0x000000001e652800 JavaThread "jar transforms Thread 126" [_thread_blocked, id=11720, stack(0x00000000238c0000,0x00000000239c0000)]
  0x000000001e655000 JavaThread "jar transforms Thread 125" [_thread_blocked, id=1288, stack(0x00000000237c0000,0x00000000238c0000)]
  0x000000001e652000 JavaThread "jar transforms Thread 124" [_thread_blocked, id=9152, stack(0x00000000236c0000,0x00000000237c0000)]
  0x000000001e654000 JavaThread "jar transforms Thread 123" [_thread_blocked, id=10976, stack(0x00000000235c0000,0x00000000236c0000)]
  0x000000001e659000 JavaThread "jar transforms Thread 122" [_thread_blocked, id=7036, stack(0x00000000234c0000,0x00000000235c0000)]
  0x000000001e650800 JavaThread "jar transforms Thread 121" [_thread_blocked, id=14560, stack(0x00000000233c0000,0x00000000234c0000)]
  0x000000001e656800 JavaThread "jar transforms Thread 120" [_thread_blocked, id=9524, stack(0x00000000232c0000,0x00000000233c0000)]
  0x000000001e651000 JavaThread "jar transforms Thread 119" [_thread_blocked, id=3564, stack(0x00000000231c0000,0x00000000232c0000)]
  0x000000001e64f000 JavaThread "jar transforms Thread 118" [_thread_blocked, id=8956, stack(0x00000000230c0000,0x00000000231c0000)]
  0x000000001e655800 JavaThread "jar transforms Thread 117" [_thread_blocked, id=10048, stack(0x0000000022fc0000,0x00000000230c0000)]
  0x000000001ee98800 JavaThread "jar transforms Thread 116" [_thread_blocked, id=5044, stack(0x0000000022ec0000,0x0000000022fc0000)]
  0x000000001ee97800 JavaThread "jar transforms Thread 115" [_thread_blocked, id=6132, stack(0x0000000022dc0000,0x0000000022ec0000)]
  0x000000001ee9e800 JavaThread "jar transforms Thread 114" [_thread_blocked, id=11044, stack(0x0000000022cc0000,0x0000000022dc0000)]
  0x000000001ee9a000 JavaThread "jar transforms Thread 113" [_thread_blocked, id=12304, stack(0x0000000022bc0000,0x0000000022cc0000)]
  0x000000001ee9e000 JavaThread "jar transforms Thread 112" [_thread_blocked, id=8116, stack(0x0000000022ac0000,0x0000000022bc0000)]
  0x000000001ee99000 JavaThread "jar transforms Thread 111" [_thread_blocked, id=8148, stack(0x00000000229c0000,0x0000000022ac0000)]
  0x000000001ee9d000 JavaThread "jar transforms Thread 110" [_thread_blocked, id=13856, stack(0x00000000228c0000,0x00000000229c0000)]
  0x000000001ee97000 JavaThread "jar transforms Thread 109" [_thread_blocked, id=14772, stack(0x00000000227c0000,0x00000000228c0000)]
  0x000000001ee9c800 JavaThread "jar transforms Thread 108" [_thread_blocked, id=4480, stack(0x00000000226c0000,0x00000000227c0000)]
  0x000000001ee9b800 JavaThread "jar transforms Thread 107" [_thread_blocked, id=8576, stack(0x00000000225c0000,0x00000000226c0000)]
  0x000000001ee9a800 JavaThread "jar transforms Thread 106" [_thread_blocked, id=5184, stack(0x00000000224c0000,0x00000000225c0000)]
  0x000000001ee8f800 JavaThread "jar transforms Thread 105" [_thread_blocked, id=5908, stack(0x00000000223c0000,0x00000000224c0000)]
  0x000000001ee96000 JavaThread "jar transforms Thread 104" [_thread_blocked, id=14340, stack(0x00000000222c0000,0x00000000223c0000)]
  0x000000001ee95800 JavaThread "jar transforms Thread 103" [_thread_blocked, id=11836, stack(0x00000000221c0000,0x00000000222c0000)]
  0x000000001ee94000 JavaThread "jar transforms Thread 102" [_thread_blocked, id=4640, stack(0x00000000220c0000,0x00000000221c0000)]
  0x000000001ee93000 JavaThread "jar transforms Thread 101" [_thread_blocked, id=11792, stack(0x0000000021fc0000,0x00000000220c0000)]
  0x000000001ee94800 JavaThread "jar transforms Thread 100" [_thread_blocked, id=13696, stack(0x0000000021ec0000,0x0000000021fc0000)]
  0x000000001ee92800 JavaThread "jar transforms Thread 99" [_thread_blocked, id=8052, stack(0x0000000021dc0000,0x0000000021ec0000)]
  0x000000001cb1a000 JavaThread "jar transforms Thread 98" [_thread_blocked, id=12916, stack(0x0000000021cc0000,0x0000000021dc0000)]
  0x000000001cb16000 JavaThread "jar transforms Thread 97" [_thread_blocked, id=3628, stack(0x0000000021bc0000,0x0000000021cc0000)]
  0x000000001cb15800 JavaThread "jar transforms Thread 96" [_thread_blocked, id=9892, stack(0x0000000021ac0000,0x0000000021bc0000)]
  0x000000001cb1a800 JavaThread "jar transforms Thread 95" [_thread_blocked, id=10228, stack(0x000000001fcc0000,0x000000001fdc0000)]
  0x000000001cb14800 JavaThread "Build operations Thread 4" [_thread_blocked, id=15760, stack(0x000000001fbc0000,0x000000001fcc0000)]
  0x000000001cb17800 JavaThread "Build operations Thread 3" [_thread_blocked, id=14644, stack(0x000000001fac0000,0x000000001fbc0000)]
  0x000000001cb17000 JavaThread "Build operations Thread 2" [_thread_blocked, id=16732, stack(0x000000001f8c0000,0x000000001f9c0000)]
  0x000000001cb1b800 JavaThread "Build operations" [_thread_blocked, id=11868, stack(0x000000001f7c0000,0x000000001f8c0000)]
  0x000000001cb0d000 JavaThread "Cache worker for cache directory md-rule (C:\Users\smart 1234\.gradle\caches\6.5\md-rule)" [_thread_blocked, id=392, stack(0x000000001f6c0000,0x000000001f7c0000)]
  0x000000001cb14000 JavaThread "Cache worker for cache directory md-supplier (C:\Users\smart 1234\.gradle\caches\6.5\md-supplier)" [_thread_blocked, id=14908, stack(0x000000001ba50000,0x000000001bb50000)]
  0x000000001cb13000 JavaThread "Cache worker for checksums cache (D:\Projects\AndroidProjects\Fyp\.gradle\checksums)" [_thread_blocked, id=15924, stack(0x000000001b750000,0x000000001b850000)]
  0x000000001cb11800 JavaThread "Cache worker for file hash cache (D:\Projects\AndroidProjects\Fyp\.gradle\6.5\fileHashes)" [_thread_blocked, id=8932, stack(0x000000001b650000,0x000000001b750000)]
  0x000000001cb0e000 JavaThread "Thread-135" [_thread_blocked, id=2724, stack(0x000000001b550000,0x000000001b650000)]
  0x000000001cb12800 JavaThread "Stdin handler" [_thread_blocked, id=12656, stack(0x000000001b450000,0x000000001b550000)]
  0x000000001cb11000 JavaThread "Asynchronous log dispatcher for DefaultDaemonConnection: socket connection from /127.0.0.1:53495 to /127.0.0.1:53511" [_thread_blocked, id=7144, stack(0x000000001ae10000,0x000000001af10000)]
  0x000000001cb10000 JavaThread "Daemon worker Thread 2" [_thread_blocked, id=6344, stack(0x000000001ad10000,0x000000001ae10000)]
  0x000000001cb0f800 JavaThread "Cancel handler" [_thread_blocked, id=9772, stack(0x00000000007e0000,0x00000000008e0000)]
  0x000000001cb0e800 JavaThread "Handler for socket connection from /127.0.0.1:53495 to /127.0.0.1:53511" [_thread_in_native, id=3936, stack(0x00000000006e0000,0x00000000007e0000)]
  0x000000001cb0c800 JavaThread "Daemon Thread 2" [_thread_blocked, id=12360, stack(0x00000000005e0000,0x00000000006e0000)]
  0x000000001e64f800 JavaThread "Cache worker for Java compile cache (C:\Users\smart 1234\.gradle\caches\6.5\javaCompile)" [_thread_blocked, id=15112, stack(0x000000002bef0000,0x000000002bff0000)]
  0x000000001cb19000 JavaThread "Memory manager" [_thread_blocked, id=10816, stack(0x00000000282c0000,0x00000000283c0000)]
  0x0000000019516800 JavaThread "Cache worker for file content cache (C:\Users\smart 1234\.gradle\caches\6.5\fileContent)" [_thread_blocked, id=10136, stack(0x00000000213c0000,0x00000000214c0000)]
  0x0000000019515000 JavaThread "Cache worker for execution history cache (C:\Users\smart 1234\.gradle\caches\6.5\executionHistory)" [_thread_blocked, id=14668, stack(0x000000001f9c0000,0x000000001fac0000)]
  0x0000000019518800 JavaThread "Cache worker for file hash cache (C:\Users\smart 1234\.gradle\caches\6.5\fileHashes)" [_thread_blocked, id=7396, stack(0x000000001d020000,0x000000001d120000)]
  0x0000000019518000 JavaThread "File lock request listener" [_thread_in_native, id=10704, stack(0x000000001cf20000,0x000000001d020000)]
  0x0000000018cd8800 JavaThread "Cache worker for journal cache (C:\Users\smart 1234\.gradle\caches\journal-1)" [_thread_blocked, id=8044, stack(0x000000001cd20000,0x000000001ce20000)]
  0x0000000019a44800 JavaThread "Daemon periodic checks" [_thread_blocked, id=5972, stack(0x000000001b150000,0x000000001b250000)]
  0x0000000019ba6000 JavaThread "Incoming local TCP Connector on port 53495" [_thread_in_native, id=14148, stack(0x000000001af10000,0x000000001b010000)]
  0x0000000019e7c800 JavaThread "Daemon health stats" [_thread_blocked, id=12084, stack(0x000000001a8d0000,0x000000001a9d0000)]
  0x000000001700e800 JavaThread "Service Thread" daemon [_thread_blocked, id=16560, stack(0x0000000018d00000,0x0000000018e00000)]
=>0x0000000016fc9000 JavaThread "C1 CompilerThread2" daemon [_thread_in_native, id=8792, stack(0x0000000018800000,0x0000000018900000)]
  0x0000000016fbc000 JavaThread "C2 CompilerThread1" daemon [_thread_in_native, id=13220, stack(0x0000000018700000,0x0000000018800000)]
  0x0000000016fb8000 JavaThread "C2 CompilerThread0" daemon [_thread_in_native, id=14316, stack(0x0000000018600000,0x0000000018700000)]
  0x0000000016fb4000 JavaThread "Attach Listener" daemon [_thread_blocked, id=16272, stack(0x0000000018500000,0x0000000018600000)]
  0x0000000016fb1000 JavaThread "Signal Dispatcher" daemon [_thread_blocked, id=7044, stack(0x0000000018400000,0x0000000018500000)]
  0x000000000238a000 JavaThread "Finalizer" daemon [_thread_blocked, id=8912, stack(0x0000000018200000,0x0000000018300000)]
  0x0000000002381000 JavaThread "Reference Handler" daemon [_thread_blocked, id=3700, stack(0x0000000018100000,0x0000000018200000)]
  0x000000000228d800 JavaThread "main" [_thread_blocked, id=13952, stack(0x00000000020f0000,0x00000000021f0000)]

Other Threads:
  0x0000000016f76800 VMThread [stack: 0x0000000018000000,0x0000000018100000] [id=7916]
  0x0000000018935000 WatcherThread [stack: 0x0000000018e00000,0x0000000018f00000] [id=10004]

VM state:not at safepoint (normal execution)

VM Mutex/Monitor currently owned by a thread: None

heap address: 0x0000000080000000, size: 2048 MB, Compressed Oops mode: 32-bit
Narrow klass base: 0x0000000000000000, Narrow klass shift: 3
Compressed class space size: 1073741824 Address: 0x0000000100000000

Heap:
 PSYoungGen      total 367104K, used 82647K [0x00000000d5580000, 0x00000000f2280000, 0x0000000100000000)
  eden space 334848K, 24% used [0x00000000d5580000,0x00000000da635cc8,0x00000000e9c80000)
  from space 32256K, 0% used [0x00000000e9c80000,0x00000000e9c80000,0x00000000ebc00000)
  to   space 45056K, 0% used [0x00000000ef680000,0x00000000ef680000,0x00000000f2280000)
 ParOldGen       total 112128K, used 93113K [0x0000000080000000, 0x0000000086d80000, 0x00000000d5580000)
  object space 112128K, 83% used [0x0000000080000000,0x0000000085aee658,0x0000000086d80000)
 Metaspace       used 95764K, capacity 100276K, committed 100904K, reserved 1136640K
  class space    used 12488K, capacity 13403K, committed 13616K, reserved 1048576K

Card table byte_map: [0x0000000011750000,0x0000000011b60000] byte_map_base: 0x0000000011350000

Marking Bits: (ParMarkBitMap*) 0x000000007531f030
 Begin Bits: [0x0000000012210000, 0x0000000014210000)
 End Bits:   [0x0000000014210000, 0x0000000016210000)

Polling page: 0x00000000021f0000

CodeCache: size=245760Kb used=45885Kb max_used=46211Kb free=199874Kb
 bounds [0x0000000002390000, 0x00000000050e0000, 0x0000000011390000]
 total_blobs=15052 nmethods=14147 adapters=815
 compilation: enabled

Compilation events (10 events):
Event: 233.646 Thread 0x0000000016fc9000 nmethod 16976 0x0000000004358150 code [0x00000000043582a0, 0x00000000043583b0]
Event: 233.647 Thread 0x0000000016fc9000 16980       2       com.android.tools.r8.s.b.J::b (5 bytes)
Event: 233.647 Thread 0x0000000016fc9000 nmethod 16980 0x0000000004894910 code [0x0000000004894a80, 0x0000000004894c08]
Event: 233.647 Thread 0x0000000016fc9000 16982       2       com.android.tools.r8.s.b.h0::f (44 bytes)
Event: 233.647 Thread 0x0000000016fc9000 nmethod 16982 0x00000000050d6110 code [0x00000000050d6280, 0x00000000050d6428]
Event: 233.647 Thread 0x0000000016fc9000 16984       2       com.android.tools.r8.s.c.u::d (162 bytes)
Event: 233.649 Thread 0x0000000016fc9000 nmethod 16984 0x00000000037bc890 code [0x00000000037bcac0, 0x00000000037bd048]
Event: 233.649 Thread 0x0000000016fc9000 16986       3       com.android.tools.r8.ir.optimize.r::a (466 bytes)
Event: 233.652 Thread 0x0000000016fc9000 nmethod 16986 0x0000000003d6a490 code [0x0000000003d6aa20, 0x0000000003d6e168]
Event: 233.653 Thread 0x0000000016fc9000 16987 %     3       com.android.tools.r8.ir.regalloc.a::a @ 1400 (3992 bytes)

GC Heap History (10 events):
Event: 45.594 GC heap before
{Heap before GC invocations=17 (full 3):
 PSYoungGen      total 245248K, used 245244K [0x00000000d5580000, 0x00000000e9d80000, 0x0000000100000000)
  eden space 224768K, 100% used [0x00000000d5580000,0x00000000e3100000,0x00000000e3100000)
  from space 20480K, 99% used [0x00000000e3100000,0x00000000e44ff058,0x00000000e4500000)
  to   space 24064K, 0% used [0x00000000e8600000,0x00000000e8600000,0x00000000e9d80000)
 ParOldGen       total 112128K, used 35904K [0x0000000080000000, 0x0000000086d80000, 0x00000000d5580000)
  object space 112128K, 32% used [0x0000000080000000,0x00000000823100e8,0x0000000086d80000)
 Metaspace       used 71764K, capacity 75264K, committed 75560K, reserved 1114112K
  class space    used 9809K, capacity 10498K, committed 10544K, reserved 1048576K
Event: 45.630 GC heap after
Heap after GC invocations=17 (full 3):
 PSYoungGen      total 299520K, used 12816K [0x00000000d5580000, 0x00000000e9700000, 0x0000000100000000)
  eden space 282112K, 0% used [0x00000000d5580000,0x00000000d5580000,0x00000000e6900000)
  from space 17408K, 73% used [0x00000000e8600000,0x00000000e92840a8,0x00000000e9700000)
  to   space 23552K, 0% used [0x00000000e6900000,0x00000000e6900000,0x00000000e8000000)
 ParOldGen       total 112128K, used 50386K [0x0000000080000000, 0x0000000086d80000, 0x00000000d5580000)
  object space 112128K, 44% used [0x0000000080000000,0x00000000831349d0,0x0000000086d80000)
 Metaspace       used 71764K, capacity 75264K, committed 75560K, reserved 1114112K
  class space    used 9809K, capacity 10498K, committed 10544K, reserved 1048576K
}
Event: 54.560 GC heap before
{Heap before GC invocations=18 (full 3):
 PSYoungGen      total 299520K, used 294853K [0x00000000d5580000, 0x00000000e9700000, 0x0000000100000000)
  eden space 282112K, 99% used [0x00000000d5580000,0x00000000e68ed488,0x00000000e6900000)
  from space 17408K, 73% used [0x00000000e8600000,0x00000000e92840a8,0x00000000e9700000)
  to   space 23552K, 0% used [0x00000000e6900000,0x00000000e6900000,0x00000000e8000000)
 ParOldGen       total 112128K, used 50386K [0x0000000080000000, 0x0000000086d80000, 0x00000000d5580000)
  object space 112128K, 44% used [0x0000000080000000,0x00000000831349d0,0x0000000086d80000)
 Metaspace       used 76162K, capacity 79808K, committed 79912K, reserved 1118208K
  class space    used 10298K, capacity 11014K, committed 11056K, reserved 1048576K
Event: 54.612 GC heap after
Heap after GC invocations=18 (full 3):
 PSYoungGen      total 305664K, used 20938K [0x00000000d5580000, 0x00000000eda00000, 0x0000000100000000)
  eden space 282112K, 0% used [0x00000000d5580000,0x00000000d5580000,0x00000000e6900000)
  from space 23552K, 88% used [0x00000000e6900000,0x00000000e7d72898,0x00000000e8000000)
  to   space 26112K, 0% used [0x00000000ec080000,0x00000000ec080000,0x00000000eda00000)
 ParOldGen       total 112128K, used 50394K [0x0000000080000000, 0x0000000086d80000, 0x00000000d5580000)
  object space 112128K, 44% used [0x0000000080000000,0x00000000831369d0,0x0000000086d80000)
 Metaspace       used 76162K, capacity 79808K, committed 79912K, reserved 1118208K
  class space    used 10298K, capacity 11014K, committed 11056K, reserved 1048576K
}
Event: 227.897 GC heap before
{Heap before GC invocations=19 (full 3):
 PSYoungGen      total 305664K, used 303050K [0x00000000d5580000, 0x00000000eda00000, 0x0000000100000000)
  eden space 282112K, 100% used [0x00000000d5580000,0x00000000e6900000,0x00000000e6900000)
  from space 23552K, 88% used [0x00000000e6900000,0x00000000e7d72898,0x00000000e8000000)
  to   space 26112K, 0% used [0x00000000ec080000,0x00000000ec080000,0x00000000eda00000)
 ParOldGen       total 112128K, used 50394K [0x0000000080000000, 0x0000000086d80000, 0x00000000d5580000)
  object space 112128K, 44% used [0x0000000080000000,0x00000000831369d0,0x0000000086d80000)
 Metaspace       used 86105K, capacity 90034K, committed 90408K, reserved 1128448K
  class space    used 11218K, capacity 11966K, committed 12080K, reserved 1048576K
Event: 227.968 GC heap after
Heap after GC invocations=19 (full 3):
 PSYoungGen      total 360960K, used 26098K [0x00000000d5580000, 0x00000000edb80000, 0x0000000100000000)
  eden space 334848K, 0% used [0x00000000d5580000,0x00000000d5580000,0x00000000e9c80000)
  from space 26112K, 99% used [0x00000000ec080000,0x00000000ed9fc830,0x00000000eda00000)
  to   space 32256K, 0% used [0x00000000e9c80000,0x00000000e9c80000,0x00000000ebc00000)
 ParOldGen       total 112128K, used 55962K [0x0000000080000000, 0x0000000086d80000, 0x00000000d5580000)
  object space 112128K, 49% used [0x0000000080000000,0x00000000836a6818,0x0000000086d80000)
 Metaspace       used 86105K, capacity 90034K, committed 90408K, reserved 1128448K
  class space    used 11218K, capacity 11966K, committed 12080K, reserved 1048576K
}
Event: 231.460 GC heap before
{Heap before GC invocations=20 (full 3):
 PSYoungGen      total 360960K, used 265606K [0x00000000d5580000, 0x00000000edb80000, 0x0000000100000000)
  eden space 334848K, 71% used [0x00000000d5580000,0x00000000e3f65000,0x00000000e9c80000)
  from space 26112K, 99% used [0x00000000ec080000,0x00000000ed9fc830,0x00000000eda00000)
  to   space 32256K, 0% used [0x00000000e9c80000,0x00000000e9c80000,0x00000000ebc00000)
 ParOldGen       total 112128K, used 55962K [0x0000000080000000, 0x0000000086d80000, 0x00000000d5580000)
  object space 112128K, 49% used [0x0000000080000000,0x00000000836a6818,0x0000000086d80000)
 Metaspace       used 93674K, capacity 98486K, committed 98600K, reserved 1134592K
  class space    used 12377K, capacity 13374K, committed 13488K, reserved 1048576K
Event: 231.546 GC heap after
Heap after GC invocations=20 (full 3):
 PSYoungGen      total 367104K, used 32248K [0x00000000d5580000, 0x00000000f2280000, 0x0000000100000000)
  eden space 334848K, 0% used [0x00000000d5580000,0x00000000d5580000,0x00000000e9c80000)
  from space 32256K, 99% used [0x00000000e9c80000,0x00000000ebbfe3f8,0x00000000ebc00000)
  to   space 45056K, 0% used [0x00000000ef680000,0x00000000ef680000,0x00000000f2280000)
 ParOldGen       total 112128K, used 76624K [0x0000000080000000, 0x0000000086d80000, 0x00000000d5580000)
  object space 112128K, 68% used [0x0000000080000000,0x0000000084ad42e8,0x0000000086d80000)
 Metaspace       used 93674K, capacity 98486K, committed 98600K, reserved 1134592K
  class space    used 12377K, capacity 13374K, committed 13488K, reserved 1048576K
}
Event: 231.546 GC heap before
{Heap before GC invocations=21 (full 4):
 PSYoungGen      total 367104K, used 32248K [0x00000000d5580000, 0x00000000f2280000, 0x0000000100000000)
  eden space 334848K, 0% used [0x00000000d5580000,0x00000000d5580000,0x00000000e9c80000)
  from space 32256K, 99% used [0x00000000e9c80000,0x00000000ebbfe3f8,0x00000000ebc00000)
  to   space 45056K, 0% used [0x00000000ef680000,0x00000000ef680000,0x00000000f2280000)
 ParOldGen       total 112128K, used 76624K [0x0000000080000000, 0x0000000086d80000, 0x00000000d5580000)
  object space 112128K, 68% used [0x0000000080000000,0x0000000084ad42e8,0x0000000086d80000)
 Metaspace       used 93674K, capacity 98486K, committed 98600K, reserved 1134592K
  class space    used 12377K, capacity 13374K, committed 13488K, reserved 1048576K
Event: 232.086 GC heap after
Heap after GC invocations=21 (full 4):
 PSYoungGen      total 367104K, used 0K [0x00000000d5580000, 0x00000000f2280000, 0x0000000100000000)
  eden space 334848K, 0% used [0x00000000d5580000,0x00000000d5580000,0x00000000e9c80000)
  from space 32256K, 0% used [0x00000000e9c80000,0x00000000e9c80000,0x00000000ebc00000)
  to   space 45056K, 0% used [0x00000000ef680000,0x00000000ef680000,0x00000000f2280000)
 ParOldGen       total 112128K, used 93113K [0x0000000080000000, 0x0000000086d80000, 0x00000000d5580000)
  object space 112128K, 83% used [0x0000000080000000,0x0000000085aee658,0x0000000086d80000)
 Metaspace       used 93280K, capacity 97558K, committed 98600K, reserved 1134592K
  class space    used 12237K, capacity 13122K, committed 13488K, reserved 1048576K
}

Deoptimization events (10 events):
Event: 233.398 Thread 0x000000001c072800 Uncommon trap: reason=bimorphic action=maybe_recompile pc=0x0000000004f5fd14 method=com.android.tools.r8.s.b.s1.a(Lcom/android/tools/r8/s/a/p/u;)Lcom/android/tools/r8/s/b/s1; @ 12
Event: 233.620 Thread 0x000000001c072800 Uncommon trap: reason=unstable_if action=reinterpret pc=0x00000000050229ec method=com.android.tools.r8.s.b.q1.L()Z @ 14
Event: 233.633 Thread 0x000000001c072800 Uncommon trap: reason=unstable_if action=reinterpret pc=0x000000000504c7f8 method=com.android.tools.r8.ir.conversion.o.b(Lcom/android/tools/r8/p/n/A;)Z @ 18
Event: 233.634 Thread 0x000000001c072800 Uncommon trap: reason=unstable_if action=reinterpret pc=0x0000000004ee433c method=com.android.tools.r8.ir.conversion.o.b(Lcom/android/tools/r8/p/n/A;)Z @ 18
Event: 233.637 Thread 0x000000001c072800 Uncommon trap: reason=unstable_if action=reinterpret pc=0x0000000002c399e4 method=com.android.tools.r8.ir.conversion.o.b(Lcom/android/tools/r8/p/n/A;)Z @ 18
Event: 233.638 Thread 0x000000001c072800 Uncommon trap: reason=bimorphic action=maybe_recompile pc=0x0000000004f96128 method=com.android.tools.r8.s.a.h.e.b(Lcom/android/tools/r8/s/b/k0;)V @ 357
Event: 233.638 Thread 0x000000001c072800 Uncommon trap: reason=bimorphic action=maybe_recompile pc=0x0000000004f96128 method=com.android.tools.r8.s.a.h.e.b(Lcom/android/tools/r8/s/b/k0;)V @ 357
Event: 233.656 Thread 0x000000001c072800 Uncommon trap: reason=bimorphic action=maybe_recompile pc=0x00000000050dbb64 method=com.android.tools.r8.s.a.p.u.G()Z @ 29
Event: 233.657 Thread 0x000000001c072800 Uncommon trap: reason=bimorphic action=maybe_recompile pc=0x00000000050d7370 method=com.android.tools.r8.s.b.s1.a(Lcom/android/tools/r8/s/a/p/u;)Lcom/android/tools/r8/s/b/s1; @ 23
Event: 233.657 Thread 0x000000001c072800 Uncommon trap: reason=bimorphic action=maybe_recompile pc=0x00000000050d7370 method=com.android.tools.r8.s.b.s1.a(Lcom/android/tools/r8/s/a/p/u;)Lcom/android/tools/r8/s/b/s1; @ 23

Classes redefined (0 events):
No events

Internal exceptions (10 events):
Event: 229.731 Thread 0x000000001c073000 Exception <a 'sun/nio/fs/WindowsException'> (0x00000000da4dfac0) thrown at [C:\src\AOSP-openjdk-git\hotspot\src\share\vm\prims\jni.cpp, line 710]
Event: 229.731 Thread 0x000000001c073000 Exception <a 'sun/nio/fs/WindowsException'> (0x00000000da4e07c8) thrown at [C:\src\AOSP-openjdk-git\hotspot\src\share\vm\prims\jni.cpp, line 710]
Event: 230.441 Thread 0x000000001cb10000 Exception <a 'java/lang/NoSuchMethodError': <clinit>> (0x00000000dee920f8) thrown at [C:\src\AOSP-openjdk-git\hotspot\src\share\vm\prims\jni.cpp, line 1615]
Event: 230.459 Thread 0x000000001c075800 Exception <a 'java/lang/NoSuchMethodError': java.lang.Object.lambda$static$0(Ljava/lang/String;)Z> (0x00000000def588a0) thrown at [C:\src\AOSP-openjdk-git\hotspot\src\share\vm\interpreter\linkResolver.cpp, line 620]
Event: 230.539 Thread 0x000000001c072800 Exception <a 'sun/nio/fs/WindowsException'> (0x00000000dff403b8) thrown at [C:\src\AOSP-openjdk-git\hotspot\src\share\vm\prims\jni.cpp, line 710]
Event: 230.823 Thread 0x000000001c072800 Exception <a 'java/lang/IncompatibleClassChangeError': Found class java.lang.Object, but interface was expected> (0x00000000e11f5de0) thrown at [C:\src\AOSP-openjdk-git\hotspot\src\share\vm\interpreter\linkResolver.cpp, line 653]
Event: 231.303 Thread 0x000000001c072800 Exception <a 'java/lang/NoSuchMethodError': java.lang.Object.b(Lcom/android/tools/r8/graph/p1$b;)Lcom/android/tools/r8/graph/p1$b;> (0x00000000e386f1a0) thrown at [C:\src\AOSP-openjdk-git\hotspot\src\share\vm\interpreter\linkResolver.cpp, line 620]
Event: 231.338 Thread 0x000000001f063800 Exception <a 'java/lang/NoSuchMethodError': java.lang.Object.lambda$maxBy$1(Ljava/util/Comparator;Ljava/lang/Object;Ljava/lang/Object;)Ljava/lang/Object;> (0x00000000e39fa088) thrown at [C:\src\AOSP-openjdk-git\hotspot\src\share\vm\interpreter\linkResolve
Event: 231.338 Thread 0x000000001c075800 Exception <a 'java/lang/NoSuchMethodError': java.lang.Object.lambda$maxBy$1(Ljava/util/Comparator;Ljava/lang/Object;Ljava/lang/Object;)Ljava/lang/Object;> (0x00000000e3a1a5b0) thrown at [C:\src\AOSP-openjdk-git\hotspot\src\share\vm\interpreter\linkResolve
Event: 231.338 Thread 0x000000001c072800 Exception <a 'java/lang/NoSuchMethodError': java.lang.Object.lambda$maxBy$1(Ljava/util/Comparator;Ljava/lang/Object;Ljava/lang/Object;)Ljava/lang/Object;> (0x00000000e39e1a88) thrown at [C:\src\AOSP-openjdk-git\hotspot\src\share\vm\interpreter\linkResolve

Events (10 events):
Event: 233.650 loading class com/android/tools/r8/ir/conversion/I done
Event: 233.656 Thread 0x000000001c072800 Uncommon trap: trap_request=0xffffffc6 fr.pc=0x00000000050dbb64
Event: 233.656 Thread 0x000000001c072800 DEOPT PACKING pc=0x00000000050dbb64 sp=0x000000002b3ec280
Event: 233.656 Thread 0x000000001c072800 DEOPT UNPACKING pc=0x00000000023d557b sp=0x000000002b3ec240 mode 2
Event: 233.657 Thread 0x000000001c072800 Uncommon trap: trap_request=0xffffffc6 fr.pc=0x00000000050d7370
Event: 233.657 Thread 0x000000001c072800 DEOPT PACKING pc=0x00000000050d7370 sp=0x000000002b3eca00
Event: 233.657 Thread 0x000000001c072800 DEOPT UNPACKING pc=0x00000000023d557b sp=0x000000002b3ec948 mode 2
Event: 233.657 Thread 0x000000001c072800 Uncommon trap: trap_request=0xffffffc6 fr.pc=0x00000000050d7370
Event: 233.657 Thread 0x000000001c072800 DEOPT PACKING pc=0x00000000050d7370 sp=0x000000002b3ec9e0
Event: 233.657 Thread 0x000000001c072800 DEOPT UNPACKING pc=0x00000000023d557b sp=0x000000002b3ec928 mode 2


Dynamic libraries:
0x00007ff7e9dc0000 - 0x00007ff7e9df1000 	D:\Android Studio\jre\bin\java.exe
0x00007ff9e5f50000 - 0x00007ff9e6145000 	C:\WINDOWS\SYSTEM32\ntdll.dll
0x00007ff9e58c0000 - 0x00007ff9e597d000 	C:\WINDOWS\System32\KERNEL32.DLL
0x00007ff9e3720000 - 0x00007ff9e39e8000 	C:\WINDOWS\System32\KERNELBASE.dll
0x00007ff9e5760000 - 0x00007ff9e580c000 	C:\WINDOWS\System32\ADVAPI32.dll
0x00007ff9e4c10000 - 0x00007ff9e4cae000 	C:\WINDOWS\System32\msvcrt.dll
0x00007ff9e5d90000 - 0x00007ff9e5e2b000 	C:\WINDOWS\System32\sechost.dll
0x00007ff9e5be0000 - 0x00007ff9e5d0b000 	C:\WINDOWS\System32\RPCRT4.dll
0x00007ff9e59e0000 - 0x00007ff9e5b80000 	C:\WINDOWS\System32\USER32.dll
0x00007ff9e3c80000 - 0x00007ff9e3ca2000 	C:\WINDOWS\System32\win32u.dll
0x00007ff9e4e50000 - 0x00007ff9e4e7a000 	C:\WINDOWS\System32\GDI32.dll
0x00007ff9e3b70000 - 0x00007ff9e3c7b000 	C:\WINDOWS\System32\gdi32full.dll
0x00007ff9e3ad0000 - 0x00007ff9e3b6d000 	C:\WINDOWS\System32\msvcp_win.dll
0x00007ff9e3cb0000 - 0x00007ff9e3db0000 	C:\WINDOWS\System32\ucrtbase.dll
0x00007ff9dbad0000 - 0x00007ff9dbd6a000 	C:\WINDOWS\WinSxS\amd64_microsoft.windows.common-controls_6595b64144ccf1df_6.0.19041.844_none_ca00b6081b84eb1d\COMCTL32.dll
0x00007ff9e5730000 - 0x00007ff9e5760000 	C:\WINDOWS\System32\IMM32.DLL
0x0000000074120000 - 0x00000000741f2000 	D:\Android Studio\jre\jre\bin\msvcr100.dll
0x0000000074b50000 - 0x000000007539b000 	D:\Android Studio\jre\jre\bin\server\jvm.dll
0x00007ff9e5300000 - 0x00007ff9e5308000 	C:\WINDOWS\System32\PSAPI.DLL
0x00007ff9dcd50000 - 0x00007ff9dcd5a000 	C:\WINDOWS\SYSTEM32\VERSION.dll
0x00007ff9d5a80000 - 0x00007ff9d5aa7000 	C:\WINDOWS\SYSTEM32\WINMM.dll
0x00007ff9d3280000 - 0x00007ff9d3289000 	C:\WINDOWS\SYSTEM32\WSOCK32.dll
0x00007ff9e5370000 - 0x00007ff9e53db000 	C:\WINDOWS\System32\WS2_32.dll
0x00007ff9e1050000 - 0x00007ff9e105f000 	D:\Android Studio\jre\jre\bin\verify.dll
0x00007ff9dc010000 - 0x00007ff9dc039000 	D:\Android Studio\jre\jre\bin\java.dll
0x00007ff9da320000 - 0x00007ff9da336000 	D:\Android Studio\jre\jre\bin\zip.dll
0x00007ff9e4050000 - 0x00007ff9e4792000 	C:\WINDOWS\System32\SHELL32.dll
0x00007ff9e1860000 - 0x00007ff9e1ff1000 	C:\WINDOWS\SYSTEM32\windows.storage.dll
0x00007ff9e4e80000 - 0x00007ff9e51d5000 	C:\WINDOWS\System32\combase.dll
0x00007ff9e30c0000 - 0x00007ff9e30ec000 	C:\WINDOWS\SYSTEM32\Wldp.dll
0x00007ff9e4cb0000 - 0x00007ff9e4d5e000 	C:\WINDOWS\System32\SHCORE.dll
0x00007ff9e5b80000 - 0x00007ff9e5bd5000 	C:\WINDOWS\System32\shlwapi.dll
0x00007ff9e3660000 - 0x00007ff9e367f000 	C:\WINDOWS\SYSTEM32\profapi.dll
0x00007ff9da300000 - 0x00007ff9da31a000 	D:\Android Studio\jre\jre\bin\net.dll
0x00007ff9e2e30000 - 0x00007ff9e2e9a000 	C:\WINDOWS\system32\mswsock.dll
0x00007ff9d3bd0000 - 0x00007ff9d3be3000 	D:\Android Studio\jre\jre\bin\nio.dll
0x00007ff9b5920000 - 0x00007ff9b5947000 	C:\Users\smart 1234\.gradle\native\f6784746aeab05261644944871eae4fe03e0ef1612fff0a4a95f87b438bc6780\windows-amd64\native-platform.dll
0x00007ff9df480000 - 0x00007ff9df48d000 	D:\Android Studio\jre\jre\bin\management.dll
0x00007ff9e3000000 - 0x00007ff9e3018000 	C:\WINDOWS\SYSTEM32\CRYPTSP.dll
0x00007ff9e27d0000 - 0x00007ff9e2804000 	C:\WINDOWS\system32\rsaenh.dll
0x00007ff9e3db0000 - 0x00007ff9e3dd7000 	C:\WINDOWS\System32\bcrypt.dll
0x00007ff9e3620000 - 0x00007ff9e364e000 	C:\WINDOWS\SYSTEM32\USERENV.dll
0x00007ff9e39f0000 - 0x00007ff9e3a70000 	C:\WINDOWS\System32\bcryptprimitives.dll
0x00007ff9e3020000 - 0x00007ff9e302c000 	C:\WINDOWS\SYSTEM32\CRYPTBASE.dll
0x00007ff9e2b20000 - 0x00007ff9e2b5b000 	C:\WINDOWS\SYSTEM32\IPHLPAPI.DLL
0x00007ff9e5720000 - 0x00007ff9e5728000 	C:\WINDOWS\System32\NSI.dll
0x00007ff9dc880000 - 0x00007ff9dc897000 	C:\WINDOWS\SYSTEM32\dhcpcsvc6.DLL
0x00007ff9dcca0000 - 0x00007ff9dccbd000 	C:\WINDOWS\SYSTEM32\dhcpcsvc.DLL
0x00007ff9e2b60000 - 0x00007ff9e2c2c000 	C:\WINDOWS\SYSTEM32\DNSAPI.dll
0x00007ff9dce00000 - 0x00007ff9dce0b000 	C:\WINDOWS\SYSTEM32\WINNSI.DLL
0x00007ff9c67a0000 - 0x00007ff9c67c4000 	D:\Android Studio\jre\jre\bin\sunec.dll
0x00007ff9d4910000 - 0x00007ff9d491a000 	C:\Windows\System32\rasadhlp.dll
0x00007ff9d5de0000 - 0x00007ff9d5e5f000 	C:\WINDOWS\System32\fwpuclnt.dll
0x00007ff9dde30000 - 0x00007ff9dde3b000 	D:\Android Studio\jre\jre\bin\sunmscapi.dll
0x00007ff9e3e30000 - 0x00007ff9e3f8f000 	C:\WINDOWS\System32\CRYPT32.dll

VM Arguments:
jvm_args: -Xmx2048m -Dfile.encoding=UTF-8 -Duser.country=US -Duser.language=en -Duser.variant 
java_command: org.gradle.launcher.daemon.bootstrap.GradleDaemon 6.5
java_class_path (initial): C:\Users\smart 1234\.gradle\wrapper\dists\gradle-6.5-bin\6nifqtx7604sqp1q6g8wikw7p\gradle-6.5\lib\gradle-launcher-6.5.jar
Launcher Type: SUN_STANDARD

Environment Variables:
PATH=C:\Program Files\Common Files\Oracle\Java\javapath;C:\orant\bin;C:\WINDOWS\system32;C:\WINDOWS;C:\WINDOWS\System32\Wbem;C:\WINDOWS\System32\WindowsPowerShell\v1.0\;C:\Program Files (x86)\Microsoft SQL Server\100\Tools\Binn\;C:\Program Files\Microsoft SQL Server\100\Tools\Binn\;C:\Program Files\Microsoft SQL Server\100\DTS\Binn\;C:\Program Files (x86)\GtkSharp\2.12\bin;C:\Program Files (x86)\GtkSharp\bin;C:\orant\jdk\bin;D:\Git\cmd;C:\WINDOWS\System32\OpenSSH\;D:\Xampp\php;D:\Composer;C:\Program Files\Java\jdk-15\bin;C:\Users\smart 1234\AppData\Local\Microsoft\WindowsApps;;C:\Program Files\Azure Data Studio\bin;C:\Program Files\Azure Data Studio\bin;C:\Program Files\Azure Data Studio\bin;C:\Users\smart 1234\AppData\Roaming\Composer\vendor\bin;C:\Program Files\Azure Data Studio\bin;D:\Microsoft VS Code\bin
USERNAME=smart 1234
OS=Windows_NT
PROCESSOR_IDENTIFIER=Intel64 Family 6 Model 78 Stepping 3, GenuineIntel



---------------  S Y S T E M  ---------------

OS: Windows 10.0 , 64 bit Build 19041 (10.0.19041.928)

CPU:total 4 (initial active 4) (2 cores per cpu, 2 threads per core) family 6 model 78 stepping 3, cmov, cx8, fxsr, mmx, sse, sse2, sse3, ssse3, sse4.1, sse4.2, popcnt, avx, avx2, aes, clmul, erms, 3dnowpref, lzcnt, ht, tsc, tscinvbit, bmi1, bmi2, adx

Memory: 4k page, physical 8244072k(1309292k free), swap 26539108k(5120k free)

vm_info: OpenJDK 64-Bit Server VM (25.242-b01) for windows-amd64 JRE (1.8.0_242-release-1644-b01), built by "builder" with MS VC++ 10.0 (VS2010)

time: Fri Apr 23 10:40:14 2021
timezone: Pakistan Standard Time
elapsed time: 233 seconds (0d 0h 3m 53s)

