#
# There is insufficient memory for the Java Runtime Environment to continue.
# Native memory allocation (malloc) failed to allocate 1168176 bytes for Chunk::new
# Possible reasons:
#   The system is out of physical RAM or swap space
#   The process is running with CompressedOops enabled, and the Java Heap may be blocking the growth of the native heap
# Possible solutions:
#   Reduce memory load on the system
#   Increase physical memory or swap space
#   Check if swap backing store is full
#   Decrease Java heap size (-Xmx/-Xms)
#   Decrease number of Java threads
#   Decrease Java thread stack sizes (-Xss)
#   Set larger code cache with -XX:ReservedCodeCacheSize=
#   JVM is running with Unscaled Compressed Oops mode in which the Java heap is
#     placed in the first 4GB address space. The Java Heap base address is the
#     maximum limit for the native heap growth. Please use -XX:HeapBaseMinAddress
#     to set the Java Heap base and to place the Java Heap above 4GB virtual address.
# This output file may be truncated or incomplete.
#
#  Out of Memory Error (allocation.cpp:389), pid=9164, tid=0x0000000000002bf0
#
# JRE version: OpenJDK Runtime Environment (8.0_242-b01) (build 1.8.0_242-release-1644-b01)
# Java VM: OpenJDK 64-Bit Server VM (25.242-b01 mixed mode windows-amd64 compressed oops)
# Failed to write core dump. Minidumps are not enabled by default on client versions of Windows
#

---------------  T H R E A D  ---------------

Current thread (0x00000000177e9000):  JavaThread "C2 CompilerThread0" daemon [_thread_in_native, id=11248, stack(0x0000000018e30000,0x0000000018f30000)]

Stack: [0x0000000018e30000,0x0000000018f30000]
[error occurred during error reporting (printing stack bounds), id 0xc0000005]

Native frames: (J=compiled Java code, j=interpreted, Vv=VM code, C=native code)


Current CompileTask:
C2:  65278 9601       4       com.android.utils.XmlUtils::append (639 bytes)


---------------  P R O C E S S  ---------------

Java Threads: ( => current thread )
  0x000000001afce800 JavaThread "stdout" [_thread_in_native, id=9268, stack(0x000000002be70000,0x000000002bf70000)]
  0x000000001afcc000 JavaThread "stderr" [_thread_in_native, id=11924, stack(0x000000002bd70000,0x000000002be70000)]
  0x000000001afcb800 JavaThread "stdout" [_thread_in_vm, id=10316, stack(0x000000002bc70000,0x000000002bd70000)]
  0x000000001afd1800 JavaThread "stderr" [_thread_blocked, id=15116, stack(0x000000002bb70000,0x000000002bc70000)]
  0x000000001afd0000 JavaThread "stdout" [_thread_in_native, id=8236, stack(0x000000002ba70000,0x000000002bb70000)]
  0x000000001afd2800 JavaThread "stderr" [_thread_in_native, id=13320, stack(0x000000002b970000,0x000000002ba70000)]
  0x000000001afce000 JavaThread "stdout" [_thread_in_native, id=8384, stack(0x000000002b870000,0x000000002b970000)]
  0x000000001afcf800 JavaThread "stderr" [_thread_in_native, id=7260, stack(0x000000002b770000,0x000000002b870000)]
  0x000000001afcd000 JavaThread "pool-2-thread-1" [_thread_blocked, id=3744, stack(0x000000002b670000,0x000000002b770000)]
  0x000000001b3aa800 JavaThread "MarlinRenderer Disposer" daemon [_thread_blocked, id=14372, stack(0x000000002b370000,0x000000002b470000)]
  0x000000001b3a9800 JavaThread "Java2D Disposer" daemon [_thread_blocked, id=4524, stack(0x000000002b1d0000,0x000000002b2d0000)]
  0x000000001b3a9000 JavaThread "WorkerExecutor Queue Thread 4" [_thread_blocked, id=1236, stack(0x0000000000f50000,0x0000000001050000)]
  0x000000001b3a8000 JavaThread "WorkerExecutor Queue Thread 3" [_thread_blocked, id=13780, stack(0x0000000000e50000,0x0000000000f50000)]
  0x000000001b39d000 JavaThread "WorkerExecutor Queue Thread 2" [_thread_in_vm_trans, id=12640, stack(0x000000002abd0000,0x000000002acd0000)]
  0x000000001b39b800 JavaThread "WorkerExecutor Queue" [_thread_blocked, id=14596, stack(0x000000002a7d0000,0x000000002a8d0000)]
  0x000000001b3a2000 JavaThread "Cache worker for execution history cache (D:\Projects\AndroidProjects\Fyp\.gradle\6.5\executionHistory)" [_thread_blocked, id=6884, stack(0x000000002a1d0000,0x000000002a2d0000)]
  0x000000001b3a1800 JavaThread "Execution worker for ':' Thread 3" [_thread_blocked, id=8216, stack(0x0000000029eb0000,0x0000000029fb0000)]
  0x000000001b39c000 JavaThread "Execution worker for ':' Thread 2" [_thread_blocked, id=12764, stack(0x0000000029db0000,0x0000000029eb0000)]
  0x000000001b3a0800 JavaThread "Execution worker for ':'" [_thread_blocked, id=13760, stack(0x00000000299d0000,0x0000000029ad0000)]
  0x000000001b3a0000 JavaThread "Cache worker for file content cache (D:\Projects\AndroidProjects\Fyp\.gradle\6.5\fileContent)" [_thread_blocked, id=4300, stack(0x0000000028e80000,0x0000000028f80000)]
  0x000000001e3c9000 JavaThread "Memory manager" [_thread_blocked, id=14248, stack(0x0000000028940000,0x0000000028a40000)]
  0x000000001e3c6000 JavaThread "Cache worker for Build Output Cleanup Cache (D:\Projects\AndroidProjects\Fyp\.gradle\buildOutputCleanup)" [_thread_blocked, id=9864, stack(0x0000000028840000,0x0000000028940000)]
  0x000000001e3c5000 JavaThread "jar transforms Thread 94" [_thread_blocked, id=13600, stack(0x00000000282b0000,0x00000000283b0000)]
  0x000000001e3c7800 JavaThread "jar transforms Thread 93" [_thread_blocked, id=6788, stack(0x00000000281b0000,0x00000000282b0000)]
  0x000000001e3c4800 JavaThread "jar transforms Thread 92" [_thread_blocked, id=12188, stack(0x00000000280b0000,0x00000000281b0000)]
  0x000000001e3c0000 JavaThread "jar transforms Thread 91" [_thread_blocked, id=9912, stack(0x0000000027fb0000,0x00000000280b0000)]
  0x000000001e3c3800 JavaThread "jar transforms Thread 90" [_thread_blocked, id=16504, stack(0x0000000027eb0000,0x0000000027fb0000)]
  0x000000001e3c2000 JavaThread "jar transforms Thread 89" [_thread_blocked, id=4580, stack(0x0000000027db0000,0x0000000027eb0000)]
  0x000000001e3c1800 JavaThread "jar transforms Thread 88" [_thread_blocked, id=3276, stack(0x0000000027cb0000,0x0000000027db0000)]
  0x000000001e3c3000 JavaThread "jar transforms Thread 87" [_thread_blocked, id=7664, stack(0x0000000027bb0000,0x0000000027cb0000)]
  0x000000001e3ba000 JavaThread "jar transforms Thread 86" [_thread_blocked, id=5016, stack(0x0000000027ab0000,0x0000000027bb0000)]
  0x000000001e3bd800 JavaThread "jar transforms Thread 85" [_thread_blocked, id=11860, stack(0x00000000279b0000,0x0000000027ab0000)]
  0x000000001e3bd000 JavaThread "jar transforms Thread 84" [_thread_blocked, id=12388, stack(0x00000000278b0000,0x00000000279b0000)]
  0x000000001e3ba800 JavaThread "jar transforms Thread 83" [_thread_blocked, id=12836, stack(0x00000000277b0000,0x00000000278b0000)]
  0x000000001e3bc000 JavaThread "jar transforms Thread 82" [_thread_blocked, id=2660, stack(0x00000000276b0000,0x00000000277b0000)]
  0x000000001e3bf000 JavaThread "jar transforms Thread 81" [_thread_blocked, id=3012, stack(0x00000000275b0000,0x00000000276b0000)]
  0x000000001e3bb800 JavaThread "jar transforms Thread 80" [_thread_blocked, id=14892, stack(0x00000000274b0000,0x00000000275b0000)]
  0x000000001e3be800 JavaThread "jar transforms Thread 79" [_thread_blocked, id=16208, stack(0x00000000273b0000,0x00000000274b0000)]
  0x000000001e3c0800 JavaThread "jar transforms Thread 78" [_thread_blocked, id=9020, stack(0x00000000272b0000,0x00000000273b0000)]
  0x000000001b9e4800 JavaThread "jar transforms Thread 77" [_thread_blocked, id=11016, stack(0x00000000271b0000,0x00000000272b0000)]
  0x000000001b9e3000 JavaThread "jar transforms Thread 76" [_thread_blocked, id=12392, stack(0x00000000270b0000,0x00000000271b0000)]
  0x000000001b9e2000 JavaThread "jar transforms Thread 75" [_thread_blocked, id=14244, stack(0x0000000026fb0000,0x00000000270b0000)]
  0x000000001b9e1800 JavaThread "jar transforms Thread 74" [_thread_blocked, id=11740, stack(0x0000000026eb0000,0x0000000026fb0000)]
  0x000000001b9e0800 JavaThread "jar transforms Thread 73" [_thread_blocked, id=4392, stack(0x0000000026db0000,0x0000000026eb0000)]
  0x000000001b9e5000 JavaThread "jar transforms Thread 72" [_thread_blocked, id=4584, stack(0x0000000026cb0000,0x0000000026db0000)]
  0x000000001b9e0000 JavaThread "jar transforms Thread 71" [_thread_blocked, id=12532, stack(0x0000000026bb0000,0x0000000026cb0000)]
  0x000000001b9e3800 JavaThread "jar transforms Thread 70" [_thread_blocked, id=1624, stack(0x0000000026ab0000,0x0000000026bb0000)]
  0x000000001b9e6000 JavaThread "jar transforms Thread 69" [_thread_blocked, id=15040, stack(0x00000000269b0000,0x0000000026ab0000)]
  0x000000001b9d8000 JavaThread "jar transforms Thread 68" [_thread_blocked, id=12820, stack(0x00000000268b0000,0x00000000269b0000)]
  0x000000001b9de800 JavaThread "jar transforms Thread 67" [_thread_blocked, id=16932, stack(0x00000000267b0000,0x00000000268b0000)]
  0x000000001b9da800 JavaThread "jar transforms Thread 66" [_thread_blocked, id=3532, stack(0x00000000266b0000,0x00000000267b0000)]
  0x000000001b9df000 JavaThread "jar transforms Thread 65" [_thread_blocked, id=5780, stack(0x00000000265b0000,0x00000000266b0000)]
  0x000000001b9d6800 JavaThread "jar transforms Thread 64" [_thread_blocked, id=13036, stack(0x00000000264b0000,0x00000000265b0000)]
  0x000000001b9d9800 JavaThread "jar transforms Thread 63" [_thread_blocked, id=13660, stack(0x00000000263b0000,0x00000000264b0000)]
  0x000000001b9dd000 JavaThread "jar transforms Thread 62" [_thread_blocked, id=6916, stack(0x00000000262b0000,0x00000000263b0000)]
  0x000000001b9d7800 JavaThread "jar transforms Thread 61" [_thread_blocked, id=7644, stack(0x00000000261b0000,0x00000000262b0000)]
  0x000000001b9dc000 JavaThread "jar transforms Thread 60" [_thread_blocked, id=14576, stack(0x00000000260b0000,0x00000000261b0000)]
  0x000000001b9d9000 JavaThread "jar transforms Thread 59" [_thread_blocked, id=8768, stack(0x0000000025fb0000,0x00000000260b0000)]
  0x000000001b9db000 JavaThread "jar transforms Thread 58" [_thread_blocked, id=4660, stack(0x0000000025eb0000,0x0000000025fb0000)]
  0x000000001b9dd800 JavaThread "jar transforms Thread 57" [_thread_blocked, id=11508, stack(0x0000000025db0000,0x0000000025eb0000)]
  0x0000000019254000 JavaThread "jar transforms Thread 56" [_thread_blocked, id=12740, stack(0x0000000025cb0000,0x0000000025db0000)]
  0x000000001924d800 JavaThread "jar transforms Thread 55" [_thread_blocked, id=16180, stack(0x0000000025bb0000,0x0000000025cb0000)]
  0x0000000019253800 JavaThread "jar transforms Thread 54" [_thread_blocked, id=3428, stack(0x0000000025ab0000,0x0000000025bb0000)]
  0x0000000019250800 JavaThread "jar transforms Thread 53" [_thread_blocked, id=11620, stack(0x00000000259b0000,0x0000000025ab0000)]
  0x000000001924f800 JavaThread "jar transforms Thread 52" [_thread_blocked, id=2232, stack(0x00000000258b0000,0x00000000259b0000)]
  0x0000000019252800 JavaThread "jar transforms Thread 51" [_thread_blocked, id=15848, stack(0x00000000257b0000,0x00000000258b0000)]
  0x0000000019252000 JavaThread "jar transforms Thread 50" [_thread_blocked, id=2860, stack(0x00000000256b0000,0x00000000257b0000)]
  0x000000001924f000 JavaThread "jar transforms Thread 49" [_thread_blocked, id=12040, stack(0x00000000255b0000,0x00000000256b0000)]
  0x000000001924e000 JavaThread "jar transforms Thread 48" [_thread_blocked, id=17168, stack(0x00000000254b0000,0x00000000255b0000)]
  0x0000000019251000 JavaThread "jar transforms Thread 47" [_thread_blocked, id=15076, stack(0x00000000253b0000,0x00000000254b0000)]
  0x0000000019248000 JavaThread "jar transforms Thread 46" [_thread_blocked, id=2576, stack(0x00000000252b0000,0x00000000253b0000)]
  0x000000001924a800 JavaThread "jar transforms Thread 45" [_thread_blocked, id=6468, stack(0x00000000251b0000,0x00000000252b0000)]
  0x0000000019246000 JavaThread "jar transforms Thread 44" [_thread_blocked, id=7228, stack(0x00000000250b0000,0x00000000251b0000)]
  0x0000000019247800 JavaThread "jar transforms Thread 43" [_thread_blocked, id=10716, stack(0x0000000024fb0000,0x00000000250b0000)]
  0x000000001924c800 JavaThread "jar transforms Thread 42" [_thread_blocked, id=6944, stack(0x0000000024eb0000,0x0000000024fb0000)]
  0x0000000019245000 JavaThread "jar transforms Thread 41" [_thread_blocked, id=10728, stack(0x0000000024db0000,0x0000000024eb0000)]
  0x000000001924c000 JavaThread "jar transforms Thread 40" [_thread_blocked, id=11092, stack(0x0000000024cb0000,0x0000000024db0000)]
  0x0000000019249000 JavaThread "jar transforms Thread 39" [_thread_blocked, id=16432, stack(0x0000000024bb0000,0x0000000024cb0000)]
  0x000000001924b000 JavaThread "jar transforms Thread 38" [_thread_blocked, id=15004, stack(0x0000000024ab0000,0x0000000024bb0000)]
  0x0000000019246800 JavaThread "jar transforms Thread 37" [_thread_blocked, id=16820, stack(0x00000000249b0000,0x0000000024ab0000)]
  0x0000000019249800 JavaThread "jar transforms Thread 36" [_thread_blocked, id=14864, stack(0x00000000248b0000,0x00000000249b0000)]
  0x000000001b1f8800 JavaThread "jar transforms Thread 35" [_thread_blocked, id=14412, stack(0x00000000247b0000,0x00000000248b0000)]
  0x000000001b1f8000 JavaThread "jar transforms Thread 34" [_thread_blocked, id=6352, stack(0x00000000246b0000,0x00000000247b0000)]
  0x000000001b1fd000 JavaThread "jar transforms Thread 33" [_thread_blocked, id=11108, stack(0x00000000245b0000,0x00000000246b0000)]
  0x000000001b1fc800 JavaThread "jar transforms Thread 32" [_thread_blocked, id=16140, stack(0x00000000244b0000,0x00000000245b0000)]
  0x000000001b1f9800 JavaThread "jar transforms Thread 31" [_thread_blocked, id=5048, stack(0x00000000243b0000,0x00000000244b0000)]
  0x000000001b1f7000 JavaThread "jar transforms Thread 30" [_thread_blocked, id=4068, stack(0x00000000242b0000,0x00000000243b0000)]
  0x000000001b1fa000 JavaThread "jar transforms Thread 29" [_thread_blocked, id=9492, stack(0x00000000241b0000,0x00000000242b0000)]
  0x000000001b1fb800 JavaThread "jar transforms Thread 28" [_thread_blocked, id=14420, stack(0x00000000240b0000,0x00000000241b0000)]
  0x000000001b1fb000 JavaThread "jar transforms Thread 27" [_thread_blocked, id=3944, stack(0x0000000023fb0000,0x00000000240b0000)]
  0x000000001b1ef800 JavaThread "jar transforms Thread 26" [_thread_blocked, id=912, stack(0x0000000023eb0000,0x0000000023fb0000)]
  0x000000001b1f6800 JavaThread "jar transforms Thread 25" [_thread_blocked, id=32, stack(0x0000000023db0000,0x0000000023eb0000)]
  0x000000001b1ee800 JavaThread "jar transforms Thread 24" [_thread_blocked, id=6296, stack(0x0000000023cb0000,0x0000000023db0000)]
  0x000000001b1f5800 JavaThread "jar transforms Thread 23" [_thread_blocked, id=15944, stack(0x0000000023bb0000,0x0000000023cb0000)]
  0x000000001b1f2800 JavaThread "jar transforms Thread 22" [_thread_blocked, id=3980, stack(0x0000000023ab0000,0x0000000023bb0000)]
  0x000000001b1f1800 JavaThread "jar transforms Thread 21" [_thread_blocked, id=7760, stack(0x00000000239b0000,0x0000000023ab0000)]
  0x000000001b1ee000 JavaThread "jar transforms Thread 20" [_thread_blocked, id=3684, stack(0x00000000238b0000,0x00000000239b0000)]
  0x000000001b1f4000 JavaThread "jar transforms Thread 19" [_thread_blocked, id=14636, stack(0x00000000237b0000,0x00000000238b0000)]
  0x000000001b1f5000 JavaThread "jar transforms Thread 18" [_thread_blocked, id=15256, stack(0x00000000236b0000,0x00000000237b0000)]
  0x000000001b1f3000 JavaThread "jar transforms Thread 17" [_thread_blocked, id=13580, stack(0x00000000235b0000,0x00000000236b0000)]
  0x000000001b1f0000 JavaThread "jar transforms Thread 16" [_thread_blocked, id=1472, stack(0x00000000234b0000,0x00000000235b0000)]
  0x000000001b1f1000 JavaThread "jar transforms Thread 15" [_thread_blocked, id=13456, stack(0x00000000233b0000,0x00000000234b0000)]
  0x0000000019285800 JavaThread "jar transforms Thread 14" [_thread_blocked, id=17276, stack(0x00000000232b0000,0x00000000233b0000)]
  0x0000000019284000 JavaThread "jar transforms Thread 13" [_thread_blocked, id=3268, stack(0x00000000231b0000,0x00000000232b0000)]
  0x0000000019284800 JavaThread "jar transforms Thread 12" [_thread_blocked, id=16632, stack(0x00000000230b0000,0x00000000231b0000)]
  0x0000000019283000 JavaThread "jar transforms Thread 11" [_thread_blocked, id=15708, stack(0x0000000022fb0000,0x00000000230b0000)]
  0x0000000019282800 JavaThread "jar transforms Thread 10" [_thread_blocked, id=11180, stack(0x0000000022eb0000,0x0000000022fb0000)]
  0x000000001927b000 JavaThread "jar transforms Thread 9" [_thread_blocked, id=6712, stack(0x0000000022db0000,0x0000000022eb0000)]
  0x0000000019281800 JavaThread "jar transforms Thread 8" [_thread_blocked, id=15884, stack(0x0000000022cb0000,0x0000000022db0000)]
  0x000000001927a000 JavaThread "jar transforms Thread 7" [_thread_blocked, id=9456, stack(0x0000000022bb0000,0x0000000022cb0000)]
  0x0000000019281000 JavaThread "jar transforms Thread 6" [_thread_blocked, id=14116, stack(0x0000000022ab0000,0x0000000022bb0000)]
  0x000000001927f800 JavaThread "jar transforms Thread 5" [_thread_blocked, id=10472, stack(0x00000000229b0000,0x0000000022ab0000)]
  0x0000000019279800 JavaThread "jar transforms Thread 4" [_thread_blocked, id=13392, stack(0x00000000228b0000,0x00000000229b0000)]
  0x000000001927c800 JavaThread "jar transforms Thread 3" [_thread_blocked, id=16652, stack(0x00000000227b0000,0x00000000228b0000)]
  0x000000001927e800 JavaThread "jar transforms Thread 2" [_thread_blocked, id=7472, stack(0x00000000226b0000,0x00000000227b0000)]
  0x0000000019280000 JavaThread "Build operations Thread 4" [_thread_blocked, id=10676, stack(0x00000000225b0000,0x00000000226b0000)]
  0x000000001927b800 JavaThread "Build operations Thread 3" [_thread_blocked, id=12724, stack(0x00000000224b0000,0x00000000225b0000)]
  0x000000001927e000 JavaThread "Build operations Thread 2" [_thread_blocked, id=16520, stack(0x00000000223b0000,0x00000000224b0000)]
  0x0000000019278000 JavaThread "Build operations" [_thread_blocked, id=13520, stack(0x00000000222b0000,0x00000000223b0000)]
  0x000000001ae9a800 JavaThread "Cache worker for file content cache (C:\Users\smart 1234\.gradle\caches\6.5\fileContent)" [_thread_blocked, id=10044, stack(0x0000000021bb0000,0x0000000021cb0000)]
  0x000000001ae99000 JavaThread "jar transforms" [_thread_blocked, id=16684, stack(0x0000000021ab0000,0x0000000021bb0000)]
  0x000000001ae9f000 JavaThread "Cache worker for execution history cache (C:\Users\smart 1234\.gradle\caches\6.5\executionHistory)" [_thread_blocked, id=6292, stack(0x00000000213b0000,0x00000000214b0000)]
  0x000000001ae9c800 JavaThread "Cache worker for cache directory md-rule (C:\Users\smart 1234\.gradle\caches\6.5\md-rule)" [_thread_blocked, id=12852, stack(0x00000000201f0000,0x00000000202f0000)]
  0x000000001ae9e000 JavaThread "Cache worker for cache directory md-supplier (C:\Users\smart 1234\.gradle\caches\6.5\md-supplier)" [_thread_blocked, id=15836, stack(0x00000000200f0000,0x00000000201f0000)]
  0x000000001ae9d800 JavaThread "Cache worker for checksums cache (D:\Projects\AndroidProjects\Fyp\.gradle\checksums)" [_thread_blocked, id=15912, stack(0x000000001fff0000,0x00000000200f0000)]
  0x000000001ae9c000 JavaThread "Cache worker for file hash cache (D:\Projects\AndroidProjects\Fyp\.gradle\6.5\fileHashes)" [_thread_blocked, id=8012, stack(0x000000001fcf0000,0x000000001fdf0000)]
  0x000000001ae9b000 JavaThread "Cache worker for file hash cache (C:\Users\smart 1234\.gradle\caches\6.5\fileHashes)" [_thread_blocked, id=12344, stack(0x000000001d850000,0x000000001d950000)]
  0x000000001ae98000 JavaThread "File lock request listener" [_thread_in_native, id=5840, stack(0x000000001d750000,0x000000001d850000)]
  0x0000000019386000 JavaThread "Cache worker for journal cache (C:\Users\smart 1234\.gradle\caches\journal-1)" [_thread_blocked, id=2384, stack(0x000000001d550000,0x000000001d650000)]
  0x000000001a8e5000 JavaThread "Thread-9" [_thread_blocked, id=14312, stack(0x000000001d250000,0x000000001d350000)]
  0x00000000192d2000 JavaThread "Stdin handler" [_thread_blocked, id=14612, stack(0x000000001d150000,0x000000001d250000)]
  0x00000000192d1000 JavaThread "Asynchronous log dispatcher for DefaultDaemonConnection: socket connection from /127.0.0.1:53472 to /127.0.0.1:53473" [_thread_blocked, id=9248, stack(0x000000001d050000,0x000000001d150000)]
  0x000000001a8b4000 JavaThread "Daemon worker" [_thread_blocked, id=5116, stack(0x000000001cf50000,0x000000001d050000)]
  0x000000001a7d7800 JavaThread "Cancel handler" [_thread_blocked, id=7420, stack(0x000000001ce50000,0x000000001cf50000)]
  0x000000001a71a800 JavaThread "Handler for socket connection from /127.0.0.1:53472 to /127.0.0.1:53473" [_thread_in_native, id=4976, stack(0x000000001cd50000,0x000000001ce50000)]
  0x0000000019e85800 JavaThread "Daemon" [_thread_blocked, id=14364, stack(0x000000001cc50000,0x000000001cd50000)]
  0x000000001a7b5000 JavaThread "Daemon periodic checks" [_thread_blocked, id=17024, stack(0x000000001c950000,0x000000001ca50000)]
  0x000000001a932000 JavaThread "Incoming local TCP Connector on port 53472" [_thread_in_native, id=3952, stack(0x000000001c710000,0x000000001c810000)]
  0x000000001a581000 JavaThread "Daemon health stats" [_thread_blocked, id=10612, stack(0x000000001c0d0000,0x000000001c1d0000)]
  0x0000000019168800 JavaThread "Service Thread" daemon [_thread_blocked, id=3024, stack(0x0000000019530000,0x0000000019630000)]
  0x00000000177fa800 JavaThread "C1 CompilerThread2" daemon [_thread_blocked, id=5468, stack(0x0000000019030000,0x0000000019130000)]
  0x00000000177f7800 JavaThread "C2 CompilerThread1" daemon [_thread_blocked, id=11564, stack(0x0000000018f30000,0x0000000019030000)]
=>0x00000000177e9000 JavaThread "C2 CompilerThread0" daemon [_thread_in_native, id=11248, stack(0x0000000018e30000,0x0000000018f30000)]
  0x00000000177e5000 JavaThread "Attach Listener" daemon [_thread_blocked, id=9844, stack(0x0000000018d30000,0x0000000018e30000)]
  0x00000000177e2000 JavaThread "Signal Dispatcher" daemon [_thread_blocked, id=7316, stack(0x0000000018c30000,0x0000000018d30000)]
  0x0000000002bba000 JavaThread "Finalizer" daemon [_thread_blocked, id=10664, stack(0x0000000018a30000,0x0000000018b30000)]
  0x0000000002bb1000 JavaThread "Reference Handler" daemon [_thread_blocked, id=2256, stack(0x0000000018930000,0x0000000018a30000)]
  0x0000000002abd800 JavaThread "main" [_thread_blocked, id=10212, stack(0x0000000002960000,0x0000000002a60000)]

Other Threads:
  0x00000000177a6800 VMThread [stack: 0x0000000018830000,0x0000000018930000] [id=7572]
  0x000000001783b800 WatcherThread [stack: 0x0000000019630000,0x0000000019730000] [id=9792]

VM state:synchronizing (normal execution)

VM Mutex/Monitor currently owned by a thread:  ([mutex/lock_event])
[0x0000000002abc640] Safepoint_lock - owner thread: 0x00000000177a6800
[0x0000000002abcbc0] Threads_lock - owner thread: 0x00000000177a6800

heap address: 0x0000000080000000, size: 2048 MB, Compressed Oops mode: 32-bit
Narrow klass base: 0x0000000000000000, Narrow klass shift: 3
Compressed class space size: 1073741824 Address: 0x0000000100000000

Heap:
 PSYoungGen      total 340992K, used 214195K [0x00000000d5580000, 0x00000000f1700000, 0x0000000100000000)
  eden space 315904K, 59% used [0x00000000d5580000,0x00000000e0e33a20,0x00000000e8a00000)
  from space 25088K, 99% used [0x00000000e8a00000,0x00000000ea279440,0x00000000ea280000)
  to   space 31744K, 0% used [0x00000000ef800000,0x00000000ef800000,0x00000000f1700000)
 ParOldGen       total 120832K, used 48494K [0x0000000080000000, 0x0000000087600000, 0x00000000d5580000)
  object space 120832K, 40% used [0x0000000080000000,0x0000000082f5b9d8,0x0000000087600000)
 Metaspace       used 72827K, capacity 76224K, committed 76328K, reserved 1116160K
  class space    used 9816K, capacity 10524K, committed 10544K, reserved 1048576K

Card table byte_map: [0x0000000011f80000,0x0000000012390000] byte_map_base: 0x0000000011b80000

Marking Bits: (ParMarkBitMap*) 0x000000007531f030
 Begin Bits: [0x0000000012a40000, 0x0000000014a40000)
 End Bits:   [0x0000000014a40000, 0x0000000016a40000)

Polling page: 0x00000000010f0000

CodeCache: size=245760Kb used=29111Kb max_used=29127Kb free=216648Kb
 bounds [0x0000000002bc0000, 0x0000000004850000, 0x0000000011bc0000]
 total_blobs=9444 nmethods=8492 adapters=864
 compilation: enabled

Compilation events (10 events):
Event: 65.015 Thread 0x00000000177f7800 nmethod 9686 0x0000000004840cd0 code [0x0000000004840ea0, 0x0000000004841600]
Event: 65.015 Thread 0x00000000177f7800 9708       4       java.io.ObjectInputStream$HandleTable::finish (111 bytes)
Event: 65.019 Thread 0x00000000177f7800 nmethod 9708 0x000000000483dc10 code [0x000000000483dd60, 0x000000000483de98]
Event: 65.019 Thread 0x00000000177f7800 9634       4       java.io.ObjectOutputStream$HandleTable::assign (52 bytes)
Event: 65.024 Thread 0x00000000177fa800 9714       2       java.io.FileDescriptor$1::setHandle (7 bytes)
Event: 65.025 Thread 0x00000000177fa800 nmethod 9714 0x0000000004838450 code [0x00000000048385a0, 0x00000000048386f0]
Event: 65.025 Thread 0x00000000177fa800 9715       2       java.io.FileDescriptor::access$102 (7 bytes)
Event: 65.025 Thread 0x00000000177fa800 nmethod 9715 0x0000000004838110 code [0x0000000004838260, 0x0000000004838390]
Event: 65.035 Thread 0x00000000177f7800 nmethod 9634 0x000000000483e8d0 code [0x000000000483ea60, 0x000000000483f148]
Event: 65.035 Thread 0x00000000177f7800 9636   !   4       java.io.ObjectStreamClass::lookup (335 bytes)

GC Heap History (10 events):
Event: 23.152 GC heap before
{Heap before GC invocations=10 (full 2):
 PSYoungGen      total 255488K, used 8011K [0x00000000d5580000, 0x00000000e5f00000, 0x0000000100000000)
  eden space 240640K, 0% used [0x00000000d5580000,0x00000000d5580000,0x00000000e4080000)
  from space 14848K, 53% used [0x00000000e4e80000,0x00000000e5652e40,0x00000000e5d00000)
  to   space 14336K, 0% used [0x00000000e4080000,0x00000000e4080000,0x00000000e4e80000)
 ParOldGen       total 55296K, used 14692K [0x0000000080000000, 0x0000000083600000, 0x00000000d5580000)
  object space 55296K, 26% used [0x0000000080000000,0x0000000080e59148,0x0000000083600000)
 Metaspace       used 34279K, capacity 35444K, committed 35496K, reserved 1079296K
  class space    used 4721K, capacity 5033K, committed 5040K, reserved 1048576K
Event: 23.454 GC heap after
Heap after GC invocations=10 (full 2):
 PSYoungGen      total 255488K, used 0K [0x00000000d5580000, 0x00000000e5f00000, 0x0000000100000000)
  eden space 240640K, 0% used [0x00000000d5580000,0x00000000d5580000,0x00000000e4080000)
  from space 14848K, 0% used [0x00000000e4e80000,0x00000000e4e80000,0x00000000e5d00000)
  to   space 14336K, 0% used [0x00000000e4080000,0x00000000e4080000,0x00000000e4e80000)
 ParOldGen       total 73728K, used 14416K [0x0000000080000000, 0x0000000084800000, 0x00000000d5580000)
  object space 73728K, 19% used [0x0000000080000000,0x0000000080e14138,0x0000000084800000)
 Metaspace       used 34279K, capacity 35444K, committed 35496K, reserved 1079296K
  class space    used 4721K, capacity 5033K, committed 5040K, reserved 1048576K
}
Event: 29.470 GC heap before
{Heap before GC invocations=11 (full 2):
 PSYoungGen      total 255488K, used 240640K [0x00000000d5580000, 0x00000000e5f00000, 0x0000000100000000)
  eden space 240640K, 100% used [0x00000000d5580000,0x00000000e4080000,0x00000000e4080000)
  from space 14848K, 0% used [0x00000000e4e80000,0x00000000e4e80000,0x00000000e5d00000)
  to   space 14336K, 0% used [0x00000000e4080000,0x00000000e4080000,0x00000000e4e80000)
 ParOldGen       total 73728K, used 14416K [0x0000000080000000, 0x0000000084800000, 0x00000000d5580000)
  object space 73728K, 19% used [0x0000000080000000,0x0000000080e14138,0x0000000084800000)
 Metaspace       used 46855K, capacity 48686K, committed 48808K, reserved 1091584K
  class space    used 6336K, capacity 6745K, committed 6832K, reserved 1048576K
Event: 29.562 GC heap after
Heap after GC invocations=11 (full 2):
 PSYoungGen      total 254976K, used 14317K [0x00000000d5580000, 0x00000000eb500000, 0x0000000100000000)
  eden space 240640K, 0% used [0x00000000d5580000,0x00000000d5580000,0x00000000e4080000)
  from space 14336K, 99% used [0x00000000e4080000,0x00000000e4e7b7a0,0x00000000e4e80000)
  to   space 18944K, 0% used [0x00000000ea280000,0x00000000ea280000,0x00000000eb500000)
 ParOldGen       total 73728K, used 20413K [0x0000000080000000, 0x0000000084800000, 0x00000000d5580000)
  object space 73728K, 27% used [0x0000000080000000,0x00000000813ef558,0x0000000084800000)
 Metaspace       used 46855K, capacity 48686K, committed 48808K, reserved 1091584K
  class space    used 6336K, capacity 6745K, committed 6832K, reserved 1048576K
}
Event: 33.891 GC heap before
{Heap before GC invocations=12 (full 2):
 PSYoungGen      total 254976K, used 175376K [0x00000000d5580000, 0x00000000eb500000, 0x0000000100000000)
  eden space 240640K, 66% used [0x00000000d5580000,0x00000000df2c8980,0x00000000e4080000)
  from space 14336K, 99% used [0x00000000e4080000,0x00000000e4e7b7a0,0x00000000e4e80000)
  to   space 18944K, 0% used [0x00000000ea280000,0x00000000ea280000,0x00000000eb500000)
 ParOldGen       total 73728K, used 20413K [0x0000000080000000, 0x0000000084800000, 0x00000000d5580000)
  object space 73728K, 27% used [0x0000000080000000,0x00000000813ef558,0x0000000084800000)
 Metaspace       used 56714K, capacity 59058K, committed 59160K, reserved 1099776K
  class space    used 7760K, capacity 8295K, committed 8368K, reserved 1048576K
Event: 33.956 GC heap after
Heap after GC invocations=12 (full 2):
 PSYoungGen      total 334848K, used 18940K [0x00000000d5580000, 0x00000000ebc00000, 0x0000000100000000)
  eden space 315904K, 0% used [0x00000000d5580000,0x00000000d5580000,0x00000000e8a00000)
  from space 18944K, 99% used [0x00000000ea280000,0x00000000eb4ff350,0x00000000eb500000)
  to   space 25088K, 0% used [0x00000000e8a00000,0x00000000e8a00000,0x00000000ea280000)
 ParOldGen       total 73728K, used 30027K [0x0000000080000000, 0x0000000084800000, 0x00000000d5580000)
  object space 73728K, 40% used [0x0000000080000000,0x0000000081d52f78,0x0000000084800000)
 Metaspace       used 56714K, capacity 59058K, committed 59160K, reserved 1099776K
  class space    used 7760K, capacity 8295K, committed 8368K, reserved 1048576K
}
Event: 33.956 GC heap before
{Heap before GC invocations=13 (full 3):
 PSYoungGen      total 334848K, used 18940K [0x00000000d5580000, 0x00000000ebc00000, 0x0000000100000000)
  eden space 315904K, 0% used [0x00000000d5580000,0x00000000d5580000,0x00000000e8a00000)
  from space 18944K, 99% used [0x00000000ea280000,0x00000000eb4ff350,0x00000000eb500000)
  to   space 25088K, 0% used [0x00000000e8a00000,0x00000000e8a00000,0x00000000ea280000)
 ParOldGen       total 73728K, used 30027K [0x0000000080000000, 0x0000000084800000, 0x00000000d5580000)
  object space 73728K, 40% used [0x0000000080000000,0x0000000081d52f78,0x0000000084800000)
 Metaspace       used 56714K, capacity 59058K, committed 59160K, reserved 1099776K
  class space    used 7760K, capacity 8295K, committed 8368K, reserved 1048576K
Event: 34.436 GC heap after
Heap after GC invocations=13 (full 3):
 PSYoungGen      total 334848K, used 0K [0x00000000d5580000, 0x00000000ebc00000, 0x0000000100000000)
  eden space 315904K, 0% used [0x00000000d5580000,0x00000000d5580000,0x00000000e8a00000)
  from space 18944K, 0% used [0x00000000ea280000,0x00000000ea280000,0x00000000eb500000)
  to   space 25088K, 0% used [0x00000000e8a00000,0x00000000e8a00000,0x00000000ea280000)
 ParOldGen       total 120832K, used 40447K [0x0000000080000000, 0x0000000087600000, 0x00000000d5580000)
  object space 120832K, 33% used [0x0000000080000000,0x000000008277fdc8,0x0000000087600000)
 Metaspace       used 56706K, capacity 59028K, committed 59160K, reserved 1099776K
  class space    used 7757K, capacity 8290K, committed 8368K, reserved 1048576K
}
Event: 56.203 GC heap before
{Heap before GC invocations=14 (full 3):
 PSYoungGen      total 334848K, used 315904K [0x00000000d5580000, 0x00000000ebc00000, 0x0000000100000000)
  eden space 315904K, 100% used [0x00000000d5580000,0x00000000e8a00000,0x00000000e8a00000)
  from space 18944K, 0% used [0x00000000ea280000,0x00000000ea280000,0x00000000eb500000)
  to   space 25088K, 0% used [0x00000000e8a00000,0x00000000e8a00000,0x00000000ea280000)
 ParOldGen       total 120832K, used 40447K [0x0000000080000000, 0x0000000087600000, 0x00000000d5580000)
  object space 120832K, 33% used [0x0000000080000000,0x000000008277fdc8,0x0000000087600000)
 Metaspace       used 69286K, capacity 72466K, committed 72616K, reserved 1112064K
  class space    used 9464K, capacity 10125K, committed 10160K, reserved 1048576K
Event: 56.386 GC heap after
Heap after GC invocations=14 (full 3):
 PSYoungGen      total 340992K, used 25061K [0x00000000d5580000, 0x00000000f1700000, 0x0000000100000000)
  eden space 315904K, 0% used [0x00000000d5580000,0x00000000d5580000,0x00000000e8a00000)
  from space 25088K, 99% used [0x00000000e8a00000,0x00000000ea279440,0x00000000ea280000)
  to   space 31744K, 0% used [0x00000000ef800000,0x00000000ef800000,0x00000000f1700000)
 ParOldGen       total 120832K, used 48494K [0x0000000080000000, 0x0000000087600000, 0x00000000d5580000)
  object space 120832K, 40% used [0x0000000080000000,0x0000000082f5b9d8,0x0000000087600000)
 Metaspace       used 69286K, capacity 72466K, committed 72616K, reserved 1112064K
  class space    used 9464K, capacity 10125K, committed 10160K, reserved 1048576K
}

Deoptimization events (10 events):
Event: 64.556 Thread 0x000000001b3a0800 Uncommon trap: reason=bimorphic action=maybe_recompile pc=0x0000000004645958 method=com.sun.org.apache.xerces.internal.dom.ParentNode.checkNormalizationAfterInsert(Lcom/sun/org/apache/xerces/internal/dom/ChildNode;)V @ 23
Event: 64.556 Thread 0x000000001b3a0800 Uncommon trap: reason=bimorphic action=maybe_recompile pc=0x0000000004645958 method=com.sun.org.apache.xerces.internal.dom.ParentNode.checkNormalizationAfterInsert(Lcom/sun/org/apache/xerces/internal/dom/ChildNode;)V @ 23
Event: 64.561 Thread 0x000000001b3a0800 Uncommon trap: reason=unstable_if action=reinterpret pc=0x0000000004729adc method=com.google.common.collect.AbstractMapBasedMultimap$WrappedCollection.refreshIfEmpty()V @ 45
Event: 64.563 Thread 0x000000001b3a0800 Uncommon trap: reason=class_check action=maybe_recompile pc=0x000000000471cc2c method=com.sun.org.apache.xerces.internal.dom.ElementImpl.getAttributes()Lorg/w3c/dom/NamedNodeMap; @ 8
Event: 64.563 Thread 0x000000001b3a0800 Uncommon trap: reason=class_check action=maybe_recompile pc=0x000000000471cc2c method=com.sun.org.apache.xerces.internal.dom.ElementImpl.getAttributes()Lorg/w3c/dom/NamedNodeMap; @ 8
Event: 64.564 Thread 0x000000001b3a0800 Uncommon trap: reason=class_check action=maybe_recompile pc=0x000000000471cc2c method=com.sun.org.apache.xerces.internal.dom.ElementImpl.getAttributes()Lorg/w3c/dom/NamedNodeMap; @ 8
Event: 64.565 Thread 0x000000001b3a0800 Uncommon trap: reason=class_check action=maybe_recompile pc=0x000000000471cc2c method=com.sun.org.apache.xerces.internal.dom.ElementImpl.getAttributes()Lorg/w3c/dom/NamedNodeMap; @ 8
Event: 64.648 Thread 0x000000001b3a0800 Uncommon trap: reason=unstable_if action=reinterpret pc=0x0000000004783944 method=com.android.utils.XmlUtils.toXmlAttributeValue(Ljava/lang/String;)Ljava/lang/String; @ 33
Event: 64.648 Thread 0x000000001b3a0800 Uncommon trap: reason=unstable_if action=reinterpret pc=0x000000000376b9dc method=com.android.utils.XmlUtils.toXmlAttributeValue(Ljava/lang/String;)Ljava/lang/String; @ 33
Event: 64.725 Thread 0x000000001b3a0800 Uncommon trap: reason=unstable_if action=reinterpret pc=0x000000000477fc84 method=com.android.utils.XmlUtils.append(Lcom/android/utils/XmlUtils$PositionAwareStringBuilder;Lorg/w3c/dom/Node;Ljava/util/Map;Ljava/util/Set;)V @ 540

Classes redefined (0 events):
No events

Internal exceptions (10 events):
Event: 60.697 Thread 0x000000001b3a0800 Exception <a 'java/lang/NoSuchMethodError': <clinit>> (0x00000000da7165e0) thrown at [C:\src\AOSP-openjdk-git\hotspot\src\share\vm\prims\jni.cpp, line 1615]
Event: 60.990 Thread 0x000000001b3a0800 Exception <a 'java/lang/NoSuchMethodError': <clinit>> (0x00000000daaab2e8) thrown at [C:\src\AOSP-openjdk-git\hotspot\src\share\vm\prims\jni.cpp, line 1615]
Event: 61.424 Thread 0x000000001b39b800 Exception <a 'java/io/FileNotFoundException'> (0x00000000db805768) thrown at [C:\src\AOSP-openjdk-git\hotspot\src\share\vm\prims\jni.cpp, line 710]
Event: 61.774 Thread 0x000000001b39b800 Exception <a 'java/io/FileNotFoundException'> (0x00000000db8215c8) thrown at [C:\src\AOSP-openjdk-git\hotspot\src\share\vm\prims\jni.cpp, line 710]
Event: 61.804 Thread 0x000000001b3a0800 Implicit null exception at 0x0000000004665797 to 0x0000000004665af9
Event: 61.854 Thread 0x000000001b3a0800 Implicit null exception at 0x000000000446347d to 0x000000000446397d
Event: 64.725 Thread 0x000000001b3a0800 Implicit null exception at 0x000000000478212e to 0x000000000477fc59
Event: 64.805 Thread 0x000000001b3a0800 Exception <a 'java/lang/NoSuchMethodError': <clinit>> (0x00000000dff52528) thrown at [C:\src\AOSP-openjdk-git\hotspot\src\share\vm\prims\jni.cpp, line 1615]
Event: 64.806 Thread 0x000000001b3a0800 Exception <a 'java/lang/NoSuchMethodError': <clinit>> (0x00000000dff62948) thrown at [C:\src\AOSP-openjdk-git\hotspot\src\share\vm\prims\jni.cpp, line 1615]
Event: 64.807 Thread 0x000000001b3a0800 Exception <a 'java/lang/NoSuchMethodError': <clinit>> (0x00000000dff761a0) thrown at [C:\src\AOSP-openjdk-git\hotspot\src\share\vm\prims\jni.cpp, line 1615]

Events (10 events):
Event: 65.024 loading class com/android/utils/GrabProcessOutput$Wait
Event: 65.024 loading class com/android/utils/GrabProcessOutput$Wait done
Event: 65.025 loading class com/android/utils/GrabProcessOutput
Event: 65.025 loading class com/android/utils/GrabProcessOutput done
Event: 65.026 loading class com/android/utils/GrabProcessOutput$1
Event: 65.026 loading class com/android/utils/GrabProcessOutput$1 done
Event: 65.026 loading class com/android/utils/GrabProcessOutput$2
Event: 65.026 loading class com/android/utils/GrabProcessOutput$2 done
Event: 65.028 Thread 0x000000001afcf800 Thread added: 0x000000001afcf800
Event: 65.029 Thread 0x000000001afce000 Thread added: 0x000000001afce000


Dynamic libraries:
0x00007ff7e9dc0000 - 0x00007ff7e9df1000 	D:\Android Studio\jre\bin\java.exe
0x00007ff9e5f50000 - 0x00007ff9e6145000 	C:\WINDOWS\SYSTEM32\ntdll.dll
0x00007ff9e58c0000 - 0x00007ff9e597d000 	C:\WINDOWS\System32\KERNEL32.DLL
0x00007ff9e3720000 - 0x00007ff9e39e8000 	C:\WINDOWS\System32\KERNELBASE.dll
0x00007ff9e5760000 - 0x00007ff9e580c000 	C:\WINDOWS\System32\ADVAPI32.dll
0x00007ff9e4c10000 - 0x00007ff9e4cae000 	C:\WINDOWS\System32\msvcrt.dll
0x00007ff9e5d90000 - 0x00007ff9e5e2b000 	C:\WINDOWS\System32\sechost.dll
0x00007ff9e5be0000 - 0x00007ff9e5d0b000 	C:\WINDOWS\System32\RPCRT4.dll
0x00007ff9e59e0000 - 0x00007ff9e5b80000 	C:\WINDOWS\System32\USER32.dll
0x00007ff9e3c80000 - 0x00007ff9e3ca2000 	C:\WINDOWS\System32\win32u.dll
0x00007ff9e4e50000 - 0x00007ff9e4e7a000 	C:\WINDOWS\System32\GDI32.dll
0x00007ff9e3b70000 - 0x00007ff9e3c7b000 	C:\WINDOWS\System32\gdi32full.dll
0x00007ff9e3ad0000 - 0x00007ff9e3b6d000 	C:\WINDOWS\System32\msvcp_win.dll
0x00007ff9e3cb0000 - 0x00007ff9e3db0000 	C:\WINDOWS\System32\ucrtbase.dll
0x00007ff9dbad0000 - 0x00007ff9dbd6a000 	C:\WINDOWS\WinSxS\amd64_microsoft.windows.common-controls_6595b64144ccf1df_6.0.19041.844_none_ca00b6081b84eb1d\COMCTL32.dll
0x00007ff9e5730000 - 0x00007ff9e5760000 	C:\WINDOWS\System32\IMM32.DLL
0x0000000074120000 - 0x00000000741f2000 	D:\Android Studio\jre\jre\bin\msvcr100.dll
0x0000000074b50000 - 0x000000007539b000 	D:\Android Studio\jre\jre\bin\server\jvm.dll
0x00007ff9e5300000 - 0x00007ff9e5308000 	C:\WINDOWS\System32\PSAPI.DLL
0x00007ff9d5a80000 - 0x00007ff9d5aa7000 	C:\WINDOWS\SYSTEM32\WINMM.dll
0x00007ff9d3280000 - 0x00007ff9d3289000 	C:\WINDOWS\SYSTEM32\WSOCK32.dll
0x00007ff9dcd50000 - 0x00007ff9dcd5a000 	C:\WINDOWS\SYSTEM32\VERSION.dll
0x00007ff9e5370000 - 0x00007ff9e53db000 	C:\WINDOWS\System32\WS2_32.dll
0x00007ff9e1050000 - 0x00007ff9e105f000 	D:\Android Studio\jre\jre\bin\verify.dll
0x00007ff9dc010000 - 0x00007ff9dc039000 	D:\Android Studio\jre\jre\bin\java.dll
0x00007ff9da320000 - 0x00007ff9da336000 	D:\Android Studio\jre\jre\bin\zip.dll
0x00007ff9e4050000 - 0x00007ff9e4792000 	C:\WINDOWS\System32\SHELL32.dll
0x00007ff9e1860000 - 0x00007ff9e1ff1000 	C:\WINDOWS\SYSTEM32\windows.storage.dll
0x00007ff9e4e80000 - 0x00007ff9e51d5000 	C:\WINDOWS\System32\combase.dll
0x00007ff9e30c0000 - 0x00007ff9e30ec000 	C:\WINDOWS\SYSTEM32\Wldp.dll
0x00007ff9e4cb0000 - 0x00007ff9e4d5e000 	C:\WINDOWS\System32\SHCORE.dll
0x00007ff9e5b80000 - 0x00007ff9e5bd5000 	C:\WINDOWS\System32\shlwapi.dll
0x00007ff9e3660000 - 0x00007ff9e367f000 	C:\WINDOWS\SYSTEM32\profapi.dll
0x00007ff9da300000 - 0x00007ff9da31a000 	D:\Android Studio\jre\jre\bin\net.dll
0x00007ff9e2e30000 - 0x00007ff9e2e9a000 	C:\WINDOWS\system32\mswsock.dll
0x00007ff9d3bd0000 - 0x00007ff9d3be3000 	D:\Android Studio\jre\jre\bin\nio.dll
0x00007ff9b5920000 - 0x00007ff9b5947000 	C:\Users\smart 1234\.gradle\native\f6784746aeab05261644944871eae4fe03e0ef1612fff0a4a95f87b438bc6780\windows-amd64\native-platform.dll
0x00007ff9df480000 - 0x00007ff9df48d000 	D:\Android Studio\jre\jre\bin\management.dll
0x00007ff9e3000000 - 0x00007ff9e3018000 	C:\WINDOWS\SYSTEM32\CRYPTSP.dll
0x00007ff9e27d0000 - 0x00007ff9e2804000 	C:\WINDOWS\system32\rsaenh.dll
0x00007ff9e3db0000 - 0x00007ff9e3dd7000 	C:\WINDOWS\System32\bcrypt.dll
0x00007ff9e3620000 - 0x00007ff9e364e000 	C:\WINDOWS\SYSTEM32\USERENV.dll
0x00007ff9e39f0000 - 0x00007ff9e3a70000 	C:\WINDOWS\System32\bcryptprimitives.dll
0x00007ff9e3020000 - 0x00007ff9e302c000 	C:\WINDOWS\SYSTEM32\CRYPTBASE.dll
0x00007ff9e2b20000 - 0x00007ff9e2b5b000 	C:\WINDOWS\SYSTEM32\IPHLPAPI.DLL
0x00007ff9e5720000 - 0x00007ff9e5728000 	C:\WINDOWS\System32\NSI.dll
0x00007ff9dc880000 - 0x00007ff9dc897000 	C:\WINDOWS\SYSTEM32\dhcpcsvc6.DLL
0x00007ff9dcca0000 - 0x00007ff9dccbd000 	C:\WINDOWS\SYSTEM32\dhcpcsvc.DLL
0x00007ff9e2b60000 - 0x00007ff9e2c2c000 	C:\WINDOWS\SYSTEM32\DNSAPI.dll
0x00007ff9dce00000 - 0x00007ff9dce0b000 	C:\WINDOWS\SYSTEM32\WINNSI.DLL
0x00007ff9c67a0000 - 0x00007ff9c67c4000 	D:\Android Studio\jre\jre\bin\sunec.dll
0x00007ff9d4910000 - 0x00007ff9d491a000 	C:\Windows\System32\rasadhlp.dll
0x00007ff9d5de0000 - 0x00007ff9d5e5f000 	C:\WINDOWS\System32\fwpuclnt.dll
0x00007ff9dde30000 - 0x00007ff9dde3b000 	D:\Android Studio\jre\jre\bin\sunmscapi.dll
0x00007ff9e3e30000 - 0x00007ff9e3f8f000 	C:\WINDOWS\System32\CRYPT32.dll
0x00007ff9abc70000 - 0x00007ff9abe0c000 	D:\Android Studio\jre\jre\bin\awt.dll
0x00007ff9e4d60000 - 0x00007ff9e4e2d000 	C:\WINDOWS\System32\OLEAUT32.dll
0x00007ff9e1550000 - 0x00007ff9e157f000 	C:\WINDOWS\SYSTEM32\dwmapi.dll
0x00007ff9df970000 - 0x00007ff9dff30000 	C:\WINDOWS\SYSTEM32\d2d1.dll
0x00007ff9e10d0000 - 0x00007ff9e1160000 	C:\WINDOWS\SYSTEM32\apphelp.dll
0x00007ff9e11a0000 - 0x00007ff9e123e000 	C:\WINDOWS\system32\uxtheme.dll

VM Arguments:
jvm_args: -Xmx2048m -Dfile.encoding=UTF-8 -Duser.country=US -Duser.language=en -Duser.variant 
java_command: org.gradle.launcher.daemon.bootstrap.GradleDaemon 6.5
java_class_path (initial): C:\Users\smart 1234\.gradle\wrapper\dists\gradle-6.5-bin\6nifqtx7604sqp1q6g8wikw7p\gradle-6.5\lib\gradle-launcher-6.5.jar
Launcher Type: SUN_STANDARD

Environment Variables:
PATH=C:\Program Files\Common Files\Oracle\Java\javapath;C:\orant\bin;C:\WINDOWS\system32;C:\WINDOWS;C:\WINDOWS\System32\Wbem;C:\WINDOWS\System32\WindowsPowerShell\v1.0\;C:\Program Files (x86)\Microsoft SQL Server\100\Tools\Binn\;C:\Program Files\Microsoft SQL Server\100\Tools\Binn\;C:\Program Files\Microsoft SQL Server\100\DTS\Binn\;C:\Program Files (x86)\GtkSharp\2.12\bin;C:\Program Files (x86)\GtkSharp\bin;C:\orant\jdk\bin;D:\Git\cmd;C:\WINDOWS\System32\OpenSSH\;D:\Xampp\php;D:\Composer;C:\Program Files\Java\jdk-15\bin;C:\Users\smart 1234\AppData\Local\Microsoft\WindowsApps;;C:\Program Files\Azure Data Studio\bin;C:\Program Files\Azure Data Studio\bin;C:\Program Files\Azure Data Studio\bin;C:\Users\smart 1234\AppData\Roaming\Composer\vendor\bin;C:\Program Files\Azure Data Studio\bin;D:\Microsoft VS Code\bin
USERNAME=smart 1234
OS=Windows_NT
PROCESSOR_IDENTIFIER=Intel64 Family 6 Model 78 Stepping 3, GenuineIntel



---------------  S Y S T E M  ---------------

OS: Windows 10.0 , 64 bit Build 19041 (10.0.19041.928)

CPU:total 4 (initial active 4) (2 cores per cpu, 2 threads per core) family 6 model 78 stepping 3, cmov, cx8, fxsr, mmx, sse, sse2, sse3, ssse3, sse4.1, sse4.2, popcnt, avx, avx2, aes, clmul, erms, 3dnowpref, lzcnt, ht, tsc, tscinvbit, bmi1, bmi2, adx

Memory: 4k page, physical 8244072k(1588388k free), swap 26539108k(4872k free)

vm_info: OpenJDK 64-Bit Server VM (25.242-b01) for windows-amd64 JRE (1.8.0_242-release-1644-b01), built by "builder" with MS VC++ 10.0 (VS2010)

time: Fri Apr 23 10:32:04 2021
timezone: Pakistan Standard Time
elapsed time: 65 seconds (0d 0h 1m 5s)

